2018-09-04 17:59:56,823 - root - INFO - SUCCESS    Start a new browser: Chrome, Spend 5.233299493789673 seconds
2018-09-04 17:59:57,815 - root - INFO - SUCCESS    Navigated to http://192.168.18.172, Spend 0.9910569190979004 seconds
2018-09-04 17:59:58,948 - root - INFO - SUCCESS    Set browser window maximized, Spend 1.1310646533966064 seconds
2018-09-04 17:59:58,950 - root - INFO - SUCCESS    Set wait all element display in 5 seconds, Spend 0.0009999275207519531 seconds
2018-09-04 17:59:59,079 - root - INFO - SUCCESS    Clear and type element: <name->LoginForm[username]> content: 1001, Spend 0.1260068416595459 seconds
2018-09-04 17:59:59,200 - root - INFO - SUCCESS    Clear and type element: <name->LoginForm[password]> content: 1001, Spend 0.12100696563720703 seconds
2018-09-04 17:59:59,202 - root - INFO - SUCCESS    Set wait all element display in 3 seconds, Spend 0.002000093460083008 seconds
2018-09-04 17:59:59,302 - root - INFO - SUCCESS    Clicked element: <id->login_btn>, Spend 0.10100555419921875 seconds
2018-09-04 17:59:59,303 - root - INFO - SUCCESS    Set wait all element display in 20 seconds, Spend 0.0009999275207519531 seconds
2018-09-04 18:00:09,830 - root - INFO - SUCCESS    Get the current window screenshot,path: E:\python excercise\JUST\JustCC\report\image\login\login.png, Spend 0.5120294094085693 seconds
2018-09-04 18:00:11,838 - root - INFO - ############################### START ###############################
2018-09-04 18:00:16,944 - root - INFO - SUCCESS    Start a new browser: Chrome, Spend 5.106292009353638 seconds
2018-09-04 18:00:18,094 - root - INFO - SUCCESS    Navigated to http://192.168.18.172, Spend 1.1490657329559326 seconds
2018-09-04 18:00:18,096 - root - INFO - SUCCESS    Set wait all element display in 10 seconds, Spend 0.0009999275207519531 seconds
2018-09-04 18:00:21,218 - root - INFO - SUCCESS    Set browser window maximized, Spend 1.1210641860961914 seconds
2018-09-04 18:00:21,253 - root - INFO - SUCCESS    Set wait all element display in 5 seconds, Spend 0.0009999275207519531 seconds
2018-09-04 18:00:21,408 - root - INFO - SUCCESS    Clear and type element: <name->LoginForm[username]> content: admin, Spend 0.1520087718963623 seconds
2018-09-04 18:00:21,535 - root - INFO - SUCCESS    Clear and type element: <name->LoginForm[password]> content: admin, Spend 0.1260073184967041 seconds
2018-09-04 18:00:21,536 - root - INFO - SUCCESS    Set wait all element display in 3 seconds, Spend 0.0009999275207519531 seconds
2018-09-04 18:00:21,641 - root - INFO - SUCCESS    Clicked element: <id->login_btn>, Spend 0.10400605201721191 seconds
2018-09-04 18:00:21,647 - root - INFO - SUCCESS    Set wait all element display in 20 seconds, Spend 0.004000425338745117 seconds
2018-09-04 18:00:32,006 - root - INFO - SUCCESS    Get the current window screenshot,path: E:\python excercise\JUST\JustCC\report\image\login\login.png, Spend 0.350020170211792 seconds
2018-09-04 18:00:34,012 - root - INFO - SUCCESS    Get current window title, Spend 0.005000114440917969 seconds
2018-09-04 18:00:37,086 - root - INFO - SUCCESS    Closed all window and quit the driver, Spend 3.0731756687164307 seconds
2018-09-04 18:00:37,087 - root - INFO - ###############################  End  ###############################
2018-09-04 18:00:37,087 - root - INFO - ############################### START ###############################
2018-09-04 18:00:42,643 - root - INFO - SUCCESS    Start a new browser: Chrome, Spend 5.5553178787231445 seconds
2018-09-04 18:00:43,423 - root - INFO - SUCCESS    Navigated to http://192.168.18.172, Spend 0.7800447940826416 seconds
2018-09-04 18:00:43,431 - root - INFO - SUCCESS    Set wait all element display in 10 seconds, Spend 0.005000114440917969 seconds
2018-09-04 18:00:46,559 - root - INFO - SUCCESS    Set browser window maximized, Spend 1.1270647048950195 seconds
2018-09-04 18:00:48,284 - root - INFO - SUCCESS    Set wait all element display in 10 seconds, Spend 0.009000301361083984 seconds
2018-09-04 18:00:48,295 - root - INFO - SUCCESS    Set wait all element display in 5 seconds, Spend 0.01000070571899414 seconds
2018-09-04 18:00:48,487 - root - INFO - SUCCESS    Typed element: <xpath->//*[@id="top_search"]> content: 13421344506, Spend 0.20101141929626465 seconds
2018-09-04 18:00:48,490 - root - INFO - SUCCESS    Set wait all element display in 5 seconds, Spend 0.002000093460083008 seconds
2018-09-04 18:00:48,512 - root - INFO - SUCCESS    Use javascript click element: $('.makeCall').click(), Spend 0.021001100540161133 seconds
2018-09-04 18:00:51,872 - root - INFO - SUCCESS    Get the current window screenshot,path: E:\python excercise\JUST\JustCC\report\image\toolbar\quickcall.png, Spend 0.359020471572876 seconds
2018-09-04 18:00:54,908 - root - INFO - SUCCESS    Closed all window and quit the driver, Spend 3.0351736545562744 seconds
2018-09-04 18:00:54,909 - root - INFO - ###############################  End  ###############################
2018-09-04 18:00:58,016 - root - INFO - 发送邮件成功
