2018-08-31 10:37:10,110 - root - INFO - SUCCESS    Start a new browser: Chrome, Spend 5.132293701171875 seconds
2018-08-31 10:37:13,698 - root - INFO - SUCCESS    Navigated to http://192.168.18.172, Spend 3.587205171585083 seconds
2018-08-31 10:37:14,854 - root - INFO - SUCCESS    Set browser window maximized, Spend 1.1530659198760986 seconds
2018-08-31 10:37:14,856 - root - INFO - SUCCESS    Set wait all element display in 5 seconds, Spend 0.0010001659393310547 seconds
2018-08-31 10:37:14,954 - root - INFO - SUCCESS    Clear and type element: <name->LoginForm[username]> content: 1001, Spend 0.09700560569763184 seconds
2018-08-31 10:37:15,033 - root - INFO - SUCCESS    Clear and type element: <name->LoginForm[password]> content: 1001, Spend 0.07800459861755371 seconds
2018-08-31 10:37:15,034 - root - INFO - SUCCESS    Set wait all element display in 3 seconds, Spend 0.0009999275207519531 seconds
2018-08-31 10:37:15,108 - root - INFO - SUCCESS    Clicked element: <id->login_btn>, Spend 0.0740041732788086 seconds
2018-08-31 10:37:15,109 - root - INFO - SUCCESS    Set wait all element display in 20 seconds, Spend 0.0010001659393310547 seconds
2018-08-31 10:37:25,455 - root - INFO - SUCCESS    Get the current window screenshot,path: E:\python excercise\JUST\JustCC\report\image\login\login.png, Spend 0.34001946449279785 seconds
2018-08-31 10:37:27,460 - root - INFO - ############################### START ###############################
2018-08-31 10:37:32,273 - root - INFO - SUCCESS    Start a new browser: Chrome, Spend 4.812275171279907 seconds
2018-08-31 10:37:35,202 - root - INFO - SUCCESS    Navigated to http://192.168.18.172, Spend 2.9271674156188965 seconds
2018-08-31 10:37:35,204 - root - INFO - SUCCESS    Set wait all element display in 10 seconds, Spend 0.002000093460083008 seconds
2018-08-31 10:37:38,319 - root - INFO - SUCCESS    Set browser window maximized, Spend 1.1140639781951904 seconds
2018-08-31 10:37:38,328 - root - INFO - SUCCESS    Set wait all element display in 5 seconds, Spend 0.0 seconds
2018-08-31 10:37:38,424 - root - INFO - SUCCESS    Clear and type element: <name->LoginForm[username]> content: admin, Spend 0.09500551223754883 seconds
2018-08-31 10:37:38,505 - root - INFO - SUCCESS    Clear and type element: <name->LoginForm[password]> content: admin, Spend 0.08100485801696777 seconds
2018-08-31 10:37:38,506 - root - INFO - SUCCESS    Set wait all element display in 3 seconds, Spend 0.0009999275207519531 seconds
2018-08-31 10:37:38,573 - root - INFO - SUCCESS    Clicked element: <id->login_btn>, Spend 0.06700396537780762 seconds
2018-08-31 10:37:38,574 - root - INFO - SUCCESS    Set wait all element display in 20 seconds, Spend 0.0010001659393310547 seconds
2018-08-31 10:37:48,899 - root - INFO - SUCCESS    Get the current window screenshot,path: E:\python excercise\JUST\JustCC\report\image\login\login.png, Spend 0.3190183639526367 seconds
2018-08-31 10:37:50,903 - root - INFO - SUCCESS    Get current window title, Spend 0.0030002593994140625 seconds
2018-08-31 10:37:53,993 - root - INFO - SUCCESS    Closed all window and quit the driver, Spend 3.090176582336426 seconds
2018-08-31 10:37:53,994 - root - INFO - ###############################  End  ###############################
2018-08-31 10:37:57,036 - root - INFO - 发送邮件成功
2018-08-31 14:44:55,285 - root - INFO - SUCCESS    Start a new browser: Chrome, Spend 4.921281576156616 seconds
2018-08-31 14:44:56,736 - root - INFO - SUCCESS    Navigated to http://192.168.18.172, Spend 1.4500830173492432 seconds
2018-08-31 14:44:57,853 - root - INFO - SUCCESS    Set browser window maximized, Spend 1.1160638332366943 seconds
2018-08-31 14:44:57,854 - root - INFO - SUCCESS    Set wait all element display in 5 seconds, Spend 0.0009999275207519531 seconds
2018-08-31 14:44:57,940 - root - INFO - SUCCESS    Clear and type element: <name->LoginForm[username]> content: 1001, Spend 0.08600497245788574 seconds
2018-08-31 14:44:58,017 - root - INFO - SUCCESS    Clear and type element: <name->LoginForm[password]> content: 1001, Spend 0.07500433921813965 seconds
2018-08-31 14:44:58,018 - root - INFO - SUCCESS    Set wait all element display in 3 seconds, Spend 0.0010001659393310547 seconds
2018-08-31 14:44:58,088 - root - INFO - SUCCESS    Clicked element: <id->login_btn>, Spend 0.07000422477722168 seconds
2018-08-31 14:44:58,089 - root - INFO - SUCCESS    Set wait all element display in 20 seconds, Spend 0.0009999275207519531 seconds
2018-08-31 14:45:08,534 - root - INFO - SUCCESS    Get the current window screenshot,path: E:\python excercise\JUST\JustCC\report\image\login\login.png, Spend 0.44002532958984375 seconds
2018-08-31 14:45:10,539 - root - INFO - ############################### START ###############################
2018-08-31 14:45:15,378 - root - INFO - SUCCESS    Start a new browser: Chrome, Spend 4.8372766971588135 seconds
2018-08-31 14:45:16,417 - root - INFO - SUCCESS    Navigated to http://192.168.18.172, Spend 1.0380594730377197 seconds
2018-08-31 14:45:16,418 - root - INFO - SUCCESS    Set wait all element display in 10 seconds, Spend 0.0010004043579101562 seconds
2018-08-31 14:45:19,674 - root - INFO - SUCCESS    Set browser window maximized, Spend 1.2550716400146484 seconds
2018-08-31 14:45:19,688 - root - INFO - SUCCESS    Set wait all element display in 5 seconds, Spend 0.0009999275207519531 seconds
2018-08-31 14:45:19,778 - root - INFO - SUCCESS    Clear and type element: <name->LoginForm[username]> content: admin, Spend 0.0890049934387207 seconds
2018-08-31 14:45:19,857 - root - INFO - SUCCESS    Clear and type element: <name->LoginForm[password]> content: admin, Spend 0.07800436019897461 seconds
2018-08-31 14:45:19,858 - root - INFO - SUCCESS    Set wait all element display in 3 seconds, Spend 0.0 seconds
2018-08-31 14:45:19,928 - root - INFO - SUCCESS    Clicked element: <id->login_btn>, Spend 0.07000398635864258 seconds
2018-08-31 14:45:19,930 - root - INFO - SUCCESS    Set wait all element display in 20 seconds, Spend 0.0009999275207519531 seconds
2018-08-31 14:45:30,273 - root - INFO - SUCCESS    Get the current window screenshot,path: E:\python excercise\JUST\JustCC\report\image\login\login.png, Spend 0.3370194435119629 seconds
2018-08-31 14:45:32,276 - root - INFO - SUCCESS    Get current window title, Spend 0.0030002593994140625 seconds
2018-08-31 14:45:35,324 - root - INFO - SUCCESS    Closed all window and quit the driver, Spend 3.0471742153167725 seconds
2018-08-31 14:45:35,325 - root - INFO - ###############################  End  ###############################
2018-08-31 14:45:48,488 - root - INFO - 发送邮件成功
2018-08-31 14:49:09,418 - root - INFO - SUCCESS    Start a new browser: Chrome, Spend 8.499486207962036 seconds
2018-08-31 14:49:10,922 - root - INFO - SUCCESS    Navigated to http://192.168.18.172, Spend 1.4870851039886475 seconds
2018-08-31 14:49:11,117 - root - INFO - SUCCESS    Start a new browser: Chrome, Spend 9.588548183441162 seconds
2018-08-31 14:49:11,271 - root - INFO - SUCCESS    Start a new browser: Chrome, Spend 9.201526165008545 seconds
2018-08-31 14:49:11,527 - root - INFO - SUCCESS    Start a new browser: Chrome, Spend 9.810560941696167 seconds
2018-08-31 14:49:11,527 - root - INFO - SUCCESS    Start a new browser: Chrome, Spend 9.64155125617981 seconds
2018-08-31 14:49:11,915 - root - INFO - SUCCESS    Start a new browser: Chrome, Spend 9.688554286956787 seconds
2018-08-31 14:49:12,139 - root - INFO - SUCCESS    Set browser window maximized, Spend 1.207068920135498 seconds
2018-08-31 14:49:12,147 - root - INFO - SUCCESS    Set wait all element display in 5 seconds, Spend 0.003999948501586914 seconds
2018-08-31 14:49:12,221 - root - INFO - SUCCESS    Navigated to http://192.168.18.172, Spend 0.30501747131347656 seconds
2018-08-31 14:49:12,350 - root - INFO - SUCCESS    Clear and type element: <name->LoginForm[username]> content: 1001, Spend 0.19801115989685059 seconds
2018-08-31 14:49:12,451 - root - INFO - SUCCESS    Clear and type element: <name->LoginForm[password]> content: 1001, Spend 0.1000058650970459 seconds
2018-08-31 14:49:12,452 - root - INFO - SUCCESS    Set wait all element display in 3 seconds, Spend 0.0010004043579101562 seconds
2018-08-31 14:49:12,525 - root - INFO - SUCCESS    Clicked element: <id->login_btn>, Spend 0.0740046501159668 seconds
2018-08-31 14:49:12,528 - root - INFO - SUCCESS    Set wait all element display in 20 seconds, Spend 0.0010001659393310547 seconds
2018-08-31 14:49:13,283 - root - INFO - SUCCESS    Navigated to http://192.168.18.172, Spend 1.7551004886627197 seconds
2018-08-31 14:49:14,334 - root - INFO - SUCCESS    Navigated to http://192.168.18.172, Spend 3.0621752738952637 seconds
2018-08-31 14:49:15,247 - root - INFO - SUCCESS    Navigated to http://192.168.18.172, Spend 3.718212842941284 seconds
2018-08-31 14:49:15,339 - root - INFO - SUCCESS    Navigated to http://192.168.18.172, Spend 4.22024130821228 seconds
2018-08-31 14:49:22,407 - root - INFO - SUCCESS    Set browser window maximized, Spend 10.179582118988037 seconds
2018-08-31 14:49:22,409 - root - INFO - SUCCESS    Set wait all element display in 5 seconds, Spend 0.0 seconds
2018-08-31 14:49:22,410 - root - INFO - FAIL    Unable to clear and type element: <name->LoginForm[username]> content: 1001, Spend 0.0 seconds
2018-08-31 14:49:22,864 - root - INFO - SUCCESS    Get the current window screenshot,path: E:\python excercise\JUST\JustCC\report\image\login\login.png, Spend 0.33101892471313477 seconds
2018-08-31 14:49:23,430 - root - INFO - SUCCESS    Set browser window maximized, Spend 10.135579586029053 seconds
2018-08-31 14:49:23,431 - root - INFO - SUCCESS    Set wait all element display in 5 seconds, Spend 0.0009999275207519531 seconds
2018-08-31 14:49:23,433 - root - INFO - FAIL    Unable to clear and type element: <name->LoginForm[username]> content: 1001, Spend 0.0 seconds
2018-08-31 14:49:24,608 - root - INFO - SUCCESS    Set browser window maximized, Spend 10.260586738586426 seconds
2018-08-31 14:49:24,609 - root - INFO - SUCCESS    Set wait all element display in 5 seconds, Spend 0.0010001659393310547 seconds
2018-08-31 14:49:24,610 - root - INFO - FAIL    Unable to clear and type element: <name->LoginForm[username]> content: 1001, Spend 0.0010001659393310547 seconds
2018-08-31 14:49:25,328 - root - INFO - SUCCESS    Set browser window maximized, Spend 10.076576471328735 seconds
2018-08-31 14:49:25,329 - root - INFO - SUCCESS    Set wait all element display in 5 seconds, Spend 0.0010001659393310547 seconds
2018-08-31 14:49:25,331 - root - INFO - FAIL    Unable to clear and type element: <name->LoginForm[username]> content: 1001, Spend 0.0009999275207519531 seconds
2018-08-31 14:49:25,435 - root - INFO - SUCCESS    Set browser window maximized, Spend 10.094577312469482 seconds
2018-08-31 14:49:25,436 - root - INFO - SUCCESS    Set wait all element display in 5 seconds, Spend 0.0010004043579101562 seconds
2018-08-31 14:49:27,820 - root - INFO - SUCCESS    Start a new browser: Chrome, Spend 4.92428183555603 seconds
2018-08-31 14:49:27,982 - root - INFO - 发送邮件成功
2018-08-31 14:49:29,471 - root - INFO - FAIL    Unable to clear and type element: <name->LoginForm[username]> content: 1001, Spend 4.03523063659668 seconds
2018-08-31 14:49:29,657 - root - INFO - SUCCESS    Start a new browser: Chrome, Spend 5.94133996963501 seconds
2018-08-31 14:49:30,172 - root - INFO - SUCCESS    Navigated to http://192.168.18.172, Spend 2.3511343002319336 seconds
2018-08-31 14:49:31,452 - root - INFO - SUCCESS    Start a new browser: Chrome, Spend 6.559375047683716 seconds
2018-08-31 14:49:31,500 - root - INFO - SUCCESS    Set browser window maximized, Spend 1.2920739650726318 seconds
2018-08-31 14:49:31,516 - root - INFO - SUCCESS    Set wait all element display in 5 seconds, Spend 0.003000020980834961 seconds
2018-08-31 14:49:31,761 - root - INFO - SUCCESS    Clear and type element: <name->LoginForm[username]> content: 1001, Spend 0.24001359939575195 seconds
2018-08-31 14:49:31,885 - root - INFO - SUCCESS    Clear and type element: <name->LoginForm[password]> content: 1001, Spend 0.12300705909729004 seconds
2018-08-31 14:49:31,887 - root - INFO - SUCCESS    Set wait all element display in 3 seconds, Spend 0.0009999275207519531 seconds
2018-08-31 14:49:31,918 - root - INFO - SUCCESS    Start a new browser: Chrome, Spend 6.2733588218688965 seconds
2018-08-31 14:49:32,060 - root - INFO - SUCCESS    Clicked element: <id->login_btn>, Spend 0.17500996589660645 seconds
2018-08-31 14:49:32,070 - root - INFO - SUCCESS    Set wait all element display in 20 seconds, Spend 0.008000612258911133 seconds
2018-08-31 14:49:35,806 - root - INFO - SUCCESS    Navigated to http://192.168.18.172, Spend 6.14635157585144 seconds
2018-08-31 14:49:36,959 - root - INFO - SUCCESS    Set browser window maximized, Spend 1.1520659923553467 seconds
2018-08-31 14:49:36,960 - root - INFO - SUCCESS    Set wait all element display in 5 seconds, Spend 0.0009999275207519531 seconds
2018-08-31 14:49:37,071 - root - INFO - SUCCESS    Clear and type element: <name->LoginForm[username]> content: 1001, Spend 0.11100649833679199 seconds
2018-08-31 14:49:37,153 - root - INFO - SUCCESS    Clear and type element: <name->LoginForm[password]> content: 1001, Spend 0.08000445365905762 seconds
2018-08-31 14:49:37,154 - root - INFO - SUCCESS    Set wait all element display in 3 seconds, Spend 0.0010001659393310547 seconds
2018-08-31 14:49:37,223 - root - INFO - SUCCESS    Clicked element: <id->login_btn>, Spend 0.06900405883789062 seconds
2018-08-31 14:49:37,225 - root - INFO - SUCCESS    Set wait all element display in 20 seconds, Spend 0.0010001659393310547 seconds
2018-08-31 14:49:37,338 - root - INFO - SUCCESS    Navigated to http://192.168.18.172, Spend 5.880336284637451 seconds
2018-08-31 14:49:37,721 - root - INFO - SUCCESS    Navigated to http://192.168.18.172, Spend 5.8013317584991455 seconds
2018-08-31 14:49:38,462 - root - INFO - SUCCESS    Set browser window maximized, Spend 1.1220643520355225 seconds
2018-08-31 14:49:38,464 - root - INFO - SUCCESS    Set wait all element display in 5 seconds, Spend 0.0009999275207519531 seconds
2018-08-31 14:49:38,560 - root - INFO - SUCCESS    Clear and type element: <name->LoginForm[username]> content: 1001, Spend 0.09400534629821777 seconds
2018-08-31 14:49:38,638 - root - INFO - SUCCESS    Clear and type element: <name->LoginForm[password]> content: 1001, Spend 0.07800459861755371 seconds
2018-08-31 14:49:38,639 - root - INFO - SUCCESS    Set wait all element display in 3 seconds, Spend 0.0010001659393310547 seconds
2018-08-31 14:49:38,706 - root - INFO - SUCCESS    Clicked element: <id->login_btn>, Spend 0.06800413131713867 seconds
2018-08-31 14:49:38,708 - root - INFO - SUCCESS    Set wait all element display in 20 seconds, Spend 0.0010001659393310547 seconds
2018-08-31 14:49:38,844 - root - INFO - SUCCESS    Set browser window maximized, Spend 1.1220641136169434 seconds
2018-08-31 14:49:38,845 - root - INFO - SUCCESS    Set wait all element display in 5 seconds, Spend 0.0009999275207519531 seconds
2018-08-31 14:49:38,935 - root - INFO - SUCCESS    Clear and type element: <name->LoginForm[username]> content: 1001, Spend 0.0890049934387207 seconds
2018-08-31 14:49:39,013 - root - INFO - SUCCESS    Clear and type element: <name->LoginForm[password]> content: 1001, Spend 0.07700419425964355 seconds
2018-08-31 14:49:39,014 - root - INFO - SUCCESS    Set wait all element display in 3 seconds, Spend 0.0009999275207519531 seconds
2018-08-31 14:49:39,082 - root - INFO - SUCCESS    Clicked element: <id->login_btn>, Spend 0.06800389289855957 seconds
2018-08-31 14:49:39,084 - root - INFO - SUCCESS    Set wait all element display in 20 seconds, Spend 0.0009999275207519531 seconds
2018-08-31 14:49:42,576 - root - INFO - SUCCESS    Get the current window screenshot,path: E:\python excercise\JUST\JustCC\report\image\login\login.png, Spend 0.4890279769897461 seconds
2018-08-31 14:49:47,623 - root - INFO - 发送邮件成功
2018-08-31 14:49:47,716 - root - INFO - SUCCESS    Get the current window screenshot,path: E:\python excercise\JUST\JustCC\report\image\login\login.png, Spend 0.4870278835296631 seconds
2018-08-31 14:49:49,472 - root - INFO - SUCCESS    Get the current window screenshot,path: E:\python excercise\JUST\JustCC\report\image\login\login.png, Spend 0.7260415554046631 seconds
2018-08-31 14:49:49,601 - root - INFO - SUCCESS    Get the current window screenshot,path: E:\python excercise\JUST\JustCC\report\image\login\login.png, Spend 0.5130295753479004 seconds
2018-08-31 14:49:52,765 - root - INFO - 发送邮件成功
2018-08-31 14:49:54,539 - root - INFO - 发送邮件成功
2018-08-31 17:33:56,369 - root - INFO - SUCCESS    Start a new browser: Chrome, Spend 12.938739776611328 seconds
2018-08-31 17:33:57,682 - root - INFO - SUCCESS    Navigated to http://192.168.18.172, Spend 1.311075210571289 seconds
2018-08-31 17:33:58,816 - root - INFO - SUCCESS    Set browser window maximized, Spend 1.1320648193359375 seconds
2018-08-31 17:33:58,817 - root - INFO - SUCCESS    Set wait all element display in 5 seconds, Spend 0.0010001659393310547 seconds
2018-08-31 17:33:58,980 - root - INFO - SUCCESS    Clear and type element: <name->LoginForm[username]> content: 1001, Spend 0.1610090732574463 seconds
2018-08-31 17:33:59,061 - root - INFO - SUCCESS    Clear and type element: <name->LoginForm[password]> content: 1001, Spend 0.08100461959838867 seconds
2018-08-31 17:33:59,063 - root - INFO - SUCCESS    Set wait all element display in 3 seconds, Spend 0.0009999275207519531 seconds
2018-08-31 17:33:59,137 - root - INFO - SUCCESS    Clicked element: <id->login_btn>, Spend 0.0740041732788086 seconds
2018-08-31 17:33:59,141 - root - INFO - SUCCESS    Set wait all element display in 20 seconds, Spend 0.002000093460083008 seconds
2018-08-31 17:34:09,396 - root - INFO - SUCCESS    Start a new browser: Chrome, Spend 5.191296815872192 seconds
2018-08-31 17:34:11,641 - root - INFO - SUCCESS    Navigated to http://192.168.18.172, Spend 2.2431282997131348 seconds
2018-08-31 17:34:12,773 - root - INFO - SUCCESS    Set browser window maximized, Spend 1.1300647258758545 seconds
2018-08-31 17:34:12,774 - root - INFO - SUCCESS    Set wait all element display in 5 seconds, Spend 0.0010004043579101562 seconds
2018-08-31 17:34:12,867 - root - INFO - SUCCESS    Clear and type element: <name->LoginForm[username]> content: 1001, Spend 0.09300494194030762 seconds
2018-08-31 17:34:12,987 - root - INFO - SUCCESS    Clear and type element: <name->LoginForm[password]> content: 1001, Spend 0.12000703811645508 seconds
2018-08-31 17:34:12,989 - root - INFO - SUCCESS    Set wait all element display in 3 seconds, Spend 0.0009999275207519531 seconds
2018-08-31 17:34:13,077 - root - INFO - SUCCESS    Clicked element: <id->login_btn>, Spend 0.08800506591796875 seconds
2018-08-31 17:34:13,087 - root - INFO - SUCCESS    Set wait all element display in 20 seconds, Spend 0.008000373840332031 seconds
2018-08-31 17:34:15,177 - root - INFO - FAIL    Unable to get the current window screenshot,path: E:\python excercise\JUST\JustCC\report\image\login\login.png, Spend 6.0283448696136475 seconds
2018-08-31 17:34:24,136 - root - INFO - SUCCESS    Get the current window screenshot,path: E:\python excercise\JUST\JustCC\report\image\login\login.png, Spend 1.0240583419799805 seconds
2018-08-31 17:34:26,140 - root - INFO - ############################### START ###############################
2018-08-31 17:34:32,078 - root - INFO - SUCCESS    Start a new browser: Chrome, Spend 5.936339855194092 seconds
2018-08-31 17:34:35,556 - root - INFO - SUCCESS    Navigated to http://192.168.18.172, Spend 3.477198839187622 seconds
2018-08-31 17:34:35,557 - root - INFO - SUCCESS    Set wait all element display in 10 seconds, Spend 0.0010001659393310547 seconds
2018-08-31 17:34:38,689 - root - INFO - SUCCESS    Set browser window maximized, Spend 1.1290647983551025 seconds
2018-08-31 17:34:38,782 - root - INFO - SUCCESS    Set wait all element display in 5 seconds, Spend 0.0009999275207519531 seconds
2018-08-31 17:34:38,911 - root - INFO - SUCCESS    Clear and type element: <name->LoginForm[username]> content: admin, Spend 0.12900733947753906 seconds
2018-08-31 17:34:38,994 - root - INFO - SUCCESS    Clear and type element: <name->LoginForm[password]> content: admin, Spend 0.08100485801696777 seconds
2018-08-31 17:34:38,995 - root - INFO - SUCCESS    Set wait all element display in 3 seconds, Spend 0.0010001659393310547 seconds
2018-08-31 17:34:39,065 - root - INFO - SUCCESS    Clicked element: <id->login_btn>, Spend 0.07000398635864258 seconds
2018-08-31 17:34:39,067 - root - INFO - SUCCESS    Set wait all element display in 20 seconds, Spend 0.0010001659393310547 seconds
2018-08-31 17:34:49,438 - root - INFO - SUCCESS    Get the current window screenshot,path: E:\python excercise\JUST\JustCC\report\image\login\login.png, Spend 0.3300185203552246 seconds
2018-08-31 17:34:51,443 - root - INFO - SUCCESS    Get current window title, Spend 0.003000497817993164 seconds
2018-08-31 17:34:54,568 - root - INFO - SUCCESS    Closed all window and quit the driver, Spend 3.125178813934326 seconds
2018-08-31 17:34:54,569 - root - INFO - ###############################  End  ###############################
2018-08-31 17:34:57,640 - root - INFO - 发送邮件成功
2018-08-31 17:35:16,256 - root - INFO - SUCCESS    Start a new browser: Chrome, Spend 5.233299255371094 seconds
2018-08-31 17:35:18,316 - root - INFO - SUCCESS    Navigated to http://192.168.18.172, Spend 2.0571177005767822 seconds
2018-08-31 17:35:19,583 - root - INFO - SUCCESS    Set browser window maximized, Spend 1.2650725841522217 seconds
2018-08-31 17:35:19,584 - root - INFO - SUCCESS    Set wait all element display in 5 seconds, Spend 0.0010001659393310547 seconds
2018-08-31 17:35:19,786 - root - INFO - SUCCESS    Clear and type element: <name->LoginForm[username]> content: 1001, Spend 0.19701123237609863 seconds
2018-08-31 17:35:19,922 - root - INFO - SUCCESS    Clear and type element: <name->LoginForm[password]> content: 1001, Spend 0.12900733947753906 seconds
2018-08-31 17:35:19,924 - root - INFO - SUCCESS    Set wait all element display in 3 seconds, Spend 0.0009999275207519531 seconds
2018-08-31 17:35:19,997 - root - INFO - SUCCESS    Clicked element: <id->login_btn>, Spend 0.07400393486022949 seconds
2018-08-31 17:35:20,000 - root - INFO - SUCCESS    Set wait all element display in 20 seconds, Spend 0.0009999275207519531 seconds
2018-08-31 17:35:30,327 - root - INFO - SUCCESS    Get the current window screenshot,path: E:\python excercise\JUST\JustCC\report\image\login\login.png, Spend 0.32001829147338867 seconds
2018-08-31 17:35:32,490 - root - INFO - ############################### START ###############################
2018-08-31 17:35:38,194 - root - INFO - SUCCESS    Start a new browser: Chrome, Spend 5.704326391220093 seconds
2018-08-31 17:35:41,007 - root - INFO - SUCCESS    Navigated to http://192.168.18.172, Spend 2.8121609687805176 seconds
2018-08-31 17:35:41,012 - root - INFO - SUCCESS    Set wait all element display in 10 seconds, Spend 0.005000114440917969 seconds
2018-08-31 17:35:44,134 - root - INFO - SUCCESS    Set browser window maximized, Spend 1.1200642585754395 seconds
2018-08-31 17:35:44,146 - root - INFO - SUCCESS    Set wait all element display in 5 seconds, Spend 0.0 seconds
2018-08-31 17:35:44,249 - root - INFO - SUCCESS    Clear and type element: <name->LoginForm[username]> content: admin, Spend 0.10300588607788086 seconds
2018-08-31 17:35:44,324 - root - INFO - SUCCESS    Clear and type element: <name->LoginForm[password]> content: admin, Spend 0.0740041732788086 seconds
2018-08-31 17:35:44,325 - root - INFO - SUCCESS    Set wait all element display in 3 seconds, Spend 0.0009999275207519531 seconds
2018-08-31 17:35:44,392 - root - INFO - SUCCESS    Clicked element: <id->login_btn>, Spend 0.06700372695922852 seconds
2018-08-31 17:35:44,394 - root - INFO - SUCCESS    Set wait all element display in 20 seconds, Spend 0.002000093460083008 seconds
2018-08-31 17:35:54,721 - root - INFO - SUCCESS    Get the current window screenshot,path: E:\python excercise\JUST\JustCC\report\image\login\login.png, Spend 0.3210182189941406 seconds
2018-08-31 17:35:56,725 - root - INFO - SUCCESS    Get current window title, Spend 0.004000186920166016 seconds
2018-08-31 17:35:59,765 - root - INFO - SUCCESS    Closed all window and quit the driver, Spend 3.0401737689971924 seconds
2018-08-31 17:35:59,766 - root - INFO - ###############################  End  ###############################
2018-08-31 17:36:00,347 - root - INFO - SUCCESS    Start a new browser: Chrome, Spend 6.37136435508728 seconds
2018-08-31 17:36:02,824 - root - INFO - SUCCESS    Navigated to http://192.168.18.172, Spend 2.476141929626465 seconds
2018-08-31 17:36:02,835 - root - INFO - 发送邮件成功
2018-08-31 17:36:03,953 - root - INFO - SUCCESS    Set browser window maximized, Spend 1.1270644664764404 seconds
2018-08-31 17:36:03,954 - root - INFO - SUCCESS    Set wait all element display in 5 seconds, Spend 0.0010001659393310547 seconds
2018-08-31 17:36:04,041 - root - INFO - SUCCESS    Clear and type element: <name->LoginForm[username]> content: 1001, Spend 0.08600497245788574 seconds
2018-08-31 17:36:04,114 - root - INFO - SUCCESS    Clear and type element: <name->LoginForm[password]> content: 1001, Spend 0.07300424575805664 seconds
2018-08-31 17:36:04,115 - root - INFO - SUCCESS    Set wait all element display in 3 seconds, Spend 0.0009999275207519531 seconds
2018-08-31 17:36:04,183 - root - INFO - SUCCESS    Clicked element: <id->login_btn>, Spend 0.06800389289855957 seconds
2018-08-31 17:36:04,185 - root - INFO - SUCCESS    Set wait all element display in 20 seconds, Spend 0.0009999275207519531 seconds
2018-08-31 17:36:12,630 - root - INFO - SUCCESS    Start a new browser: Chrome, Spend 5.29230260848999 seconds
2018-08-31 17:36:14,213 - root - INFO - SUCCESS    Navigated to http://192.168.18.172, Spend 1.5820906162261963 seconds
2018-08-31 17:36:14,865 - root - INFO - SUCCESS    Get the current window screenshot,path: E:\python excercise\JUST\JustCC\report\image\login\login.png, Spend 0.6740386486053467 seconds
2018-08-31 17:36:15,376 - root - INFO - SUCCESS    Set browser window maximized, Spend 1.1480655670166016 seconds
2018-08-31 17:36:15,378 - root - INFO - SUCCESS    Set wait all element display in 5 seconds, Spend 0.0 seconds
2018-08-31 17:36:15,470 - root - INFO - SUCCESS    Clear and type element: <name->LoginForm[username]> content: 1001, Spend 0.09200525283813477 seconds
2018-08-31 17:36:15,557 - root - INFO - SUCCESS    Clear and type element: <name->LoginForm[password]> content: 1001, Spend 0.08500504493713379 seconds
2018-08-31 17:36:15,558 - root - INFO - SUCCESS    Set wait all element display in 3 seconds, Spend 0.0010001659393310547 seconds
2018-08-31 17:36:15,637 - root - INFO - SUCCESS    Clicked element: <id->login_btn>, Spend 0.07900476455688477 seconds
2018-08-31 17:36:15,639 - root - INFO - SUCCESS    Set wait all element display in 20 seconds, Spend 0.0010001659393310547 seconds
2018-08-31 17:36:16,874 - root - INFO - ############################### START ###############################
2018-08-31 17:36:22,167 - root - INFO - SUCCESS    Start a new browser: Chrome, Spend 5.29230260848999 seconds
2018-08-31 17:36:24,744 - root - INFO - SUCCESS    Navigated to http://192.168.18.172, Spend 2.5771474838256836 seconds
2018-08-31 17:36:24,747 - root - INFO - SUCCESS    Set wait all element display in 10 seconds, Spend 0.002000093460083008 seconds
2018-08-31 17:36:26,253 - root - INFO - SUCCESS    Get the current window screenshot,path: E:\python excercise\JUST\JustCC\report\image\login\login.png, Spend 0.6040346622467041 seconds
2018-08-31 17:36:27,870 - root - INFO - SUCCESS    Set browser window maximized, Spend 1.1220641136169434 seconds
2018-08-31 17:36:27,884 - root - INFO - SUCCESS    Set wait all element display in 5 seconds, Spend 0.002000093460083008 seconds
2018-08-31 17:36:28,001 - root - INFO - SUCCESS    Clear and type element: <name->LoginForm[username]> content: admin, Spend 0.11500668525695801 seconds
2018-08-31 17:36:28,084 - root - INFO - SUCCESS    Clear and type element: <name->LoginForm[password]> content: admin, Spend 0.08200478553771973 seconds
2018-08-31 17:36:28,085 - root - INFO - SUCCESS    Set wait all element display in 3 seconds, Spend 0.0009999275207519531 seconds
2018-08-31 17:36:28,154 - root - INFO - SUCCESS    Clicked element: <id->login_btn>, Spend 0.06900382041931152 seconds
2018-08-31 17:36:28,156 - root - INFO - SUCCESS    Set wait all element display in 20 seconds, Spend 0.0010001659393310547 seconds
2018-08-31 17:36:28,258 - root - INFO - ############################### START ###############################
2018-08-31 17:36:34,240 - root - INFO - SUCCESS    Start a new browser: Chrome, Spend 5.981342077255249 seconds
2018-08-31 17:36:42,682 - root - INFO - SUCCESS    Navigated to http://192.168.18.172, Spend 8.44048285484314 seconds
2018-08-31 17:36:42,683 - root - INFO - SUCCESS    Set wait all element display in 10 seconds, Spend 0.0 seconds
2018-08-31 17:36:43,411 - root - INFO - SUCCESS    Get the current window screenshot,path: E:\python excercise\JUST\JustCC\report\image\login\login.png, Spend 5.249300241470337 seconds
2018-08-31 17:36:45,415 - root - INFO - SUCCESS    Get current window title, Spend 0.0030002593994140625 seconds
2018-08-31 17:36:45,837 - root - INFO - SUCCESS    Set browser window maximized, Spend 1.1530656814575195 seconds
2018-08-31 17:36:45,849 - root - INFO - SUCCESS    Set wait all element display in 5 seconds, Spend 0.0010001659393310547 seconds
2018-08-31 17:36:46,002 - root - INFO - SUCCESS    Clear and type element: <name->LoginForm[username]> content: admin, Spend 0.1520087718963623 seconds
2018-08-31 17:36:46,121 - root - INFO - SUCCESS    Clear and type element: <name->LoginForm[password]> content: admin, Spend 0.11900663375854492 seconds
2018-08-31 17:36:46,123 - root - INFO - SUCCESS    Set wait all element display in 3 seconds, Spend 0.0 seconds
2018-08-31 17:36:46,198 - root - INFO - SUCCESS    Clicked element: <id->login_btn>, Spend 0.07500457763671875 seconds
2018-08-31 17:36:46,200 - root - INFO - SUCCESS    Set wait all element display in 20 seconds, Spend 0.0010001659393310547 seconds
2018-08-31 17:36:48,485 - root - INFO - SUCCESS    Closed all window and quit the driver, Spend 3.0701756477355957 seconds
2018-08-31 17:36:48,486 - root - INFO - ###############################  End  ###############################
2018-08-31 17:36:51,617 - root - INFO - 发送邮件成功
2018-08-31 17:36:56,681 - root - INFO - SUCCESS    Get the current window screenshot,path: E:\python excercise\JUST\JustCC\report\image\login\login.png, Spend 0.47302699089050293 seconds
2018-08-31 17:36:58,335 - root - INFO - SUCCESS    Start a new browser: Chrome, Spend 5.300303220748901 seconds
2018-08-31 17:36:58,688 - root - INFO - SUCCESS    Get current window title, Spend 0.006000518798828125 seconds
2018-08-31 17:37:00,977 - root - INFO - SUCCESS    Navigated to http://192.168.18.172, Spend 2.640151023864746 seconds
2018-08-31 17:37:02,102 - root - INFO - SUCCESS    Set browser window maximized, Spend 1.1230640411376953 seconds
2018-08-31 17:37:02,103 - root - INFO - SUCCESS    Set wait all element display in 5 seconds, Spend 0.0010001659393310547 seconds
2018-08-31 17:37:02,195 - root - INFO - SUCCESS    Clear and type element: <name->LoginForm[username]> content: 1001, Spend 0.09200525283813477 seconds
2018-08-31 17:37:02,274 - root - INFO - SUCCESS    Clear and type element: <name->LoginForm[password]> content: 1001, Spend 0.07800459861755371 seconds
2018-08-31 17:37:02,275 - root - INFO - SUCCESS    Set wait all element display in 3 seconds, Spend 0.0010001659393310547 seconds
2018-08-31 17:37:02,345 - root - INFO - SUCCESS    Clicked element: <id->login_btn>, Spend 0.07000398635864258 seconds
2018-08-31 17:37:02,347 - root - INFO - SUCCESS    Set wait all element display in 20 seconds, Spend 0.0009999275207519531 seconds
2018-08-31 17:37:02,480 - root - INFO - SUCCESS    Closed all window and quit the driver, Spend 3.7922167778015137 seconds
2018-08-31 17:37:02,481 - root - INFO - ###############################  End  ###############################
2018-08-31 17:37:05,521 - root - INFO - 发送邮件成功
2018-08-31 17:37:12,841 - root - INFO - SUCCESS    Get the current window screenshot,path: E:\python excercise\JUST\JustCC\report\image\login\login.png, Spend 0.48602771759033203 seconds
2018-08-31 17:37:14,846 - root - INFO - ############################### START ###############################
2018-08-31 17:37:19,736 - root - INFO - SUCCESS    Start a new browser: Chrome, Spend 4.890279531478882 seconds
2018-08-31 17:37:20,955 - root - INFO - SUCCESS    Navigated to http://192.168.18.172, Spend 1.2180697917938232 seconds
2018-08-31 17:37:20,958 - root - INFO - SUCCESS    Set wait all element display in 10 seconds, Spend 0.002000093460083008 seconds
2018-08-31 17:37:24,093 - root - INFO - SUCCESS    Set browser window maximized, Spend 1.1340646743774414 seconds
2018-08-31 17:37:24,101 - root - INFO - SUCCESS    Set wait all element display in 5 seconds, Spend 0.0 seconds
2018-08-31 17:37:24,196 - root - INFO - SUCCESS    Clear and type element: <name->LoginForm[username]> content: admin, Spend 0.09400510787963867 seconds
2018-08-31 17:37:24,271 - root - INFO - SUCCESS    Clear and type element: <name->LoginForm[password]> content: admin, Spend 0.0740041732788086 seconds
2018-08-31 17:37:24,272 - root - INFO - SUCCESS    Set wait all element display in 3 seconds, Spend 0.0009999275207519531 seconds
2018-08-31 17:37:24,335 - root - INFO - SUCCESS    Clicked element: <id->login_btn>, Spend 0.06400346755981445 seconds
2018-08-31 17:37:24,337 - root - INFO - SUCCESS    Set wait all element display in 20 seconds, Spend 0.0010004043579101562 seconds
2018-08-31 17:37:34,677 - root - INFO - SUCCESS    Get the current window screenshot,path: E:\python excercise\JUST\JustCC\report\image\login\login.png, Spend 0.33301877975463867 seconds
2018-08-31 17:37:36,682 - root - INFO - SUCCESS    Get current window title, Spend 0.003000020980834961 seconds
2018-08-31 17:37:39,762 - root - INFO - SUCCESS    Closed all window and quit the driver, Spend 3.080176591873169 seconds
2018-08-31 17:37:39,763 - root - INFO - ###############################  End  ###############################
2018-08-31 17:37:42,827 - root - INFO - 发送邮件成功
2018-08-31 17:38:08,533 - root - INFO - SUCCESS    Start a new browser: Chrome, Spend 5.033287763595581 seconds
2018-08-31 17:38:09,744 - root - INFO - SUCCESS    Navigated to http://192.168.18.172, Spend 1.206068992614746 seconds
2018-08-31 17:38:10,867 - root - INFO - SUCCESS    Set browser window maximized, Spend 1.1210639476776123 seconds
2018-08-31 17:38:10,868 - root - INFO - SUCCESS    Set wait all element display in 5 seconds, Spend 0.0010001659393310547 seconds
2018-08-31 17:38:10,958 - root - INFO - SUCCESS    Clear and type element: <name->LoginForm[username]> content: 1001, Spend 0.0890047550201416 seconds
2018-08-31 17:38:11,030 - root - INFO - SUCCESS    Clear and type element: <name->LoginForm[password]> content: 1001, Spend 0.07100415229797363 seconds
2018-08-31 17:38:11,032 - root - INFO - SUCCESS    Set wait all element display in 3 seconds, Spend 0.002000093460083008 seconds
2018-08-31 17:38:11,101 - root - INFO - SUCCESS    Clicked element: <id->login_btn>, Spend 0.07000398635864258 seconds
2018-08-31 17:38:11,104 - root - INFO - SUCCESS    Set wait all element display in 20 seconds, Spend 0.0010001659393310547 seconds
2018-08-31 17:38:21,589 - root - INFO - SUCCESS    Get the current window screenshot,path: E:\python excercise\JUST\JustCC\report\image\login\login.png, Spend 0.480027437210083 seconds
2018-08-31 17:38:23,595 - root - INFO - ############################### START ###############################
2018-08-31 17:38:28,414 - root - INFO - SUCCESS    Start a new browser: Chrome, Spend 4.819275379180908 seconds
2018-08-31 17:38:30,357 - root - INFO - SUCCESS    Navigated to http://192.168.18.172, Spend 1.9421110153198242 seconds
2018-08-31 17:38:30,370 - root - INFO - SUCCESS    Set wait all element display in 10 seconds, Spend 0.012000799179077148 seconds
2018-08-31 17:38:33,495 - root - INFO - SUCCESS    Set browser window maximized, Spend 1.1240642070770264 seconds
2018-08-31 17:38:33,505 - root - INFO - SUCCESS    Set wait all element display in 5 seconds, Spend 0.0010001659393310547 seconds
2018-08-31 17:38:33,604 - root - INFO - SUCCESS    Clear and type element: <name->LoginForm[username]> content: admin, Spend 0.09800553321838379 seconds
2018-08-31 17:38:33,696 - root - INFO - SUCCESS    Clear and type element: <name->LoginForm[password]> content: admin, Spend 0.09200525283813477 seconds
2018-08-31 17:38:33,697 - root - INFO - SUCCESS    Set wait all element display in 3 seconds, Spend 0.0009999275207519531 seconds
2018-08-31 17:38:33,766 - root - INFO - SUCCESS    Clicked element: <id->login_btn>, Spend 0.07000398635864258 seconds
2018-08-31 17:38:33,769 - root - INFO - SUCCESS    Set wait all element display in 20 seconds, Spend 0.0020003318786621094 seconds
2018-08-31 17:38:44,095 - root - INFO - SUCCESS    Get the current window screenshot,path: E:\python excercise\JUST\JustCC\report\image\login\login.png, Spend 0.32001805305480957 seconds
2018-08-31 17:38:44,491 - root - INFO - SUCCESS    Start a new browser: Chrome, Spend 5.401309013366699 seconds
2018-08-31 17:38:46,100 - root - INFO - SUCCESS    Get current window title, Spend 0.004000425338745117 seconds
2018-08-31 17:38:49,118 - root - INFO - SUCCESS    Navigated to http://192.168.18.172, Spend 4.625264644622803 seconds
2018-08-31 17:38:49,895 - root - INFO - SUCCESS    Closed all window and quit the driver, Spend 3.7952167987823486 seconds
2018-08-31 17:38:49,896 - root - INFO - ###############################  End  ###############################
2018-08-31 17:38:50,407 - root - INFO - SUCCESS    Set browser window maximized, Spend 1.2870736122131348 seconds
2018-08-31 17:38:50,409 - root - INFO - SUCCESS    Set wait all element display in 5 seconds, Spend 0.0010001659393310547 seconds
2018-08-31 17:38:50,504 - root - INFO - SUCCESS    Clear and type element: <name->LoginForm[username]> content: 1001, Spend 0.09300541877746582 seconds
2018-08-31 17:38:50,584 - root - INFO - SUCCESS    Clear and type element: <name->LoginForm[password]> content: 1001, Spend 0.08000469207763672 seconds
2018-08-31 17:38:50,585 - root - INFO - SUCCESS    Set wait all element display in 3 seconds, Spend 0.0009999275207519531 seconds
2018-08-31 17:38:50,658 - root - INFO - SUCCESS    Clicked element: <id->login_btn>, Spend 0.07400393486022949 seconds
2018-08-31 17:38:50,661 - root - INFO - SUCCESS    Set wait all element display in 20 seconds, Spend 0.0009999275207519531 seconds
2018-08-31 17:38:52,990 - root - INFO - 发送邮件成功
2018-08-31 17:39:01,022 - root - INFO - SUCCESS    Get the current window screenshot,path: E:\python excercise\JUST\JustCC\report\image\login\login.png, Spend 0.34902000427246094 seconds
2018-08-31 17:39:03,028 - root - INFO - ############################### START ###############################
2018-08-31 17:39:08,033 - root - INFO - SUCCESS    Start a new browser: Chrome, Spend 5.005286455154419 seconds
2018-08-31 17:39:09,172 - root - INFO - SUCCESS    Navigated to http://192.168.18.172, Spend 1.1390650272369385 seconds
2018-08-31 17:39:09,174 - root - INFO - SUCCESS    Set wait all element display in 10 seconds, Spend 0.0009999275207519531 seconds
2018-08-31 17:39:12,293 - root - INFO - SUCCESS    Set browser window maximized, Spend 1.1170637607574463 seconds
2018-08-31 17:39:12,304 - root - INFO - SUCCESS    Set wait all element display in 5 seconds, Spend 0.0009999275207519531 seconds
2018-08-31 17:39:12,402 - root - INFO - SUCCESS    Clear and type element: <name->LoginForm[username]> content: admin, Spend 0.09600543975830078 seconds
2018-08-31 17:39:12,476 - root - INFO - SUCCESS    Clear and type element: <name->LoginForm[password]> content: admin, Spend 0.07300424575805664 seconds
2018-08-31 17:39:12,477 - root - INFO - SUCCESS    Set wait all element display in 3 seconds, Spend 0.0 seconds
2018-08-31 17:39:12,543 - root - INFO - SUCCESS    Clicked element: <id->login_btn>, Spend 0.06500363349914551 seconds
2018-08-31 17:39:12,545 - root - INFO - SUCCESS    Set wait all element display in 20 seconds, Spend 0.0009999275207519531 seconds
2018-08-31 17:39:22,879 - root - INFO - SUCCESS    Get the current window screenshot,path: E:\python excercise\JUST\JustCC\report\image\login\login.png, Spend 0.32501864433288574 seconds
2018-08-31 17:39:24,883 - root - INFO - SUCCESS    Get current window title, Spend 0.004000425338745117 seconds
2018-08-31 17:39:27,925 - root - INFO - SUCCESS    Closed all window and quit the driver, Spend 3.0421738624572754 seconds
2018-08-31 17:39:27,926 - root - INFO - ###############################  End  ###############################
2018-08-31 17:39:30,981 - root - INFO - 发送邮件成功
2018-08-31 17:45:07,539 - root - INFO - SUCCESS    Start a new browser: Chrome, Spend 5.1942970752716064 seconds
2018-08-31 17:45:08,749 - root - INFO - SUCCESS    Navigated to http://192.168.18.172, Spend 1.210069179534912 seconds
2018-08-31 17:45:09,874 - root - INFO - SUCCESS    Set browser window maximized, Spend 1.1230642795562744 seconds
2018-08-31 17:45:09,875 - root - INFO - SUCCESS    Set wait all element display in 5 seconds, Spend 0.0010001659393310547 seconds
2018-08-31 17:45:09,984 - root - INFO - SUCCESS    Clear and type element: <name->LoginForm[username]> content: 1001, Spend 0.10800623893737793 seconds
2018-08-31 17:45:10,096 - root - INFO - SUCCESS    Clear and type element: <name->LoginForm[password]> content: 1001, Spend 0.11100649833679199 seconds
2018-08-31 17:45:10,097 - root - INFO - SUCCESS    Set wait all element display in 3 seconds, Spend 0.0010001659393310547 seconds
2018-08-31 17:45:10,166 - root - INFO - SUCCESS    Clicked element: <id->login_btn>, Spend 0.06900405883789062 seconds
2018-08-31 17:45:10,168 - root - INFO - SUCCESS    Set wait all element display in 20 seconds, Spend 0.0009999275207519531 seconds
2018-08-31 17:45:20,496 - root - INFO - SUCCESS    Get the current window screenshot,path: E:\python excercise\JUST\JustCC\report\image\login\login.png, Spend 0.3220183849334717 seconds
2018-08-31 17:45:22,502 - root - INFO - ############################### START ###############################
2018-08-31 17:45:27,386 - root - INFO - SUCCESS    Start a new browser: Chrome, Spend 4.88227915763855 seconds
2018-08-31 17:45:28,768 - root - INFO - SUCCESS    Navigated to http://192.168.18.172, Spend 1.3820791244506836 seconds
2018-08-31 17:45:28,769 - root - INFO - SUCCESS    Set wait all element display in 10 seconds, Spend 0.0010001659393310547 seconds
2018-08-31 17:45:31,889 - root - INFO - SUCCESS    Set browser window maximized, Spend 1.1190638542175293 seconds
2018-08-31 17:45:31,904 - root - INFO - SUCCESS    Set wait all element display in 5 seconds, Spend 0.0010001659393310547 seconds
2018-08-31 17:45:32,015 - root - INFO - SUCCESS    Clear and type element: <name->LoginForm[username]> content: admin, Spend 0.11000609397888184 seconds
2018-08-31 17:45:32,105 - root - INFO - SUCCESS    Clear and type element: <name->LoginForm[password]> content: admin, Spend 0.08800482749938965 seconds
2018-08-31 17:45:32,106 - root - INFO - SUCCESS    Set wait all element display in 3 seconds, Spend 0.0 seconds
2018-08-31 17:45:32,175 - root - INFO - SUCCESS    Clicked element: <id->login_btn>, Spend 0.07000398635864258 seconds
2018-08-31 17:45:32,177 - root - INFO - SUCCESS    Set wait all element display in 20 seconds, Spend 0.0009999275207519531 seconds
2018-08-31 17:45:42,512 - root - INFO - SUCCESS    Get the current window screenshot,path: E:\python excercise\JUST\JustCC\report\image\login\login.png, Spend 0.32901859283447266 seconds
2018-08-31 17:45:44,516 - root - INFO - SUCCESS    Get current window title, Spend 0.004000186920166016 seconds
2018-08-31 17:45:47,556 - root - INFO - SUCCESS    Closed all window and quit the driver, Spend 3.0391738414764404 seconds
2018-08-31 17:45:47,557 - root - INFO - ###############################  End  ###############################
2018-08-31 17:45:50,613 - root - INFO - 发送邮件成功
2018-08-31 17:51:27,209 - root - INFO - SUCCESS    Start a new browser: Chrome, Spend 5.102292060852051 seconds
2018-08-31 17:51:28,377 - root - INFO - SUCCESS    Navigated to http://192.168.18.172, Spend 1.1680667400360107 seconds
2018-08-31 17:51:29,501 - root - INFO - SUCCESS    Set browser window maximized, Spend 1.1210641860961914 seconds
2018-08-31 17:51:29,502 - root - INFO - SUCCESS    Set wait all element display in 5 seconds, Spend 0.0010001659393310547 seconds
2018-08-31 17:51:29,597 - root - INFO - SUCCESS    Clear and type element: <name->LoginForm[username]> content: 1001, Spend 0.09500551223754883 seconds
2018-08-31 17:51:29,684 - root - INFO - SUCCESS    Clear and type element: <name->LoginForm[password]> content: 1001, Spend 0.08600497245788574 seconds
2018-08-31 17:51:29,685 - root - INFO - SUCCESS    Set wait all element display in 3 seconds, Spend 0.0010001659393310547 seconds
2018-08-31 17:51:29,763 - root - INFO - SUCCESS    Clicked element: <id->login_btn>, Spend 0.07800459861755371 seconds
2018-08-31 17:51:29,765 - root - INFO - SUCCESS    Set wait all element display in 20 seconds, Spend 0.0010001659393310547 seconds
2018-08-31 17:51:40,088 - root - INFO - SUCCESS    Get the current window screenshot,path: E:\python excercise\JUST\JustCC\report\image\login\login.png, Spend 0.31801819801330566 seconds
2018-08-31 17:51:42,093 - root - INFO - ############################### START ###############################
2018-08-31 17:51:47,153 - root - INFO - SUCCESS    Start a new browser: Chrome, Spend 5.058289289474487 seconds
2018-08-31 17:51:48,270 - root - INFO - SUCCESS    Navigated to http://192.168.18.172, Spend 1.1160638332366943 seconds
2018-08-31 17:51:48,273 - root - INFO - SUCCESS    Set wait all element display in 10 seconds, Spend 0.002000093460083008 seconds
2018-08-31 17:51:51,390 - root - INFO - SUCCESS    Set browser window maximized, Spend 1.1160640716552734 seconds
2018-08-31 17:51:51,400 - root - INFO - SUCCESS    Set wait all element display in 5 seconds, Spend 0.0010001659393310547 seconds
2018-08-31 17:51:51,502 - root - INFO - SUCCESS    Clear and type element: <name->LoginForm[username]> content: admin, Spend 0.10100579261779785 seconds
2018-08-31 17:51:51,592 - root - INFO - SUCCESS    Clear and type element: <name->LoginForm[password]> content: admin, Spend 0.0890049934387207 seconds
2018-08-31 17:51:51,593 - root - INFO - SUCCESS    Set wait all element display in 3 seconds, Spend 0.0009999275207519531 seconds
2018-08-31 17:51:51,657 - root - INFO - SUCCESS    Clicked element: <id->login_btn>, Spend 0.06500387191772461 seconds
2018-08-31 17:51:51,662 - root - INFO - SUCCESS    Set wait all element display in 20 seconds, Spend 0.005000114440917969 seconds
2018-08-31 17:52:02,005 - root - INFO - SUCCESS    Get the current window screenshot,path: E:\python excercise\JUST\JustCC\report\image\login\login.png, Spend 0.3300189971923828 seconds
2018-08-31 17:52:04,010 - root - INFO - SUCCESS    Get current window title, Spend 0.004000186920166016 seconds
2018-08-31 17:52:07,125 - root - INFO - SUCCESS    Closed all window and quit the driver, Spend 3.115178346633911 seconds
2018-08-31 17:52:07,126 - root - INFO - ###############################  End  ###############################
2018-08-31 17:52:10,170 - root - INFO - 发送邮件成功
2018-08-31 17:52:23,451 - root - INFO - SUCCESS    Start a new browser: Chrome, Spend 5.118292331695557 seconds
2018-08-31 17:52:24,289 - root - INFO - SUCCESS    Navigated to http://192.168.18.172, Spend 0.838047981262207 seconds
2018-08-31 17:52:25,425 - root - INFO - SUCCESS    Set browser window maximized, Spend 1.1340649127960205 seconds
2018-08-31 17:52:25,426 - root - INFO - SUCCESS    Set wait all element display in 5 seconds, Spend 0.0009999275207519531 seconds
2018-08-31 17:52:25,524 - root - INFO - SUCCESS    Clear and type element: <name->LoginForm[username]> content: 1001, Spend 0.09800577163696289 seconds
2018-08-31 17:52:25,601 - root - INFO - SUCCESS    Clear and type element: <name->LoginForm[password]> content: 1001, Spend 0.07500410079956055 seconds
2018-08-31 17:52:25,603 - root - INFO - SUCCESS    Set wait all element display in 3 seconds, Spend 0.0009999275207519531 seconds
2018-08-31 17:52:25,673 - root - INFO - SUCCESS    Clicked element: <id->login_btn>, Spend 0.07100391387939453 seconds
2018-08-31 17:52:25,675 - root - INFO - SUCCESS    Set wait all element display in 20 seconds, Spend 0.0010001659393310547 seconds
2018-08-31 17:52:36,162 - root - INFO - SUCCESS    Get the current window screenshot,path: E:\python excercise\JUST\JustCC\report\image\login\login.png, Spend 0.48302769660949707 seconds
2018-08-31 17:52:38,169 - root - INFO - ############################### START ###############################
2018-08-31 17:52:43,072 - root - INFO - SUCCESS    Start a new browser: Chrome, Spend 4.903280258178711 seconds
2018-08-31 17:52:44,384 - root - INFO - SUCCESS    Navigated to http://192.168.18.172, Spend 1.311075210571289 seconds
2018-08-31 17:52:44,385 - root - INFO - SUCCESS    Set wait all element display in 10 seconds, Spend 0.0010001659393310547 seconds
2018-08-31 17:52:47,504 - root - INFO - SUCCESS    Set browser window maximized, Spend 1.1180636882781982 seconds
2018-08-31 17:52:47,513 - root - INFO - SUCCESS    Set wait all element display in 5 seconds, Spend 0.0 seconds
2018-08-31 17:52:47,612 - root - INFO - SUCCESS    Clear and type element: <name->LoginForm[username]> content: admin, Spend 0.09800577163696289 seconds
2018-08-31 17:52:47,692 - root - INFO - SUCCESS    Clear and type element: <name->LoginForm[password]> content: admin, Spend 0.08000469207763672 seconds
2018-08-31 17:52:47,693 - root - INFO - SUCCESS    Set wait all element display in 3 seconds, Spend 0.0010001659393310547 seconds
2018-08-31 17:52:47,767 - root - INFO - SUCCESS    Clicked element: <id->login_btn>, Spend 0.07500433921813965 seconds
2018-08-31 17:52:47,770 - root - INFO - SUCCESS    Set wait all element display in 20 seconds, Spend 0.0009999275207519531 seconds
2018-08-31 17:52:58,121 - root - INFO - SUCCESS    Get the current window screenshot,path: E:\python excercise\JUST\JustCC\report\image\login\login.png, Spend 0.3410193920135498 seconds
2018-08-31 17:53:00,125 - root - INFO - SUCCESS    Get current window title, Spend 0.004000186920166016 seconds
2018-08-31 17:53:03,166 - root - INFO - SUCCESS    Closed all window and quit the driver, Spend 3.0411739349365234 seconds
2018-08-31 17:53:03,167 - root - INFO - ###############################  End  ###############################
2018-08-31 17:53:06,206 - root - INFO - 发送邮件成功
2018-08-31 17:54:17,203 - root - INFO - SUCCESS    Start a new browser: Chrome, Spend 5.514315366744995 seconds
2018-08-31 17:54:18,770 - root - INFO - SUCCESS    Navigated to http://192.168.18.172, Spend 1.566089391708374 seconds
2018-08-31 17:54:19,897 - root - INFO - SUCCESS    Set browser window maximized, Spend 1.1250646114349365 seconds
2018-08-31 17:54:19,898 - root - INFO - SUCCESS    Set wait all element display in 5 seconds, Spend 0.0009999275207519531 seconds
2018-08-31 17:54:19,981 - root - INFO - SUCCESS    Clear and type element: <name->LoginForm[username]> content: 1001, Spend 0.08300495147705078 seconds
2018-08-31 17:54:20,059 - root - INFO - SUCCESS    Clear and type element: <name->LoginForm[password]> content: 1001, Spend 0.07800436019897461 seconds
2018-08-31 17:54:20,060 - root - INFO - SUCCESS    Set wait all element display in 3 seconds, Spend 0.0009999275207519531 seconds
2018-08-31 17:54:20,128 - root - INFO - SUCCESS    Clicked element: <id->login_btn>, Spend 0.06900405883789062 seconds
2018-08-31 17:54:20,130 - root - INFO - SUCCESS    Set wait all element display in 20 seconds, Spend 0.0 seconds
2018-08-31 17:54:30,466 - root - INFO - SUCCESS    Get the current window screenshot,path: E:\python excercise\JUST\JustCC\report\image\login\login.png, Spend 0.3280191421508789 seconds
2018-08-31 17:54:43,317 - root - INFO - SUCCESS    Start a new browser: Chrome, Spend 5.267301321029663 seconds
2018-08-31 17:54:45,396 - root - INFO - SUCCESS    Navigated to http://192.168.18.172, Spend 2.0781190395355225 seconds
2018-08-31 17:54:46,535 - root - INFO - SUCCESS    Set browser window maximized, Spend 1.1370649337768555 seconds
2018-08-31 17:54:46,536 - root - INFO - SUCCESS    Set wait all element display in 5 seconds, Spend 0.0010001659393310547 seconds
2018-08-31 17:54:46,624 - root - INFO - SUCCESS    Clear and type element: <name->LoginForm[username]> content: 1001, Spend 0.0870048999786377 seconds
2018-08-31 17:54:46,701 - root - INFO - SUCCESS    Clear and type element: <name->LoginForm[password]> content: 1001, Spend 0.07700443267822266 seconds
2018-08-31 17:54:46,703 - root - INFO - SUCCESS    Set wait all element display in 3 seconds, Spend 0.0 seconds
2018-08-31 17:54:46,773 - root - INFO - SUCCESS    Clicked element: <id->login_btn>, Spend 0.07000398635864258 seconds
2018-08-31 17:54:46,775 - root - INFO - SUCCESS    Set wait all element display in 20 seconds, Spend 0.0010001659393310547 seconds
2018-08-31 17:54:57,344 - root - INFO - SUCCESS    Get the current window screenshot,path: E:\python excercise\JUST\JustCC\report\image\login\login.png, Spend 0.5590322017669678 seconds
2018-08-31 17:54:59,349 - root - INFO - ############################### START ###############################
2018-08-31 17:55:04,235 - root - INFO - SUCCESS    Start a new browser: Chrome, Spend 4.885279417037964 seconds
2018-08-31 17:55:06,689 - root - INFO - SUCCESS    Start a new browser: Chrome, Spend 5.007286310195923 seconds
2018-08-31 17:55:07,406 - root - INFO - SUCCESS    Navigated to http://192.168.18.172, Spend 3.1711814403533936 seconds
2018-08-31 17:55:07,407 - root - INFO - SUCCESS    Set wait all element display in 10 seconds, Spend 0.0 seconds
2018-08-31 17:55:09,027 - root - INFO - SUCCESS    Navigated to http://192.168.18.172, Spend 2.3381338119506836 seconds
2018-08-31 17:55:10,550 - root - INFO - SUCCESS    Set browser window maximized, Spend 1.1410651206970215 seconds
2018-08-31 17:55:10,559 - root - INFO - SUCCESS    Set wait all element display in 5 seconds, Spend 0.0009999275207519531 seconds
2018-08-31 17:55:10,707 - root - INFO - SUCCESS    Clear and type element: <name->LoginForm[username]> content: admin, Spend 0.1480083465576172 seconds
2018-08-31 17:55:10,912 - root - INFO - SUCCESS    Clear and type element: <name->LoginForm[password]> content: admin, Spend 0.2040119171142578 seconds
2018-08-31 17:55:10,913 - root - INFO - SUCCESS    Set wait all element display in 3 seconds, Spend 0.0010001659393310547 seconds
2018-08-31 17:55:11,609 - root - INFO - SUCCESS    Clicked element: <id->login_btn>, Spend 0.6970398426055908 seconds
2018-08-31 17:55:11,612 - root - INFO - SUCCESS    Set wait all element display in 20 seconds, Spend 0.002000093460083008 seconds
2018-08-31 17:55:14,689 - root - INFO - SUCCESS    Closed all window and quit the driver, Spend 3.0651752948760986 seconds
2018-08-31 17:55:14,690 - root - INFO - ###############################  End  ###############################
2018-08-31 17:55:17,790 - root - INFO - 发送邮件成功
2018-08-31 17:55:19,053 - root - INFO - SUCCESS    Set browser window maximized, Spend 10.023573160171509 seconds
2018-08-31 17:55:19,054 - root - INFO - SUCCESS    Set wait all element display in 5 seconds, Spend 0.0009999275207519531 seconds
2018-08-31 17:55:25,067 - root - INFO - FAIL    Unable to clear and type element: <name->LoginForm[username]> content: 1001, Spend 6.012343883514404 seconds
2018-08-31 17:55:46,894 - root - INFO - SUCCESS    Start a new browser: Chrome, Spend 5.14929461479187 seconds
2018-08-31 17:55:49,010 - root - INFO - SUCCESS    Navigated to http://192.168.18.172, Spend 2.1151211261749268 seconds
2018-08-31 17:55:50,145 - root - INFO - SUCCESS    Set browser window maximized, Spend 1.1330649852752686 seconds
2018-08-31 17:55:50,146 - root - INFO - SUCCESS    Set wait all element display in 5 seconds, Spend 0.0010001659393310547 seconds
2018-08-31 17:55:50,270 - root - INFO - SUCCESS    Clear and type element: <name->LoginForm[username]> content: 1001, Spend 0.12400674819946289 seconds
2018-08-31 17:55:50,376 - root - INFO - SUCCESS    Clear and type element: <name->LoginForm[password]> content: 1001, Spend 0.1020057201385498 seconds
2018-08-31 17:55:50,377 - root - INFO - SUCCESS    Set wait all element display in 3 seconds, Spend 0.0010001659393310547 seconds
2018-08-31 17:55:50,457 - root - INFO - SUCCESS    Clicked element: <id->login_btn>, Spend 0.08100485801696777 seconds
2018-08-31 17:55:50,460 - root - INFO - SUCCESS    Set wait all element display in 20 seconds, Spend 0.002000093460083008 seconds
2018-08-31 17:56:01,060 - root - INFO - SUCCESS    Get the current window screenshot,path: E:\python excercise\JUST\JustCC\report\image\login\login.png, Spend 0.592033863067627 seconds
2018-08-31 17:56:03,065 - root - INFO - ############################### START ###############################
2018-08-31 17:56:08,237 - root - INFO - SUCCESS    Start a new browser: Chrome, Spend 5.171295881271362 seconds
2018-08-31 17:56:09,674 - root - INFO - SUCCESS    Navigated to http://192.168.18.172, Spend 1.437082052230835 seconds
2018-08-31 17:56:09,675 - root - INFO - SUCCESS    Set wait all element display in 10 seconds, Spend 0.0010001659393310547 seconds
2018-08-31 17:56:12,797 - root - INFO - SUCCESS    Set browser window maximized, Spend 1.1210639476776123 seconds
2018-08-31 17:56:12,805 - root - INFO - SUCCESS    Set wait all element display in 5 seconds, Spend 0.0010004043579101562 seconds
2018-08-31 17:56:12,906 - root - INFO - SUCCESS    Clear and type element: <name->LoginForm[username]> content: admin, Spend 0.1000056266784668 seconds
2018-08-31 17:56:12,984 - root - INFO - SUCCESS    Clear and type element: <name->LoginForm[password]> content: admin, Spend 0.07700419425964355 seconds
2018-08-31 17:56:12,986 - root - INFO - SUCCESS    Set wait all element display in 3 seconds, Spend 0.0020003318786621094 seconds
2018-08-31 17:56:13,197 - root - INFO - SUCCESS    Clicked element: <id->login_btn>, Spend 0.2130122184753418 seconds
2018-08-31 17:56:13,212 - root - INFO - SUCCESS    Set wait all element display in 20 seconds, Spend 0.014000892639160156 seconds
2018-08-31 17:56:23,565 - root - INFO - SUCCESS    Get the current window screenshot,path: E:\python excercise\JUST\JustCC\report\image\login\login.png, Spend 0.3220183849334717 seconds
2018-08-31 17:56:25,572 - root - INFO - SUCCESS    Get current window title, Spend 0.004000186920166016 seconds
2018-08-31 17:56:28,676 - root - INFO - SUCCESS    Closed all window and quit the driver, Spend 3.104177713394165 seconds
2018-08-31 17:56:28,677 - root - INFO - ###############################  End  ###############################
2018-08-31 17:56:31,820 - root - INFO - 发送邮件成功
2018-08-31 17:56:38,370 - root - INFO - SUCCESS    Start a new browser: Chrome, Spend 5.0812907218933105 seconds
2018-08-31 17:56:39,173 - root - INFO - SUCCESS    Navigated to http://192.168.18.172, Spend 0.8020460605621338 seconds
2018-08-31 17:56:40,303 - root - INFO - SUCCESS    Set browser window maximized, Spend 1.1280643939971924 seconds
2018-08-31 17:56:40,304 - root - INFO - SUCCESS    Set wait all element display in 5 seconds, Spend 0.0010001659393310547 seconds
2018-08-31 17:56:40,392 - root - INFO - SUCCESS    Clear and type element: <name->LoginForm[username]> content: 1001, Spend 0.0870051383972168 seconds
2018-08-31 17:56:40,468 - root - INFO - SUCCESS    Clear and type element: <name->LoginForm[password]> content: 1001, Spend 0.0760042667388916 seconds
2018-08-31 17:56:40,472 - root - INFO - SUCCESS    Set wait all element display in 3 seconds, Spend 0.0010001659393310547 seconds
2018-08-31 17:56:40,549 - root - INFO - SUCCESS    Clicked element: <id->login_btn>, Spend 0.07700467109680176 seconds
2018-08-31 17:56:40,551 - root - INFO - SUCCESS    Set wait all element display in 20 seconds, Spend 0.002000093460083008 seconds
2018-08-31 17:56:51,190 - root - INFO - SUCCESS    Get the current window screenshot,path: E:\python excercise\JUST\JustCC\report\image\login\login.png, Spend 0.6330363750457764 seconds
2018-08-31 17:56:53,195 - root - INFO - ############################### START ###############################
2018-08-31 17:56:58,163 - root - INFO - SUCCESS    Start a new browser: Chrome, Spend 4.967284202575684 seconds
2018-08-31 17:56:59,777 - root - INFO - SUCCESS    Navigated to http://192.168.18.172, Spend 1.6120922565460205 seconds
2018-08-31 17:56:59,785 - root - INFO - SUCCESS    Set wait all element display in 10 seconds, Spend 0.008000373840332031 seconds
2018-08-31 17:57:02,914 - root - INFO - SUCCESS    Set browser window maximized, Spend 1.1280646324157715 seconds
2018-08-31 17:57:02,931 - root - INFO - SUCCESS    Set wait all element display in 5 seconds, Spend 0.003000020980834961 seconds
2018-08-31 17:57:03,064 - root - INFO - SUCCESS    Clear and type element: <name->LoginForm[username]> content: admin, Spend 0.13100743293762207 seconds
2018-08-31 17:57:03,147 - root - INFO - SUCCESS    Clear and type element: <name->LoginForm[password]> content: admin, Spend 0.08200454711914062 seconds
2018-08-31 17:57:03,148 - root - INFO - SUCCESS    Set wait all element display in 3 seconds, Spend 0.0 seconds
2018-08-31 17:57:03,222 - root - INFO - SUCCESS    Clicked element: <id->login_btn>, Spend 0.07500457763671875 seconds
2018-08-31 17:57:03,224 - root - INFO - SUCCESS    Set wait all element display in 20 seconds, Spend 0.0009999275207519531 seconds
2018-08-31 17:57:13,555 - root - INFO - SUCCESS    Get the current window screenshot,path: E:\python excercise\JUST\JustCC\report\image\login\login.png, Spend 0.3260185718536377 seconds
2018-08-31 17:57:15,559 - root - INFO - SUCCESS    Get current window title, Spend 0.004000186920166016 seconds
2018-08-31 17:57:18,608 - root - INFO - SUCCESS    Closed all window and quit the driver, Spend 3.0481743812561035 seconds
2018-08-31 17:57:18,609 - root - INFO - ###############################  End  ###############################
2018-08-31 17:57:21,725 - root - INFO - 发送邮件成功
2018-08-31 17:59:38,787 - root - INFO - SUCCESS    Start a new browser: Chrome, Spend 4.890279769897461 seconds
2018-08-31 17:59:40,818 - root - INFO - SUCCESS    Navigated to http://192.168.18.172, Spend 2.031116008758545 seconds
2018-08-31 17:59:41,937 - root - INFO - SUCCESS    Set browser window maximized, Spend 1.1150639057159424 seconds
2018-08-31 17:59:41,938 - root - INFO - SUCCESS    Set wait all element display in 5 seconds, Spend 0.0009999275207519531 seconds
2018-08-31 17:59:42,031 - root - INFO - SUCCESS    Clear and type element: <name->LoginForm[username]> content: 1001, Spend 0.09300518035888672 seconds
2018-08-31 17:59:42,110 - root - INFO - SUCCESS    Clear and type element: <name->LoginForm[password]> content: 1001, Spend 0.07900476455688477 seconds
2018-08-31 17:59:42,111 - root - INFO - SUCCESS    Set wait all element display in 3 seconds, Spend 0.0009999275207519531 seconds
2018-08-31 17:59:42,189 - root - INFO - SUCCESS    Clicked element: <id->login_btn>, Spend 0.07800436019897461 seconds
2018-08-31 17:59:42,194 - root - INFO - SUCCESS    Set wait all element display in 20 seconds, Spend 0.0009999275207519531 seconds
2018-08-31 17:59:52,796 - root - INFO - SUCCESS    Start a new browser: Chrome, Spend 4.892279863357544 seconds
2018-08-31 17:59:53,986 - root - INFO - SUCCESS    Navigated to http://192.168.18.172, Spend 1.189068078994751 seconds
2018-08-31 17:59:55,111 - root - INFO - SUCCESS    Set browser window maximized, Spend 1.1250643730163574 seconds
2018-08-31 17:59:55,116 - root - INFO - SUCCESS    Set wait all element display in 5 seconds, Spend 0.002000093460083008 seconds
2018-08-31 17:59:55,207 - root - INFO - SUCCESS    Clear and type element: <name->LoginForm[username]> content: 1001, Spend 0.09100532531738281 seconds
2018-08-31 17:59:55,294 - root - INFO - SUCCESS    Clear and type element: <name->LoginForm[password]> content: 1001, Spend 0.08600497245788574 seconds
2018-08-31 17:59:55,297 - root - INFO - SUCCESS    Set wait all element display in 3 seconds, Spend 0.0030002593994140625 seconds
2018-08-31 17:59:55,365 - root - INFO - SUCCESS    Clicked element: <id->login_btn>, Spend 0.07100415229797363 seconds
2018-08-31 17:59:55,367 - root - INFO - SUCCESS    Set wait all element display in 20 seconds, Spend 0.0010001659393310547 seconds
2018-08-31 18:00:05,926 - root - INFO - SUCCESS    Get the current window screenshot,path: E:\python excercise\JUST\JustCC\report\image\login\login.png, Spend 0.5490314960479736 seconds
2018-08-31 18:00:07,931 - root - INFO - ############################### START ###############################
2018-08-31 18:00:12,909 - root - INFO - SUCCESS    Start a new browser: Chrome, Spend 4.976284503936768 seconds
2018-08-31 18:00:14,819 - root - INFO - SUCCESS    Navigated to http://192.168.18.172, Spend 1.910109519958496 seconds
2018-08-31 18:00:14,820 - root - INFO - SUCCESS    Set wait all element display in 10 seconds, Spend 0.0009999275207519531 seconds
2018-08-31 18:00:16,505 - root - INFO - SUCCESS    Get the current window screenshot,path: E:\python excercise\JUST\JustCC\report\image\login\login.png, Spend 24.30339002609253 seconds
2018-08-31 18:00:17,955 - root - INFO - SUCCESS    Set browser window maximized, Spend 1.1330649852752686 seconds
2018-08-31 18:00:17,966 - root - INFO - SUCCESS    Set wait all element display in 5 seconds, Spend 0.003000020980834961 seconds
2018-08-31 18:00:18,074 - root - INFO - SUCCESS    Clear and type element: <name->LoginForm[username]> content: admin, Spend 0.10800623893737793 seconds
2018-08-31 18:00:18,153 - root - INFO - SUCCESS    Clear and type element: <name->LoginForm[password]> content: admin, Spend 0.07900452613830566 seconds
2018-08-31 18:00:18,155 - root - INFO - SUCCESS    Set wait all element display in 3 seconds, Spend 0.0 seconds
2018-08-31 18:00:18,226 - root - INFO - SUCCESS    Clicked element: <id->login_btn>, Spend 0.07200407981872559 seconds
2018-08-31 18:00:18,229 - root - INFO - SUCCESS    Set wait all element display in 20 seconds, Spend 0.0009999275207519531 seconds
2018-08-31 18:00:18,511 - root - INFO - ############################### START ###############################
2018-08-31 18:00:30,499 - root - INFO - SUCCESS    Start a new browser: Chrome, Spend 11.987685441970825 seconds
2018-08-31 18:00:33,329 - root - INFO - SUCCESS    Get the current window screenshot,path: E:\python excercise\JUST\JustCC\report\image\login\login.png, Spend 5.092291355133057 seconds
2018-08-31 18:00:34,478 - root - INFO - SUCCESS    Navigated to http://192.168.18.172, Spend 3.9792275428771973 seconds
2018-08-31 18:00:34,485 - root - INFO - SUCCESS    Set wait all element display in 10 seconds, Spend 0.006000518798828125 seconds
2018-08-31 18:00:35,332 - root - INFO - SUCCESS    Get current window title, Spend 0.003000497817993164 seconds
2018-08-31 18:00:37,627 - root - INFO - SUCCESS    Set browser window maximized, Spend 1.1420652866363525 seconds
2018-08-31 18:00:37,637 - root - INFO - SUCCESS    Set wait all element display in 5 seconds, Spend 0.0009999275207519531 seconds
2018-08-31 18:00:37,758 - root - INFO - SUCCESS    Clear and type element: <name->LoginForm[username]> content: admin, Spend 0.11900687217712402 seconds
2018-08-31 18:00:37,840 - root - INFO - SUCCESS    Clear and type element: <name->LoginForm[password]> content: admin, Spend 0.08100461959838867 seconds
2018-08-31 18:00:37,841 - root - INFO - SUCCESS    Set wait all element display in 3 seconds, Spend 0.0 seconds
2018-08-31 18:00:37,913 - root - INFO - SUCCESS    Clicked element: <id->login_btn>, Spend 0.07200407981872559 seconds
2018-08-31 18:00:37,916 - root - INFO - SUCCESS    Set wait all element display in 20 seconds, Spend 0.0030002593994140625 seconds
2018-08-31 18:00:38,384 - root - INFO - SUCCESS    Closed all window and quit the driver, Spend 3.0511746406555176 seconds
2018-08-31 18:00:38,385 - root - INFO - ###############################  End  ###############################
2018-08-31 18:00:41,506 - root - INFO - 发送邮件成功
2018-08-31 18:00:48,245 - root - INFO - SUCCESS    Get the current window screenshot,path: E:\python excercise\JUST\JustCC\report\image\login\login.png, Spend 0.3220181465148926 seconds
2018-08-31 18:00:50,249 - root - INFO - SUCCESS    Get current window title, Spend 0.004000186920166016 seconds
2018-08-31 18:00:53,282 - root - INFO - SUCCESS    Closed all window and quit the driver, Spend 3.0321736335754395 seconds
2018-08-31 18:00:53,283 - root - INFO - ###############################  End  ###############################
2018-08-31 18:00:56,352 - root - INFO - 发送邮件成功
2018-08-31 18:01:24,193 - root - INFO - SUCCESS    Start a new browser: Chrome, Spend 4.907280683517456 seconds
2018-08-31 18:01:25,643 - root - INFO - SUCCESS    Navigated to http://192.168.18.172, Spend 1.4480829238891602 seconds
2018-08-31 18:01:26,770 - root - INFO - SUCCESS    Set browser window maximized, Spend 1.1260643005371094 seconds
2018-08-31 18:01:26,771 - root - INFO - SUCCESS    Set wait all element display in 5 seconds, Spend 0.0009999275207519531 seconds
2018-08-31 18:01:26,857 - root - INFO - SUCCESS    Clear and type element: <name->LoginForm[username]> content: 1001, Spend 0.08600497245788574 seconds
2018-08-31 18:01:26,933 - root - INFO - SUCCESS    Clear and type element: <name->LoginForm[password]> content: 1001, Spend 0.07400393486022949 seconds
2018-08-31 18:01:26,934 - root - INFO - SUCCESS    Set wait all element display in 3 seconds, Spend 0.0 seconds
2018-08-31 18:01:27,007 - root - INFO - SUCCESS    Clicked element: <id->login_btn>, Spend 0.0740041732788086 seconds
2018-08-31 18:01:27,010 - root - INFO - SUCCESS    Set wait all element display in 20 seconds, Spend 0.0009999275207519531 seconds
2018-08-31 18:01:37,680 - root - INFO - SUCCESS    Get the current window screenshot,path: E:\python excercise\JUST\JustCC\report\image\login\login.png, Spend 0.6630377769470215 seconds
2018-08-31 18:01:39,695 - root - INFO - ############################### START ###############################
2018-08-31 18:01:44,944 - root - INFO - SUCCESS    Start a new browser: Chrome, Spend 5.247300148010254 seconds
2018-08-31 18:01:46,398 - root - INFO - SUCCESS    Navigated to http://192.168.18.172, Spend 1.4530832767486572 seconds
2018-08-31 18:01:46,408 - root - INFO - SUCCESS    Set wait all element display in 10 seconds, Spend 0.009000301361083984 seconds
2018-08-31 18:01:49,551 - root - INFO - SUCCESS    Set browser window maximized, Spend 1.1420655250549316 seconds
2018-08-31 18:01:49,565 - root - INFO - SUCCESS    Set wait all element display in 5 seconds, Spend 0.0010001659393310547 seconds
2018-08-31 18:01:49,758 - root - INFO - SUCCESS    Clear and type element: <name->LoginForm[username]> content: admin, Spend 0.19301104545593262 seconds
2018-08-31 18:01:49,910 - root - INFO - SUCCESS    Clear and type element: <name->LoginForm[password]> content: admin, Spend 0.1500084400177002 seconds
2018-08-31 18:01:49,911 - root - INFO - SUCCESS    Set wait all element display in 3 seconds, Spend 0.0009999275207519531 seconds
2018-08-31 18:01:50,045 - root - INFO - SUCCESS    Clicked element: <id->login_btn>, Spend 0.1350078582763672 seconds
2018-08-31 18:01:50,050 - root - INFO - SUCCESS    Set wait all element display in 20 seconds, Spend 0.004000186920166016 seconds
2018-08-31 18:02:00,435 - root - INFO - SUCCESS    Get the current window screenshot,path: E:\python excercise\JUST\JustCC\report\image\login\login.png, Spend 0.3650209903717041 seconds
2018-08-31 18:02:02,443 - root - INFO - SUCCESS    Get current window title, Spend 0.006000041961669922 seconds
2018-08-31 18:02:05,512 - root - INFO - SUCCESS    Closed all window and quit the driver, Spend 3.0691754817962646 seconds
2018-08-31 18:02:05,513 - root - INFO - ###############################  End  ###############################
2018-08-31 18:02:18,584 - root - INFO - 发送邮件成功
