2018-09-05 09:35:23,045 - root - INFO - SUCCESS    Start a new browser: Chrome, Spend 5.369307279586792 seconds
2018-09-05 09:35:25,119 - root - INFO - SUCCESS    Navigated to http://192.168.18.172, Spend 2.0741183757781982 seconds
2018-09-05 09:35:26,258 - root - INFO - SUCCESS    Set browser window maximized, Spend 1.1370649337768555 seconds
2018-09-05 09:35:26,259 - root - INFO - SUCCESS    Set wait all element display in 5 seconds, Spend 0.0009999275207519531 seconds
2018-09-05 09:35:26,354 - root - INFO - SUCCESS    Clear and type element: <name->LoginForm[username]> content: 1001, Spend 0.09500551223754883 seconds
2018-09-05 09:35:26,435 - root - INFO - SUCCESS    Clear and type element: <name->LoginForm[password]> content: 1001, Spend 0.08000445365905762 seconds
2018-09-05 09:35:26,436 - root - INFO - SUCCESS    Set wait all element display in 3 seconds, Spend 0.0009999275207519531 seconds
2018-09-05 09:35:26,510 - root - INFO - SUCCESS    Clicked element: <id->login_btn>, Spend 0.07500433921813965 seconds
2018-09-05 09:35:26,511 - root - INFO - SUCCESS    Set wait all element display in 20 seconds, Spend 0.0009999275207519531 seconds
2018-09-05 09:35:36,862 - root - INFO - SUCCESS    Get the current window screenshot,path: E:\python excercise\JUST\JustCC\report\image\login\login.png, Spend 0.3410193920135498 seconds
2018-09-05 09:35:38,867 - root - INFO - ############################### START ###############################
2018-09-05 09:35:43,665 - root - INFO - SUCCESS    Start a new browser: Chrome, Spend 4.797274351119995 seconds
2018-09-05 09:35:44,551 - root - INFO - SUCCESS    Navigated to http://192.168.18.172, Spend 0.8860507011413574 seconds
2018-09-05 09:35:44,552 - root - INFO - SUCCESS    Set wait all element display in 10 seconds, Spend 0.0009999275207519531 seconds
2018-09-05 09:35:47,674 - root - INFO - SUCCESS    Set browser window maximized, Spend 1.1200642585754395 seconds
2018-09-05 09:35:49,624 - root - INFO - SUCCESS    Set wait all element display in 10 seconds, Spend 0.0009999275207519531 seconds
2018-09-05 09:35:49,626 - root - INFO - SUCCESS    Set wait all element display in 5 seconds, Spend 0.0010001659393310547 seconds
2018-09-05 09:35:49,735 - root - INFO - SUCCESS    Typed element: <xpath->//*[@id="top_search"]> content: 13421344506, Spend 0.10900616645812988 seconds
2018-09-05 09:35:49,740 - root - INFO - SUCCESS    Set wait all element display in 5 seconds, Spend 0.0030002593994140625 seconds
2018-09-05 09:35:49,753 - root - INFO - SUCCESS    Use javascript click element: $('.makeCall').click(), Spend 0.013000726699829102 seconds
2018-09-05 09:35:53,125 - root - INFO - SUCCESS    Get the current window screenshot,path: E:\python excercise\JUST\JustCC\report\image\toolbar\quickcall.png, Spend 0.369020938873291 seconds
2018-09-05 09:35:56,160 - root - INFO - SUCCESS    Closed all window and quit the driver, Spend 3.0351736545562744 seconds
2018-09-05 09:35:56,161 - root - INFO - ###############################  End  ###############################
2018-09-05 09:36:09,251 - root - INFO - 发送邮件成功
2018-09-05 09:53:49,940 - root - INFO - SUCCESS    Start a new browser: Chrome, Spend 4.777273178100586 seconds
2018-09-05 09:53:51,316 - root - INFO - SUCCESS    Navigated to http://192.168.18.172, Spend 1.3740787506103516 seconds
2018-09-05 09:53:52,434 - root - INFO - SUCCESS    Set browser window maximized, Spend 1.1170639991760254 seconds
2018-09-05 09:53:52,435 - root - INFO - SUCCESS    Set wait all element display in 5 seconds, Spend 0.0010001659393310547 seconds
2018-09-05 09:53:52,520 - root - INFO - SUCCESS    Clear and type element: <name->LoginForm[username]> content: 1001, Spend 0.08500480651855469 seconds
2018-09-05 09:53:52,593 - root - INFO - SUCCESS    Clear and type element: <name->LoginForm[password]> content: 1001, Spend 0.07300424575805664 seconds
2018-09-05 09:53:52,595 - root - INFO - SUCCESS    Set wait all element display in 3 seconds, Spend 0.0 seconds
2018-09-05 09:53:52,659 - root - INFO - SUCCESS    Clicked element: <id->login_btn>, Spend 0.06500387191772461 seconds
2018-09-05 09:53:52,660 - root - INFO - SUCCESS    Set wait all element display in 20 seconds, Spend 0.0009999275207519531 seconds
2018-09-05 09:54:02,982 - root - INFO - SUCCESS    Get the current window screenshot,path: E:\python excercise\JUST\JustCC\report\image\login\login.png, Spend 0.3170185089111328 seconds
2018-09-05 09:54:04,987 - root - INFO - ############################### START ###############################
2018-09-05 09:54:09,766 - root - INFO - SUCCESS    Start a new browser: Chrome, Spend 4.778273105621338 seconds
2018-09-05 09:54:11,076 - root - INFO - SUCCESS    Navigated to http://192.168.18.172, Spend 1.308074712753296 seconds
2018-09-05 09:54:11,077 - root - INFO - SUCCESS    Set wait all element display in 10 seconds, Spend 0.0009999275207519531 seconds
2018-09-05 09:54:14,192 - root - INFO - SUCCESS    Set browser window maximized, Spend 1.1140637397766113 seconds
2018-09-05 09:54:16,159 - root - INFO - SUCCESS    Set wait all element display in 10 seconds, Spend 0.0009999275207519531 seconds
2018-09-05 09:54:16,160 - root - INFO - SUCCESS    Set wait all element display in 5 seconds, Spend 0.0010001659393310547 seconds
2018-09-05 09:54:16,271 - root - INFO - SUCCESS    Typed element: <xpath->//*[@id="top_search"]> content: 13421344506, Spend 0.11200642585754395 seconds
2018-09-05 09:54:16,272 - root - INFO - SUCCESS    Set wait all element display in 5 seconds, Spend 0.0010001659393310547 seconds
2018-09-05 09:54:16,286 - root - INFO - SUCCESS    Use javascript click element: $('.makeCall').click(), Spend 0.013000726699829102 seconds
2018-09-05 09:54:19,612 - root - INFO - SUCCESS    Get the current window screenshot,path: E:\python excercise\JUST\JustCC\report\image\toolbar\quickcall.png, Spend 0.32501864433288574 seconds
2018-09-05 09:54:22,640 - root - INFO - SUCCESS    Closed all window and quit the driver, Spend 3.0281734466552734 seconds
2018-09-05 09:54:22,640 - root - INFO - ###############################  End  ###############################
2018-09-05 09:54:25,731 - root - INFO - 发送邮件成功
2018-09-05 15:30:16,898 - root - INFO - SUCCESS    Start a new browser: Chrome, Spend 6.107349157333374 seconds
2018-09-05 15:30:17,660 - root - INFO - SUCCESS    Navigated to http://192.168.18.172, Spend 0.7600436210632324 seconds
2018-09-05 15:30:18,845 - root - INFO - SUCCESS    Set browser window maximized, Spend 1.182067632675171 seconds
2018-09-05 15:30:18,846 - root - INFO - SUCCESS    Set wait all element display in 5 seconds, Spend 0.0010001659393310547 seconds
2018-09-05 15:30:19,004 - root - INFO - SUCCESS    Clear and type element: <name->LoginForm[username]> content: 1001, Spend 0.15600895881652832 seconds
2018-09-05 15:30:19,139 - root - INFO - SUCCESS    Clear and type element: <name->LoginForm[password]> content: 1001, Spend 0.13400745391845703 seconds
2018-09-05 15:30:19,144 - root - INFO - SUCCESS    Set wait all element display in 3 seconds, Spend 0.003000020980834961 seconds
2018-09-05 15:30:19,261 - root - INFO - SUCCESS    Clicked element: <id->login_btn>, Spend 0.11900663375854492 seconds
2018-09-05 15:30:19,266 - root - INFO - SUCCESS    Set wait all element display in 20 seconds, Spend 0.002000093460083008 seconds
2018-09-05 15:30:29,828 - root - INFO - SUCCESS    Get the current window screenshot,path: E:\python excercise\JUST\JustCC\report\image\login\login.png, Spend 0.5440309047698975 seconds
2018-09-05 15:30:31,839 - root - INFO - ############################### START ###############################
2018-09-05 15:30:37,558 - root - INFO - SUCCESS    Start a new browser: Chrome, Spend 5.718327045440674 seconds
2018-09-05 15:30:39,190 - root - INFO - SUCCESS    Navigated to http://192.168.18.172, Spend 1.6310932636260986 seconds
2018-09-05 15:30:39,192 - root - INFO - SUCCESS    Set wait all element display in 10 seconds, Spend 0.002000093460083008 seconds
2018-09-05 15:30:42,341 - root - INFO - SUCCESS    Set browser window maximized, Spend 1.1490657329559326 seconds
2018-09-05 15:30:44,742 - root - INFO - SUCCESS    Set wait all element display in 10 seconds, Spend 0.002000093460083008 seconds
2018-09-05 15:30:44,744 - root - INFO - SUCCESS    Set wait all element display in 5 seconds, Spend 0.0010004043579101562 seconds
2018-09-05 15:30:44,986 - root - INFO - SUCCESS    Typed element: <xpath->//*[@id="top_search"]> content: 13421344506, Spend 0.241013765335083 seconds
2018-09-05 15:30:44,990 - root - INFO - SUCCESS    Set wait all element display in 5 seconds, Spend 0.003000020980834961 seconds
2018-09-05 15:30:45,020 - root - INFO - SUCCESS    Use javascript click element: $('.makeCall').click(), Spend 0.029001712799072266 seconds
2018-09-05 15:30:48,390 - root - INFO - SUCCESS    Get the current window screenshot,path: E:\python excercise\JUST\JustCC\report\image\toolbar\quickcall.png, Spend 0.36802101135253906 seconds
2018-09-05 15:30:51,442 - root - INFO - SUCCESS    Closed all window and quit the driver, Spend 3.0511748790740967 seconds
2018-09-05 15:30:51,444 - root - INFO - ###############################  End  ###############################
2018-09-05 15:30:54,508 - root - INFO - 发送邮件成功
2018-09-05 15:53:22,887 - root - INFO - SUCCESS    Start a new browser: Chrome, Spend 6.054346084594727 seconds
2018-09-05 15:53:23,967 - root - INFO - SUCCESS    Navigated to http://192.168.18.172, Spend 1.07906174659729 seconds
2018-09-05 15:53:25,107 - root - INFO - SUCCESS    Set browser window maximized, Spend 1.1350648403167725 seconds
2018-09-05 15:53:25,109 - root - INFO - SUCCESS    Set wait all element display in 5 seconds, Spend 0.002000093460083008 seconds
2018-09-05 15:53:25,281 - root - INFO - SUCCESS    Clear and type element: <name->LoginForm[username]> content: 1001, Spend 0.17200994491577148 seconds
2018-09-05 15:53:25,415 - root - INFO - SUCCESS    Clear and type element: <name->LoginForm[password]> content: 1001, Spend 0.13200759887695312 seconds
2018-09-05 15:53:25,418 - root - INFO - SUCCESS    Set wait all element display in 3 seconds, Spend 0.002000093460083008 seconds
2018-09-05 15:53:25,535 - root - INFO - SUCCESS    Clicked element: <id->login_btn>, Spend 0.11900687217712402 seconds
2018-09-05 15:53:25,553 - root - INFO - SUCCESS    Set wait all element display in 20 seconds, Spend 0.009000301361083984 seconds
2018-09-05 15:53:35,921 - root - INFO - SUCCESS    Get the current window screenshot,path: E:\python excercise\JUST\JustCC\report\image\login\login.png, Spend 0.352020263671875 seconds
2018-09-05 15:53:37,967 - root - INFO - ############################### START ###############################
2018-09-05 15:53:43,187 - root - INFO - SUCCESS    Start a new browser: Chrome, Spend 5.218298435211182 seconds
2018-09-05 15:53:44,848 - root - INFO - SUCCESS    Navigated to http://192.168.18.172, Spend 1.6610949039459229 seconds
2018-09-05 15:53:44,850 - root - INFO - SUCCESS    Set wait all element display in 10 seconds, Spend 0.0009999275207519531 seconds
2018-09-05 15:53:47,995 - root - INFO - SUCCESS    Set browser window maximized, Spend 1.1450655460357666 seconds
2018-09-05 15:53:50,342 - root - INFO - SUCCESS    Set wait all element display in 10 seconds, Spend 0.0010001659393310547 seconds
2018-09-05 15:53:50,344 - root - INFO - SUCCESS    Set wait all element display in 5 seconds, Spend 0.0010001659393310547 seconds
2018-09-05 15:53:50,591 - root - INFO - SUCCESS    Typed element: <xpath->//*[@id="top_search"]> content: 13421344506, Spend 0.24901437759399414 seconds
2018-09-05 15:53:50,593 - root - INFO - SUCCESS    Set wait all element display in 5 seconds, Spend 0.002000093460083008 seconds
2018-09-05 15:53:50,621 - root - INFO - SUCCESS    Use javascript click element: $('.makeCall').click(), Spend 0.027001380920410156 seconds
2018-09-05 15:53:53,991 - root - INFO - SUCCESS    Get the current window screenshot,path: E:\python excercise\JUST\JustCC\report\image\toolbar\quickcall.png, Spend 0.36802101135253906 seconds
2018-09-05 15:53:57,062 - root - INFO - SUCCESS    Closed all window and quit the driver, Spend 3.0701756477355957 seconds
2018-09-05 15:53:57,063 - root - INFO - ###############################  End  ###############################
2018-09-05 15:54:00,125 - root - INFO - 发送邮件成功
2018-09-05 15:54:39,335 - root - INFO - SUCCESS    Start a new browser: Chrome, Spend 5.1692955493927 seconds
2018-09-05 15:54:40,505 - root - INFO - SUCCESS    Navigated to http://192.168.18.172, Spend 1.1670665740966797 seconds
2018-09-05 15:54:41,632 - root - INFO - SUCCESS    Set browser window maximized, Spend 1.1270644664764404 seconds
2018-09-05 15:54:41,639 - root - INFO - SUCCESS    Set wait all element display in 5 seconds, Spend 0.0010001659393310547 seconds
2018-09-05 15:54:41,785 - root - INFO - SUCCESS    Clear and type element: <name->LoginForm[username]> content: 1112, Spend 0.14600849151611328 seconds
2018-09-05 15:54:41,944 - root - INFO - SUCCESS    Clear and type element: <name->LoginForm[password]> content: 1112, Spend 0.15700888633728027 seconds
2018-09-05 15:54:41,949 - root - INFO - SUCCESS    Set wait all element display in 3 seconds, Spend 0.003000020980834961 seconds
2018-09-05 15:54:42,062 - root - INFO - SUCCESS    Clicked element: <id->login_btn>, Spend 0.1150064468383789 seconds
2018-09-05 15:54:42,067 - root - INFO - SUCCESS    Set wait all element display in 20 seconds, Spend 0.004000186920166016 seconds
2018-09-05 15:54:52,736 - root - INFO - SUCCESS    Get the current window screenshot,path: E:\python excercise\JUST\JustCC\report\image\login\login.png, Spend 0.6530373096466064 seconds
2018-09-05 15:54:54,758 - root - INFO - ############################### START ###############################
2018-09-05 15:54:59,879 - root - INFO - SUCCESS    Start a new browser: Chrome, Spend 5.12129282951355 seconds
2018-09-05 15:55:01,336 - root - INFO - SUCCESS    Navigated to http://192.168.18.172, Spend 1.4560832977294922 seconds
2018-09-05 15:55:01,338 - root - INFO - SUCCESS    Set wait all element display in 10 seconds, Spend 0.0010001659393310547 seconds
2018-09-05 15:55:04,462 - root - INFO - SUCCESS    Set browser window maximized, Spend 1.1220641136169434 seconds
2018-09-05 15:55:04,848 - root - INFO - SUCCESS    Set wait all element display in 10 seconds, Spend 0.0010001659393310547 seconds
2018-09-05 15:55:04,856 - root - INFO - SUCCESS    Set wait all element display in 5 seconds, Spend 0.005000114440917969 seconds
2018-09-05 15:55:10,915 - root - INFO - FAIL    Unable to type element: <xpath->//*[@id="top_search"]> content: 13421344506, Spend 6.066346883773804 seconds
2018-09-05 15:55:14,008 - root - INFO - SUCCESS    Closed all window and quit the driver, Spend 3.091176986694336 seconds
2018-09-05 15:55:14,008 - root - INFO - ###############################  End  ###############################
2018-09-05 15:55:27,149 - root - INFO - 发送邮件成功
2018-09-05 15:56:52,895 - root - INFO - SUCCESS    Start a new browser: Chrome, Spend 5.263301134109497 seconds
2018-09-05 15:56:54,448 - root - INFO - SUCCESS    Navigated to http://192.168.18.172, Spend 1.552088975906372 seconds
2018-09-05 15:56:55,571 - root - INFO - SUCCESS    Set browser window maximized, Spend 1.1220641136169434 seconds
2018-09-05 15:56:55,572 - root - INFO - SUCCESS    Set wait all element display in 5 seconds, Spend 0.0010001659393310547 seconds
2018-09-05 15:56:55,720 - root - INFO - SUCCESS    Clear and type element: <name->LoginForm[username]> content: 1112, Spend 0.14600825309753418 seconds
2018-09-05 15:56:55,845 - root - INFO - SUCCESS    Clear and type element: <name->LoginForm[password]> content: 1112, Spend 0.12200689315795898 seconds
2018-09-05 15:56:55,855 - root - INFO - SUCCESS    Set wait all element display in 3 seconds, Spend 0.0009999275207519531 seconds
2018-09-05 15:56:55,963 - root - INFO - SUCCESS    Clicked element: <id->login_btn>, Spend 0.10900592803955078 seconds
2018-09-05 15:56:55,968 - root - INFO - SUCCESS    Set wait all element display in 20 seconds, Spend 0.002000093460083008 seconds
2018-09-05 15:57:06,332 - root - INFO - SUCCESS    Get the current window screenshot,path: E:\python excercise\JUST\JustCC\report\image\login\login.png, Spend 0.3560202121734619 seconds
2018-09-05 15:57:08,342 - root - INFO - ############################### START ###############################
2018-09-05 15:57:13,495 - root - INFO - SUCCESS    Start a new browser: Chrome, Spend 5.151294708251953 seconds
2018-09-05 15:57:16,170 - root - INFO - SUCCESS    Navigated to http://192.168.18.172, Spend 2.6731529235839844 seconds
2018-09-05 15:57:16,172 - root - INFO - SUCCESS    Set wait all element display in 10 seconds, Spend 0.0020003318786621094 seconds
2018-09-05 15:57:19,294 - root - INFO - SUCCESS    Set browser window maximized, Spend 1.1210641860961914 seconds
2018-09-05 15:57:21,295 - root - INFO - SUCCESS    Set wait all element display in 10 seconds, Spend 0.016000986099243164 seconds
2018-09-05 15:57:21,299 - root - INFO - SUCCESS    Set wait all element display in 5 seconds, Spend 0.002000093460083008 seconds
2018-09-05 15:57:21,503 - root - INFO - SUCCESS    Typed element: <xpath->//*[@id="top_search"]> content: 13421344506, Spend 0.20601153373718262 seconds
2018-09-05 15:57:21,511 - root - INFO - SUCCESS    Set wait all element display in 5 seconds, Spend 0.007000446319580078 seconds
2018-09-05 15:57:21,546 - root - INFO - SUCCESS    Use javascript click element: $('.makeCall').click(), Spend 0.034001827239990234 seconds
2018-09-05 15:57:52,551 - root - INFO - SUCCESS    Get the current window screenshot,path: E:\python excercise\JUST\JustCC\report\image\toolbar\quickcall.png, Spend 28.003601789474487 seconds
2018-09-05 15:57:55,632 - root - INFO - SUCCESS    Closed all window and quit the driver, Spend 3.081176519393921 seconds
2018-09-05 15:57:55,632 - root - INFO - ###############################  End  ###############################
2018-09-05 15:57:58,742 - root - INFO - 发送邮件成功
2018-09-05 16:25:22,437 - root - INFO - SUCCESS    Start a new browser: Chrome, Spend 5.21029806137085 seconds
2018-09-05 16:25:23,720 - root - INFO - SUCCESS    Navigated to http://192.168.18.172, Spend 1.2820734977722168 seconds
2018-09-05 16:25:24,843 - root - INFO - SUCCESS    Set browser window maximized, Spend 1.1210641860961914 seconds
2018-09-05 16:25:24,845 - root - INFO - SUCCESS    Set wait all element display in 5 seconds, Spend 0.0009999275207519531 seconds
2018-09-05 16:25:24,996 - root - INFO - SUCCESS    Clear and type element: <name->LoginForm[username]> content: 1112, Spend 0.15100884437561035 seconds
2018-09-05 16:25:25,134 - root - INFO - SUCCESS    Clear and type element: <name->LoginForm[password]> content: 1112, Spend 0.13600778579711914 seconds
2018-09-05 16:25:25,142 - root - INFO - SUCCESS    Set wait all element display in 3 seconds, Spend 0.0030002593994140625 seconds
2018-09-05 16:25:25,296 - root - INFO - SUCCESS    Clicked element: <id->login_btn>, Spend 0.15700912475585938 seconds
2018-09-05 16:25:25,298 - root - INFO - SUCCESS    Set wait all element display in 20 seconds, Spend 0.0010001659393310547 seconds
2018-09-05 16:25:35,955 - root - INFO - SUCCESS    Get the current window screenshot,path: E:\python excercise\JUST\JustCC\report\image\login\login.png, Spend 0.6270358562469482 seconds
2018-09-05 16:25:37,963 - root - INFO - ############################### START ###############################
2018-09-05 16:25:43,268 - root - INFO - SUCCESS    Start a new browser: Chrome, Spend 5.3023035526275635 seconds
2018-09-05 16:25:44,541 - root - INFO - SUCCESS    Navigated to http://192.168.18.172, Spend 1.2710728645324707 seconds
2018-09-05 16:25:44,548 - root - INFO - SUCCESS    Set wait all element display in 10 seconds, Spend 0.006000518798828125 seconds
2018-09-05 16:25:47,679 - root - INFO - SUCCESS    Set browser window maximized, Spend 1.1300647258758545 seconds
2018-09-05 16:25:49,919 - root - INFO - SUCCESS    Set wait all element display in 10 seconds, Spend 0.002000093460083008 seconds
2018-09-05 16:25:49,923 - root - INFO - SUCCESS    Set wait all element display in 5 seconds, Spend 0.002000093460083008 seconds
2018-09-05 16:25:50,151 - root - INFO - SUCCESS    Typed element: <xpath->//*[@id="top_search"]> content: 13421344506, Spend 0.23001313209533691 seconds
2018-09-05 16:25:50,154 - root - INFO - SUCCESS    Set wait all element display in 5 seconds, Spend 0.003000497817993164 seconds
2018-09-05 16:25:50,180 - root - INFO - SUCCESS    Use javascript click element: $('.makeCall').click(), Spend 0.025001049041748047 seconds
2018-09-05 16:26:21,067 - root - INFO - SUCCESS    Get the current window screenshot,path: E:\python excercise\JUST\JustCC\report\image\toolbar\quickcall.png, Spend 27.885594844818115 seconds
2018-09-05 16:26:24,152 - root - INFO - SUCCESS    Closed all window and quit the driver, Spend 3.0841763019561768 seconds
2018-09-05 16:26:24,153 - root - INFO - ###############################  End  ###############################
2018-09-05 16:26:37,334 - root - INFO - 发送邮件成功
2018-09-05 16:30:18,949 - root - INFO - SUCCESS    Start a new browser: Chrome, Spend 5.310303449630737 seconds
2018-09-05 16:30:20,108 - root - INFO - SUCCESS    Navigated to http://192.168.18.172, Spend 1.1570663452148438 seconds
2018-09-05 16:30:21,249 - root - INFO - SUCCESS    Set browser window maximized, Spend 1.1390652656555176 seconds
2018-09-05 16:30:21,253 - root - INFO - SUCCESS    Set wait all element display in 5 seconds, Spend 0.0019998550415039062 seconds
2018-09-05 16:30:21,440 - root - INFO - SUCCESS    Clear and type element: <name->LoginForm[username]> content: 1112, Spend 0.1870105266571045 seconds
2018-09-05 16:30:21,611 - root - INFO - SUCCESS    Clear and type element: <name->LoginForm[password]> content: 1112, Spend 0.1650094985961914 seconds
2018-09-05 16:30:21,615 - root - INFO - SUCCESS    Set wait all element display in 3 seconds, Spend 0.002000093460083008 seconds
2018-09-05 16:30:21,742 - root - INFO - SUCCESS    Clicked element: <id->login_btn>, Spend 0.13000726699829102 seconds
2018-09-05 16:30:21,744 - root - INFO - SUCCESS    Set wait all element display in 20 seconds, Spend 0.0009999275207519531 seconds
2018-09-05 16:30:32,125 - root - INFO - SUCCESS    Get the current window screenshot,path: E:\python excercise\JUST\JustCC\report\image\login\login.png, Spend 0.3710212707519531 seconds
2018-09-05 16:30:34,131 - root - INFO - ############################### START ###############################
2018-09-05 16:30:39,415 - root - INFO - SUCCESS    Start a new browser: Chrome, Spend 5.282302141189575 seconds
2018-09-05 16:30:40,470 - root - INFO - SUCCESS    Navigated to http://192.168.18.172, Spend 1.0550603866577148 seconds
2018-09-05 16:30:40,472 - root - INFO - SUCCESS    Set wait all element display in 10 seconds, Spend 0.002000093460083008 seconds
2018-09-05 16:30:43,604 - root - INFO - SUCCESS    Set browser window maximized, Spend 1.1320648193359375 seconds
2018-09-05 16:30:45,383 - root - INFO - SUCCESS    Set wait all element display in 10 seconds, Spend 0.0010001659393310547 seconds
2018-09-05 16:30:45,385 - root - INFO - SUCCESS    Set wait all element display in 5 seconds, Spend 0.0010001659393310547 seconds
2018-09-05 16:30:45,603 - root - INFO - SUCCESS    Typed element: <xpath->//*[@id="top_search"]> content: 13421344506, Spend 0.21901249885559082 seconds
2018-09-05 16:30:45,611 - root - INFO - SUCCESS    Set wait all element display in 5 seconds, Spend 0.00800013542175293 seconds
2018-09-05 16:30:45,634 - root - INFO - SUCCESS    Use javascript click element: $('.makeCall').click(), Spend 0.021001338958740234 seconds
2018-09-05 16:31:16,495 - root - INFO - SUCCESS    Get the current window screenshot,path: E:\python excercise\JUST\JustCC\report\image\toolbar\quickcall.png, Spend 27.859593629837036 seconds
2018-09-05 16:31:19,603 - root - INFO - SUCCESS    Closed all window and quit the driver, Spend 3.107177734375 seconds
2018-09-05 16:31:19,604 - root - INFO - ###############################  End  ###############################
2018-09-05 16:31:22,666 - root - INFO - 发送邮件成功
2018-09-05 17:33:41,808 - root - INFO - SUCCESS    Start a new browser: Chrome, Spend 5.383307933807373 seconds
2018-09-05 17:33:42,675 - root - INFO - SUCCESS    Navigated to http://192.168.18.172, Spend 0.8590490818023682 seconds
2018-09-05 17:33:43,818 - root - INFO - SUCCESS    Set browser window maximized, Spend 1.1420652866363525 seconds
2018-09-05 17:33:43,820 - root - INFO - SUCCESS    Set wait all element display in 5 seconds, Spend 0.0020003318786621094 seconds
2018-09-05 17:33:43,994 - root - INFO - SUCCESS    Clear and type element: <name->LoginForm[username]> content: 1112, Spend 0.17300987243652344 seconds
2018-09-05 17:33:44,137 - root - INFO - SUCCESS    Clear and type element: <name->LoginForm[password]> content: 1112, Spend 0.14300823211669922 seconds
2018-09-05 17:33:44,142 - root - INFO - SUCCESS    Set wait all element display in 3 seconds, Spend 0.0009999275207519531 seconds
2018-09-05 17:33:44,273 - root - INFO - SUCCESS    Clicked element: <id->login_btn>, Spend 0.13100743293762207 seconds
2018-09-05 17:33:44,285 - root - INFO - SUCCESS    Set wait all element display in 20 seconds, Spend 0.011000871658325195 seconds
2018-09-05 17:33:54,670 - root - INFO - SUCCESS    Get the current window screenshot,path: E:\python excercise\JUST\JustCC\report\image\login\login.png, Spend 0.3690211772918701 seconds
2018-09-05 17:33:56,676 - root - INFO - ############################### START ###############################
2018-09-05 17:34:01,854 - root - INFO - SUCCESS    Start a new browser: Chrome, Spend 5.177295923233032 seconds
2018-09-05 17:34:03,227 - root - INFO - SUCCESS    Navigated to http://192.168.18.172, Spend 1.3720781803131104 seconds
2018-09-05 17:34:03,232 - root - INFO - SUCCESS    Set wait all element display in 10 seconds, Spend 0.0030002593994140625 seconds
2018-09-05 17:34:06,354 - root - INFO - SUCCESS    Set browser window maximized, Spend 1.1210639476776123 seconds
2018-09-05 17:34:08,524 - root - INFO - SUCCESS    Set wait all element display in 10 seconds, Spend 0.005000114440917969 seconds
2018-09-05 17:34:08,529 - root - INFO - SUCCESS    Set wait all element display in 5 seconds, Spend 0.004000186920166016 seconds
2018-09-05 17:34:08,714 - root - INFO - SUCCESS    Typed element: <xpath->//*[@id="top_search"]> content: 13421344506, Spend 0.18801069259643555 seconds
2018-09-05 17:34:08,718 - root - INFO - SUCCESS    Set wait all element display in 5 seconds, Spend 0.002000093460083008 seconds
2018-09-05 17:34:08,737 - root - INFO - SUCCESS    Use javascript click element: $('.makeCall').click(), Spend 0.01800084114074707 seconds
2018-09-05 17:34:12,102 - root - INFO - SUCCESS    Get the current window screenshot,path: E:\python excercise\JUST\JustCC\report\image\toolbar\quickcall.png, Spend 0.36402082443237305 seconds
2018-09-05 17:34:15,217 - root - INFO - SUCCESS    Closed all window and quit the driver, Spend 3.113178014755249 seconds
2018-09-05 17:34:15,218 - root - INFO - ###############################  End  ###############################
2018-09-05 17:34:18,291 - root - INFO - 发送邮件成功
2018-09-05 17:48:52,733 - root - INFO - SUCCESS    Start a new browser: Chrome, Spend 5.268301248550415 seconds
2018-09-05 17:48:53,699 - root - INFO - SUCCESS    Navigated to http://192.168.18.172, Spend 0.9650552272796631 seconds
2018-09-05 17:48:54,849 - root - INFO - SUCCESS    Set browser window maximized, Spend 1.1480655670166016 seconds
2018-09-05 17:48:54,856 - root - INFO - SUCCESS    Set wait all element display in 5 seconds, Spend 0.002000093460083008 seconds
2018-09-05 17:48:55,077 - root - INFO - SUCCESS    Clear and type element: <name->LoginForm[username]> content: 1112, Spend 0.21901249885559082 seconds
2018-09-05 17:48:55,298 - root - INFO - SUCCESS    Clear and type element: <name->LoginForm[password]> content: 1112, Spend 0.22001266479492188 seconds
2018-09-05 17:48:55,303 - root - INFO - SUCCESS    Set wait all element display in 3 seconds, Spend 0.003000020980834961 seconds
2018-09-05 17:48:55,494 - root - INFO - SUCCESS    Clicked element: <id->login_btn>, Spend 0.19501113891601562 seconds
2018-09-05 17:48:55,513 - root - INFO - SUCCESS    Set wait all element display in 20 seconds, Spend 0.012000799179077148 seconds
2018-09-05 17:49:05,899 - root - INFO - SUCCESS    Get the current window screenshot,path: E:\python excercise\JUST\JustCC\report\image\login\login.png, Spend 0.34401965141296387 seconds
2018-09-05 17:49:07,916 - root - INFO - ############################### START ###############################
2018-09-05 17:49:13,229 - root - INFO - SUCCESS    Start a new browser: Chrome, Spend 5.3123040199279785 seconds
2018-09-05 17:49:14,664 - root - INFO - SUCCESS    Navigated to http://192.168.18.172, Spend 1.43408203125 seconds
2018-09-05 17:49:14,667 - root - INFO - SUCCESS    Set wait all element display in 10 seconds, Spend 0.002000093460083008 seconds
2018-09-05 17:49:17,833 - root - INFO - SUCCESS    Set browser window maximized, Spend 1.1640665531158447 seconds
2018-09-05 17:49:19,624 - root - INFO - SUCCESS    Set wait all element display in 10 seconds, Spend 0.0009999275207519531 seconds
2018-09-05 17:49:19,626 - root - INFO - SUCCESS    Set wait all element display in 5 seconds, Spend 0.0010001659393310547 seconds
2018-09-05 17:49:19,839 - root - INFO - SUCCESS    Typed element: <xpath->//*[@id="top_search"]> content: 13421344506, Spend 0.21401238441467285 seconds
2018-09-05 17:49:19,842 - root - INFO - SUCCESS    Set wait all element display in 5 seconds, Spend 0.0010001659393310547 seconds
2018-09-05 17:49:19,861 - root - INFO - SUCCESS    Use javascript click element: $('.makeCall').click(), Spend 0.019001245498657227 seconds
2018-09-05 17:49:23,219 - root - INFO - SUCCESS    Get the current window screenshot,path: E:\python excercise\JUST\JustCC\report\image\toolbar\quickcall.png, Spend 0.35702037811279297 seconds
2018-09-05 17:49:26,281 - root - INFO - SUCCESS    Closed all window and quit the driver, Spend 3.0611748695373535 seconds
2018-09-05 17:49:26,282 - root - INFO - ###############################  End  ###############################
2018-09-05 17:49:29,402 - root - INFO - 发送邮件成功
2018-09-05 17:52:10,400 - root - INFO - SUCCESS    Start a new browser: Chrome, Spend 5.058289051055908 seconds
2018-09-05 17:52:11,297 - root - INFO - SUCCESS    Navigated to http://192.168.18.172, Spend 0.8960514068603516 seconds
2018-09-05 17:52:12,431 - root - INFO - SUCCESS    Set browser window maximized, Spend 1.1300644874572754 seconds
2018-09-05 17:52:12,436 - root - INFO - SUCCESS    Set wait all element display in 5 seconds, Spend 0.002000093460083008 seconds
2018-09-05 17:52:12,566 - root - INFO - SUCCESS    Clear and type element: <name->LoginForm[username]> content: 1112, Spend 0.12900733947753906 seconds
2018-09-05 17:52:12,677 - root - INFO - SUCCESS    Clear and type element: <name->LoginForm[password]> content: 1112, Spend 0.11000633239746094 seconds
2018-09-05 17:52:12,687 - root - INFO - SUCCESS    Set wait all element display in 3 seconds, Spend 0.002000093460083008 seconds
2018-09-05 17:52:12,801 - root - INFO - SUCCESS    Clicked element: <id->login_btn>, Spend 0.11400651931762695 seconds
2018-09-05 17:52:12,803 - root - INFO - SUCCESS    Set wait all element display in 20 seconds, Spend 0.0020003318786621094 seconds
2018-09-05 17:52:23,199 - root - INFO - SUCCESS    Get the current window screenshot,path: E:\python excercise\JUST\JustCC\report\image\login\login.png, Spend 0.37702131271362305 seconds
2018-09-05 17:52:25,208 - root - INFO - ############################### START ###############################
2018-09-05 17:52:30,379 - root - INFO - SUCCESS    Start a new browser: Chrome, Spend 5.168295621871948 seconds
2018-09-05 17:52:31,556 - root - INFO - SUCCESS    Navigated to http://192.168.18.172, Spend 1.1770672798156738 seconds
2018-09-05 17:52:31,568 - root - INFO - SUCCESS    Set wait all element display in 10 seconds, Spend 0.012000799179077148 seconds
2018-09-05 17:52:34,712 - root - INFO - SUCCESS    Set browser window maximized, Spend 1.1430654525756836 seconds
2018-09-05 17:52:36,775 - root - INFO - SUCCESS    Set wait all element display in 10 seconds, Spend 0.004000186920166016 seconds
2018-09-05 17:52:36,783 - root - INFO - SUCCESS    Set wait all element display in 5 seconds, Spend 0.003999948501586914 seconds
2018-09-05 17:52:37,069 - root - INFO - SUCCESS    Typed element: <xpath->//*[@id="top_search"]> content: 13421344506, Spend 0.29201674461364746 seconds
2018-09-05 17:52:37,076 - root - INFO - SUCCESS    Set wait all element display in 5 seconds, Spend 0.005000114440917969 seconds
2018-09-05 17:52:37,102 - root - INFO - SUCCESS    Use javascript click element: $('.makeCall').click(), Spend 0.024001598358154297 seconds
2018-09-05 17:52:40,465 - root - INFO - SUCCESS    Get the current window screenshot,path: E:\python excercise\JUST\JustCC\report\image\toolbar\quickcall.png, Spend 0.36202073097229004 seconds
2018-09-05 17:52:43,564 - root - INFO - SUCCESS    Closed all window and quit the driver, Spend 3.099177360534668 seconds
2018-09-05 17:52:43,565 - root - INFO - ###############################  End  ###############################
2018-09-05 17:52:46,656 - root - INFO - 发送邮件成功
2018-09-05 17:58:18,623 - root - INFO - SUCCESS    Start a new browser: Chrome, Spend 5.108292102813721 seconds
2018-09-05 17:58:20,178 - root - INFO - SUCCESS    Navigated to http://192.168.18.172, Spend 1.552088737487793 seconds
2018-09-05 17:58:21,385 - root - INFO - SUCCESS    Set browser window maximized, Spend 1.206068992614746 seconds
2018-09-05 17:58:21,386 - root - INFO - SUCCESS    Set wait all element display in 5 seconds, Spend 0.0010004043579101562 seconds
2018-09-05 17:58:21,512 - root - INFO - SUCCESS    Clear and type element: <name->LoginForm[username]> content: 1112, Spend 0.12300705909729004 seconds
2018-09-05 17:58:21,624 - root - INFO - SUCCESS    Clear and type element: <name->LoginForm[password]> content: 1112, Spend 0.10700607299804688 seconds
2018-09-05 17:58:21,628 - root - INFO - SUCCESS    Set wait all element display in 3 seconds, Spend 0.0020003318786621094 seconds
2018-09-05 17:58:21,735 - root - INFO - SUCCESS    Clicked element: <id->login_btn>, Spend 0.10900640487670898 seconds
2018-09-05 17:58:21,743 - root - INFO - SUCCESS    Set wait all element display in 20 seconds, Spend 0.0020003318786621094 seconds
2018-09-05 17:58:32,115 - root - INFO - SUCCESS    Get the current window screenshot,path: E:\python excercise\JUST\JustCC\report\image\login\login.png, Spend 0.3610208034515381 seconds
2018-09-05 17:58:34,123 - root - INFO - ############################### START ###############################
2018-09-05 17:58:39,243 - root - INFO - SUCCESS    Start a new browser: Chrome, Spend 5.118292808532715 seconds
2018-09-05 17:58:40,589 - root - INFO - SUCCESS    Navigated to http://192.168.18.172, Spend 1.3450770378112793 seconds
2018-09-05 17:58:40,593 - root - INFO - SUCCESS    Set wait all element display in 10 seconds, Spend 0.002000093460083008 seconds
2018-09-05 17:58:43,757 - root - INFO - SUCCESS    Set browser window maximized, Spend 1.1630663871765137 seconds
2018-09-05 17:58:45,830 - root - INFO - SUCCESS    Set wait all element display in 10 seconds, Spend 0.00500035285949707 seconds
2018-09-05 17:58:45,838 - root - INFO - SUCCESS    Set wait all element display in 5 seconds, Spend 0.0060002803802490234 seconds
2018-09-05 17:58:46,040 - root - INFO - SUCCESS    Typed element: <xpath->//*[@id="top_search"]> content: 13421344506, Spend 0.20701169967651367 seconds
2018-09-05 17:58:46,041 - root - INFO - SUCCESS    Set wait all element display in 5 seconds, Spend 0.0010001659393310547 seconds
2018-09-05 17:58:46,061 - root - INFO - SUCCESS    Use javascript click element: $('.makeCall').click(), Spend 0.020000934600830078 seconds
2018-09-05 17:59:05,341 - root - INFO - SUCCESS    Get the current window screenshot,path: E:\python excercise\JUST\JustCC\report\image\toolbar\quickcall.png, Spend 16.27993106842041 seconds
2018-09-05 17:59:08,473 - root - INFO - SUCCESS    Closed all window and quit the driver, Spend 3.1301791667938232 seconds
2018-09-05 17:59:08,474 - root - INFO - ###############################  End  ###############################
2018-09-05 17:59:11,606 - root - INFO - 发送邮件成功
2018-09-05 18:00:21,700 - root - INFO - SUCCESS    Start a new browser: Chrome, Spend 5.248300075531006 seconds
2018-09-05 18:00:22,701 - root - INFO - SUCCESS    Navigated to http://192.168.18.172, Spend 0.9990570545196533 seconds
2018-09-05 18:00:23,820 - root - INFO - SUCCESS    Set browser window maximized, Spend 1.1180639266967773 seconds
2018-09-05 18:00:23,824 - root - INFO - SUCCESS    Set wait all element display in 5 seconds, Spend 0.002000093460083008 seconds
2018-09-05 18:00:23,972 - root - INFO - SUCCESS    Clear and type element: <name->LoginForm[username]> content: 1112, Spend 0.14600825309753418 seconds
2018-09-05 18:00:24,101 - root - INFO - SUCCESS    Clear and type element: <name->LoginForm[password]> content: 1112, Spend 0.128007173538208 seconds
2018-09-05 18:00:24,103 - root - INFO - SUCCESS    Set wait all element display in 3 seconds, Spend 0.002000093460083008 seconds
2018-09-05 18:00:24,209 - root - INFO - SUCCESS    Clicked element: <id->login_btn>, Spend 0.10700607299804688 seconds
2018-09-05 18:00:24,216 - root - INFO - SUCCESS    Set wait all element display in 20 seconds, Spend 0.0009999275207519531 seconds
2018-09-05 18:00:34,592 - root - INFO - SUCCESS    Get the current window screenshot,path: E:\python excercise\JUST\JustCC\report\image\login\login.png, Spend 0.36202096939086914 seconds
2018-09-05 18:00:36,606 - root - INFO - ############################### START ###############################
2018-09-05 18:00:41,797 - root - INFO - SUCCESS    Start a new browser: Chrome, Spend 5.19029688835144 seconds
2018-09-05 18:00:42,805 - root - INFO - SUCCESS    Navigated to http://192.168.18.172, Spend 1.0080575942993164 seconds
2018-09-05 18:00:42,809 - root - INFO - SUCCESS    Set wait all element display in 10 seconds, Spend 0.0030002593994140625 seconds
2018-09-05 18:00:45,944 - root - INFO - SUCCESS    Set browser window maximized, Spend 1.1320648193359375 seconds
2018-09-05 18:00:48,145 - root - INFO - SUCCESS    Set wait all element display in 10 seconds, Spend 0.0010001659393310547 seconds
2018-09-05 18:00:48,150 - root - INFO - SUCCESS    Set wait all element display in 5 seconds, Spend 0.004000186920166016 seconds
2018-09-05 18:00:48,427 - root - INFO - SUCCESS    Typed element: <xpath->//*[@id="top_search"]> content: 13421344506, Spend 0.28101611137390137 seconds
2018-09-05 18:00:48,430 - root - INFO - SUCCESS    Set wait all element display in 5 seconds, Spend 0.002000093460083008 seconds
2018-09-05 18:00:48,462 - root - INFO - SUCCESS    Use javascript click element: $('.makeCall').click(), Spend 0.031001567840576172 seconds
2018-09-05 18:01:08,491 - root - INFO - SUCCESS    Get the current window screenshot,path: E:\python excercise\JUST\JustCC\report\image\toolbar\quickcall.png, Spend 17.028973817825317 seconds
2018-09-05 18:01:11,649 - root - INFO - SUCCESS    Closed all window and quit the driver, Spend 3.1581804752349854 seconds
2018-09-05 18:01:11,650 - root - INFO - ###############################  End  ###############################
2018-09-05 18:01:14,754 - root - INFO - 发送邮件成功
2018-09-05 18:08:42,555 - root - INFO - SUCCESS    Start a new browser: Chrome, Spend 5.308303594589233 seconds
2018-09-05 18:08:43,082 - root - INFO - SUCCESS    Navigated to http://192.168.18.172, Spend 0.5260300636291504 seconds
2018-09-05 18:08:44,506 - root - INFO - SUCCESS    Set browser window maximized, Spend 1.421081304550171 seconds
2018-09-05 18:08:44,511 - root - INFO - SUCCESS    Set wait all element display in 5 seconds, Spend 0.003000020980834961 seconds
2018-09-05 18:08:44,667 - root - INFO - SUCCESS    Clear and type element: <name->LoginForm[username]> content: 1112, Spend 0.1540086269378662 seconds
2018-09-05 18:08:44,809 - root - INFO - SUCCESS    Clear and type element: <name->LoginForm[password]> content: 1112, Spend 0.14200806617736816 seconds
2018-09-05 18:08:44,812 - root - INFO - SUCCESS    Set wait all element display in 3 seconds, Spend 0.0010001659393310547 seconds
2018-09-05 18:08:44,935 - root - INFO - SUCCESS    Clicked element: <id->login_btn>, Spend 0.1240072250366211 seconds
2018-09-05 18:08:44,939 - root - INFO - SUCCESS    Set wait all element display in 20 seconds, Spend 0.002000093460083008 seconds
2018-09-05 18:08:55,795 - root - INFO - SUCCESS    Get the current window screenshot,path: E:\python excercise\JUST\JustCC\report\image\login\login.png, Spend 0.8320474624633789 seconds
2018-09-05 18:08:57,824 - root - INFO - ############################### START ###############################
2018-09-05 18:09:03,226 - root - INFO - SUCCESS    Start a new browser: Chrome, Spend 5.402308940887451 seconds
2018-09-05 18:09:04,491 - root - INFO - SUCCESS    Navigated to http://192.168.18.172, Spend 1.2630722522735596 seconds
2018-09-05 18:09:04,493 - root - INFO - SUCCESS    Set wait all element display in 10 seconds, Spend 0.0009999275207519531 seconds
2018-09-05 18:09:07,636 - root - INFO - SUCCESS    Set browser window maximized, Spend 1.1410653591156006 seconds
2018-09-05 18:09:09,767 - root - INFO - SUCCESS    Set wait all element display in 10 seconds, Spend 0.007000446319580078 seconds
2018-09-05 18:09:09,773 - root - INFO - SUCCESS    Set wait all element display in 5 seconds, Spend 0.004000186920166016 seconds
2018-09-05 18:09:10,228 - root - INFO - SUCCESS    Typed element: <xpath->//*[@id="top_search"]> content: 13421344506, Spend 0.46002626419067383 seconds
2018-09-05 18:09:10,236 - root - INFO - SUCCESS    Set wait all element display in 5 seconds, Spend 0.00700068473815918 seconds
2018-09-05 18:09:10,264 - root - INFO - SUCCESS    Use javascript click element: $('.makeCall').click(), Spend 0.027001619338989258 seconds
2018-09-05 18:09:41,477 - root - INFO - SUCCESS    Get the current window screenshot,path: E:\python excercise\JUST\JustCC\report\image\toolbar\quickcall.png, Spend 28.211613655090332 seconds
2018-09-05 18:09:44,631 - root - INFO - SUCCESS    Closed all window and quit the driver, Spend 3.1541805267333984 seconds
2018-09-05 18:09:44,632 - root - INFO - ###############################  End  ###############################
2018-09-05 18:09:47,730 - root - INFO - 发送邮件成功
