2019-01-08 15:04:44,258 - root - INFO - SUCCESS    Start a new browser: Chrome, Spend 8.8975088596344 seconds
2019-01-08 15:04:45,004 - root - INFO - SUCCESS    Navigated to http://192.168.9.248, Spend 0.7430424690246582 seconds
2019-01-08 15:04:45,016 - root - INFO - SUCCESS    Set wait all element display in 10 seconds, Spend 0.004000425338745117 seconds
2019-01-08 15:04:48,182 - root - INFO - SUCCESS    Set browser window maximized, Spend 1.1520657539367676 seconds
2019-01-08 15:04:48,185 - root - INFO - SUCCESS    Set wait all element display in 5 seconds, Spend 0.0019998550415039062 seconds
2019-01-08 15:04:48,368 - root - INFO - SUCCESS    Clear and type element: <name->LoginForm[username]> content: 1112, Spend 0.18201041221618652 seconds
2019-01-08 15:04:48,520 - root - INFO - SUCCESS    Clear and type element: <name->LoginForm[password]> content: Aa111111, Spend 0.14900875091552734 seconds
2019-01-08 15:04:48,524 - root - INFO - SUCCESS    Set wait all element display in 3 seconds, Spend 0.0009999275207519531 seconds
2019-01-08 15:04:48,635 - root - INFO - SUCCESS    Clicked element: <id->login_btn>, Spend 0.11200642585754395 seconds
2019-01-08 15:04:48,645 - root - INFO - SUCCESS    Set wait all element display in 20 seconds, Spend 0.004000186920166016 seconds
2019-01-08 15:04:59,266 - root - INFO - SUCCESS    Get the current window screenshot,path: E:\python_excercise\JUST\JustCC\report\image\login\login.png, Spend 0.6180355548858643 seconds
2019-01-08 15:05:10,043 - root - INFO - SUCCESS    Start a new browser: Chrome, Spend 8.721498727798462 seconds
2019-01-08 15:05:24,393 - root - INFO - SUCCESS    Navigated to http://192.168.9.248/admin, Spend 14.347820520401001 seconds
2019-01-08 15:05:24,402 - root - INFO - SUCCESS    Set wait all element display in 10 seconds, Spend 0.00500035285949707 seconds
2019-01-08 15:05:25,590 - root - INFO - SUCCESS    Set browser window maximized, Spend 1.1860675811767578 seconds
2019-01-08 15:05:25,592 - root - INFO - SUCCESS    Set wait all element display in 5 seconds, Spend 0.0009999275207519531 seconds
2019-01-08 15:05:25,805 - root - INFO - SUCCESS    Clear and type element: <name->username> content: admin, Spend 0.21201229095458984 seconds
2019-01-08 15:05:26,045 - root - INFO - SUCCESS    Clear and type element: <name->password> content: justpass, Spend 0.2390139102935791 seconds
2019-01-08 15:05:26,055 - root - INFO - SUCCESS    Set wait all element display in 3 seconds, Spend 0.00500035285949707 seconds
2019-01-08 15:05:27,205 - root - INFO - SUCCESS    Clicked element: <css->#loginform > div:nth-child(4) > button>, Spend 1.1540660858154297 seconds
2019-01-08 15:05:29,211 - root - INFO - SUCCESS    Accept warning box, Spend 0.0030002593994140625 seconds
2019-01-08 15:05:29,412 - root - INFO - ############################### START ###############################
2019-01-08 15:05:42,600 - root - INFO - SUCCESS    Start a new browser: Chrome, Spend 13.186753988265991 seconds
2019-01-08 15:05:49,243 - root - INFO - SUCCESS    Navigated to http://192.168.9.248, Spend 6.6433799266815186 seconds
2019-01-08 15:05:49,245 - root - INFO - SUCCESS    Set wait all element display in 10 seconds, Spend 0.0010001659393310547 seconds
2019-01-08 15:05:52,459 - root - INFO - SUCCESS    Set browser window maximized, Spend 1.2110695838928223 seconds
2019-01-08 15:05:52,814 - root - INFO - SUCCESS    Set wait all element display in 5 seconds, Spend 0.0009999275207519531 seconds
2019-01-08 15:05:53,005 - root - INFO - SUCCESS    Clear and type element: <name->LoginForm[username]> content: admin, Spend 0.1890108585357666 seconds
2019-01-08 15:05:53,178 - root - INFO - SUCCESS    Clear and type element: <name->LoginForm[password]> content: admin, Spend 0.17000961303710938 seconds
2019-01-08 15:05:53,184 - root - INFO - SUCCESS    Set wait all element display in 3 seconds, Spend 0.0010001659393310547 seconds
2019-01-08 15:05:53,328 - root - INFO - SUCCESS    Clicked element: <id->login_btn>, Spend 0.14400815963745117 seconds
2019-01-08 15:05:53,333 - root - INFO - SUCCESS    Set wait all element display in 20 seconds, Spend 0.004000186920166016 seconds
2019-01-08 15:06:03,898 - root - INFO - SUCCESS    Get the current window screenshot,path: E:\python_excercise\JUST\JustCC\report\image\login\login.png, Spend 0.5630321502685547 seconds
2019-01-08 15:06:05,917 - root - INFO - SUCCESS    Get current window title, Spend 0.017000913619995117 seconds
2019-01-08 15:06:09,542 - root - INFO - SUCCESS    Closed all window and quit the driver, Spend 3.6232075691223145 seconds
2019-01-08 15:06:09,543 - root - INFO - ###############################  End  ###############################
2019-01-08 15:06:09,545 - root - INFO - ############################### START ###############################
2019-01-08 15:06:17,046 - root - INFO - SUCCESS    Start a new browser: Chrome, Spend 7.500428915023804 seconds
2019-01-08 15:06:22,726 - root - INFO - SUCCESS    Navigated to http://192.168.9.248, Spend 5.678324937820435 seconds
2019-01-08 15:06:22,729 - root - INFO - SUCCESS    Set wait all element display in 10 seconds, Spend 0.002000093460083008 seconds
2019-01-08 15:06:25,944 - root - INFO - SUCCESS    Set browser window maximized, Spend 1.2140693664550781 seconds
2019-01-08 15:06:27,832 - root - INFO - SUCCESS    Set wait all element display in 10 seconds, Spend 0.012000560760498047 seconds
2019-01-08 15:06:27,840 - root - INFO - SUCCESS    Set wait all element display in 3 seconds, Spend 0.005000114440917969 seconds
2019-01-08 15:06:35,932 - root - INFO - FAIL    Unable to click element: <link_text->组织机构>, Spend 8.095462799072266 seconds
2019-01-08 15:06:39,268 - root - INFO - SUCCESS    Closed all window and quit the driver, Spend 3.334190607070923 seconds
2019-01-08 15:06:39,270 - root - INFO - ###############################  End  ###############################
2019-01-08 15:06:39,394 - root - INFO - ############################### START ###############################
2019-01-08 15:06:45,332 - root - INFO - SUCCESS    Start a new browser: Chrome, Spend 5.933339357376099 seconds
2019-01-08 15:06:51,100 - root - INFO - SUCCESS    Navigated to http://192.168.9.248, Spend 5.766329765319824 seconds
2019-01-08 15:06:51,106 - root - INFO - SUCCESS    Set wait all element display in 10 seconds, Spend 0.004000425338745117 seconds
2019-01-08 15:06:54,330 - root - INFO - SUCCESS    Set browser window maximized, Spend 1.2240700721740723 seconds
2019-01-08 15:06:57,162 - root - INFO - SUCCESS    Set wait all element display in 10 seconds, Spend 0.010000467300415039 seconds
2019-01-08 15:06:57,183 - root - INFO - SUCCESS    Set wait all element display in 3 seconds, Spend 0.019001007080078125 seconds
2019-01-08 15:07:05,268 - root - INFO - FAIL    Unable to click element: <link_text->组织机构>, Spend 8.103463649749756 seconds
2019-01-08 15:07:10,028 - root - INFO - SUCCESS    Closed all window and quit the driver, Spend 4.75927209854126 seconds
2019-01-08 15:07:10,032 - root - INFO - ###############################  End  ###############################
2019-01-08 15:07:10,035 - root - INFO - ############################### START ###############################
2019-01-08 15:07:16,650 - root - INFO - SUCCESS    Start a new browser: Chrome, Spend 6.613378286361694 seconds
2019-01-08 15:07:22,003 - root - INFO - SUCCESS    Navigated to http://192.168.9.248, Spend 5.351305961608887 seconds
2019-01-08 15:07:22,007 - root - INFO - SUCCESS    Set wait all element display in 10 seconds, Spend 0.002000093460083008 seconds
2019-01-08 15:07:28,631 - root - INFO - SUCCESS    Set browser window maximized, Spend 4.624264478683472 seconds
2019-01-08 15:07:37,718 - root - INFO - SUCCESS    Closed all window and quit the driver, Spend 3.0561749935150146 seconds
2019-01-08 15:07:37,718 - root - INFO - ###############################  End  ###############################
2019-01-08 15:07:37,884 - root - INFO - ############################### START ###############################
2019-01-08 15:07:43,762 - root - INFO - SUCCESS    Start a new browser: Chrome, Spend 5.877336502075195 seconds
2019-01-08 15:07:46,741 - root - INFO - SUCCESS    Navigated to http://192.168.9.248, Spend 2.977169990539551 seconds
2019-01-08 15:07:46,745 - root - INFO - SUCCESS    Set wait all element display in 10 seconds, Spend 0.002000093460083008 seconds
2019-01-08 15:07:49,940 - root - INFO - SUCCESS    Set browser window maximized, Spend 1.194068193435669 seconds
2019-01-08 15:07:50,624 - root - INFO - SUCCESS    Set wait all element display in 10 seconds, Spend 0.0030002593994140625 seconds
2019-01-08 15:07:50,633 - root - INFO - SUCCESS    Set wait all element display in 3 seconds, Spend 0.006000518798828125 seconds
2019-01-08 15:07:58,722 - root - INFO - FAIL    Unable to click element: <link_text->组织机构>, Spend 8.095463037490845 seconds
2019-01-08 15:08:02,055 - root - INFO - SUCCESS    Closed all window and quit the driver, Spend 3.33219051361084 seconds
2019-01-08 15:08:02,056 - root - INFO - ###############################  End  ###############################
2019-01-08 15:08:02,085 - root - INFO - ############################### START ###############################
2019-01-08 15:08:07,376 - root - INFO - SUCCESS    Start a new browser: Chrome, Spend 5.290302753448486 seconds
2019-01-08 15:08:08,631 - root - INFO - SUCCESS    Navigated to http://192.168.9.248, Spend 1.2540717124938965 seconds
2019-01-08 15:08:08,651 - root - INFO - SUCCESS    Set wait all element display in 10 seconds, Spend 0.01700115203857422 seconds
2019-01-08 15:08:11,876 - root - INFO - SUCCESS    Set browser window maximized, Spend 1.2220699787139893 seconds
2019-01-08 15:08:14,082 - root - INFO - SUCCESS    Set wait all element display in 10 seconds, Spend 0.0010001659393310547 seconds
2019-01-08 15:08:14,145 - root - INFO - SUCCESS    Set wait all element display in 5 seconds, Spend 0.06000351905822754 seconds
2019-01-08 15:08:20,227 - root - INFO - FAIL    Unable to type element: <xpath->//*[@id="top_search"]> content: 13421344506, Spend 6.143351316452026 seconds
2019-01-08 15:08:23,300 - root - INFO - SUCCESS    Closed all window and quit the driver, Spend 3.0711755752563477 seconds
2019-01-08 15:08:23,300 - root - INFO - ###############################  End  ###############################
2019-01-08 15:08:23,325 - root - INFO - ############################### START ###############################
2019-01-08 15:08:28,761 - root - INFO - SUCCESS    Start a new browser: Chrome, Spend 5.434310674667358 seconds
2019-01-08 15:08:30,181 - root - INFO - SUCCESS    Navigated to http://192.168.9.248, Spend 1.4170811176300049 seconds
2019-01-08 15:08:30,185 - root - INFO - SUCCESS    Set wait all element display in 10 seconds, Spend 0.004000186920166016 seconds
2019-01-08 15:08:33,402 - root - INFO - SUCCESS    Set browser window maximized, Spend 1.2150697708129883 seconds
2019-01-08 15:08:33,919 - root - INFO - SUCCESS    Set wait all element display in 10 seconds, Spend 0.01000070571899414 seconds
2019-01-08 15:08:33,951 - root - INFO - SUCCESS    Set wait all element display in 3 seconds, Spend 0.03000187873840332 seconds
2019-01-08 15:08:42,037 - root - INFO - FAIL    Unable to click element: <link_text->客户管理>, Spend 8.117464303970337 seconds
2019-01-08 15:08:45,157 - root - INFO - SUCCESS    Closed all window and quit the driver, Spend 3.117178201675415 seconds
2019-01-08 15:08:45,158 - root - INFO - ###############################  End  ###############################
2019-01-08 15:08:45,214 - root - INFO - ############################### START ###############################
2019-01-08 15:08:50,588 - root - INFO - SUCCESS    Start a new browser: Chrome, Spend 5.372307538986206 seconds
2019-01-08 15:08:51,174 - root - INFO - SUCCESS    Navigated to http://192.168.9.248, Spend 0.5860335826873779 seconds
2019-01-08 15:08:51,186 - root - INFO - SUCCESS    Set wait all element display in 10 seconds, Spend 0.010000467300415039 seconds
2019-01-08 15:08:54,353 - root - INFO - SUCCESS    Set browser window maximized, Spend 1.1660666465759277 seconds
2019-01-08 15:08:54,869 - root - INFO - SUCCESS    Set wait all element display in 10 seconds, Spend 0.004000425338745117 seconds
2019-01-08 15:08:54,874 - root - INFO - SUCCESS    Set wait all element display in 3 seconds, Spend 0.0030002593994140625 seconds
2019-01-08 15:57:45,537 - root - INFO - SUCCESS    Start a new browser: Chrome, Spend 5.408309459686279 seconds
2019-01-08 15:57:47,142 - root - INFO - SUCCESS    Navigated to http://192.168.9.248, Spend 1.6030917167663574 seconds
2019-01-08 15:57:47,152 - root - INFO - SUCCESS    Set wait all element display in 10 seconds, Spend 0.002000093460083008 seconds
2019-01-08 15:57:50,299 - root - INFO - SUCCESS    Set browser window maximized, Spend 1.1380648612976074 seconds
2019-01-08 15:57:50,301 - root - INFO - SUCCESS    Set wait all element display in 5 seconds, Spend 0.0009999275207519531 seconds
2019-01-08 15:57:50,574 - root - INFO - SUCCESS    Clear and type element: <name->LoginForm[username]> content: 1112, Spend 0.27001523971557617 seconds
2019-01-08 15:57:50,760 - root - INFO - SUCCESS    Clear and type element: <name->LoginForm[password]> content: Aa111111, Spend 0.18401050567626953 seconds
2019-01-08 15:57:50,762 - root - INFO - SUCCESS    Set wait all element display in 3 seconds, Spend 0.002000093460083008 seconds
2019-01-08 15:57:50,893 - root - INFO - SUCCESS    Clicked element: <id->login_btn>, Spend 0.13200759887695312 seconds
2019-01-08 15:57:50,897 - root - INFO - SUCCESS    Set wait all element display in 20 seconds, Spend 0.0019998550415039062 seconds
2019-01-08 15:58:01,659 - root - INFO - SUCCESS    Get the current window screenshot,path: E:\python_excercise\JUST\JustCC\report\image\login\login.png, Spend 0.7540433406829834 seconds
2019-01-08 15:58:09,515 - root - INFO - SUCCESS    Start a new browser: Chrome, Spend 5.827333211898804 seconds
2019-01-08 15:58:11,986 - root - INFO - SUCCESS    Navigated to http://192.168.9.248/admin, Spend 2.4701411724090576 seconds
2019-01-08 15:58:11,996 - root - INFO - SUCCESS    Set wait all element display in 10 seconds, Spend 0.007000446319580078 seconds
2019-01-08 15:58:13,232 - root - INFO - SUCCESS    Set browser window maximized, Spend 1.2290701866149902 seconds
2019-01-08 15:58:13,236 - root - INFO - SUCCESS    Set wait all element display in 5 seconds, Spend 0.003000497817993164 seconds
2019-01-08 15:58:13,620 - root - INFO - SUCCESS    Clear and type element: <name->username> content: admin, Spend 0.37702155113220215 seconds
2019-01-08 15:58:13,894 - root - INFO - SUCCESS    Clear and type element: <name->password> content: justpass, Spend 0.2710154056549072 seconds
2019-01-08 15:58:13,898 - root - INFO - SUCCESS    Set wait all element display in 3 seconds, Spend 0.002000093460083008 seconds
2019-01-08 15:58:14,387 - root - INFO - SUCCESS    Clicked element: <css->#loginform > div:nth-child(4) > button>, Spend 0.4910280704498291 seconds
2019-01-08 15:58:16,397 - root - INFO - SUCCESS    Accept warning box, Spend 0.008000373840332031 seconds
2019-01-08 15:58:16,604 - root - INFO - ############################### START ###############################
2019-01-08 15:58:22,301 - root - INFO - SUCCESS    Start a new browser: Chrome, Spend 5.6943254470825195 seconds
2019-01-08 15:58:25,294 - root - INFO - SUCCESS    Navigated to http://192.168.9.248, Spend 2.992171049118042 seconds
2019-01-08 15:58:25,303 - root - INFO - SUCCESS    Set wait all element display in 10 seconds, Spend 0.009000539779663086 seconds
2019-01-08 15:58:28,504 - root - INFO - SUCCESS    Set browser window maximized, Spend 1.198068618774414 seconds
2019-01-08 15:58:31,621 - root - INFO - SUCCESS    Set wait all element display in 5 seconds, Spend 0.003000020980834961 seconds
2019-01-08 15:58:31,902 - root - INFO - SUCCESS    Clear and type element: <name->LoginForm[username]> content: admin, Spend 0.27901625633239746 seconds
2019-01-08 15:58:32,061 - root - INFO - SUCCESS    Clear and type element: <name->LoginForm[password]> content: admin, Spend 0.15800881385803223 seconds
2019-01-08 15:58:32,069 - root - INFO - SUCCESS    Set wait all element display in 3 seconds, Spend 0.006000518798828125 seconds
2019-01-08 15:58:32,221 - root - INFO - SUCCESS    Clicked element: <id->login_btn>, Spend 0.15800929069519043 seconds
2019-01-08 15:58:32,223 - root - INFO - SUCCESS    Set wait all element display in 20 seconds, Spend 0.002000093460083008 seconds
2019-01-08 15:58:42,867 - root - INFO - SUCCESS    Get the current window screenshot,path: E:\python_excercise\JUST\JustCC\report\image\login\login.png, Spend 0.6400365829467773 seconds
2019-01-08 15:58:44,897 - root - INFO - SUCCESS    Get current window title, Spend 0.019001245498657227 seconds
2019-01-08 15:58:48,006 - root - INFO - SUCCESS    Closed all window and quit the driver, Spend 3.107177734375 seconds
2019-01-08 15:58:48,007 - root - INFO - ###############################  End  ###############################
2019-01-08 15:58:57,469 - root - INFO - 发送邮件成功
2019-01-08 16:41:58,399 - root - INFO - SUCCESS    Start a new browser: Chrome, Spend 4.895280122756958 seconds
2019-01-08 16:41:59,851 - root - INFO - SUCCESS    Navigated to http://192.168.9.248, Spend 1.4510829448699951 seconds
2019-01-08 16:41:59,855 - root - INFO - SUCCESS    Set wait all element display in 10 seconds, Spend 0.002000093460083008 seconds
2019-01-08 16:42:02,981 - root - INFO - SUCCESS    Set browser window maximized, Spend 1.1250646114349365 seconds
2019-01-08 16:42:02,983 - root - INFO - SUCCESS    Set wait all element display in 5 seconds, Spend 0.0010001659393310547 seconds
2019-01-08 16:42:03,081 - root - INFO - SUCCESS    Clear and type element: <name->LoginForm[username]> content: 1112, Spend 0.09700536727905273 seconds
2019-01-08 16:42:03,164 - root - INFO - SUCCESS    Clear and type element: <name->LoginForm[password]> content: Aa111111, Spend 0.08000469207763672 seconds
2019-01-08 16:42:03,166 - root - INFO - SUCCESS    Set wait all element display in 3 seconds, Spend 0.0010001659393310547 seconds
2019-01-08 16:42:03,241 - root - INFO - SUCCESS    Clicked element: <id->login_btn>, Spend 0.07500433921813965 seconds
2019-01-08 16:42:03,243 - root - INFO - SUCCESS    Set wait all element display in 20 seconds, Spend 0.0009999275207519531 seconds
2019-01-08 16:42:13,713 - root - INFO - SUCCESS    Get the current window screenshot,path: E:\python_excercise\JUST\JustCC\report\image\login\login.png, Spend 0.47002673149108887 seconds
2019-01-08 16:42:20,790 - root - INFO - SUCCESS    Start a new browser: Chrome, Spend 5.06028938293457 seconds
2019-01-08 16:42:23,644 - root - INFO - SUCCESS    Navigated to http://192.168.9.248/admin, Spend 2.850163221359253 seconds
2019-01-08 16:42:23,660 - root - INFO - SUCCESS    Set wait all element display in 10 seconds, Spend 0.011000633239746094 seconds
2019-01-08 16:42:24,904 - root - INFO - SUCCESS    Set browser window maximized, Spend 1.2250702381134033 seconds
2019-01-08 16:42:24,915 - root - INFO - SUCCESS    Set wait all element display in 5 seconds, Spend 0.0060002803802490234 seconds
2019-01-08 16:42:25,499 - root - INFO - SUCCESS    Clear and type element: <name->username> content: admin, Spend 0.5520315170288086 seconds
2019-01-08 16:42:25,752 - root - INFO - SUCCESS    Clear and type element: <name->password> content: justpass, Spend 0.2520146369934082 seconds
2019-01-08 16:42:25,758 - root - INFO - SUCCESS    Set wait all element display in 3 seconds, Spend 0.003000020980834961 seconds
2019-01-08 16:42:26,242 - root - INFO - SUCCESS    Clicked element: <css->#loginform > div:nth-child(4) > button>, Spend 0.48802781105041504 seconds
2019-01-08 16:42:28,264 - root - INFO - SUCCESS    Accept warning box, Spend 0.019001007080078125 seconds
2019-01-08 16:42:28,906 - root - INFO - ############################### START ###############################
2019-01-08 16:42:36,419 - root - INFO - SUCCESS    Start a new browser: Chrome, Spend 7.508429527282715 seconds
2019-01-08 16:42:44,951 - root - INFO - SUCCESS    Navigated to http://192.168.9.248, Spend 8.530488014221191 seconds
2019-01-08 16:42:44,960 - root - INFO - SUCCESS    Set wait all element display in 10 seconds, Spend 0.008000612258911133 seconds
2019-01-08 16:42:48,259 - root - INFO - SUCCESS    Set browser window maximized, Spend 1.297074317932129 seconds
2019-01-08 16:42:51,646 - root - INFO - SUCCESS    Set wait all element display in 5 seconds, Spend 0.0060002803802490234 seconds
2019-01-08 16:42:51,963 - root - INFO - SUCCESS    Clear and type element: <name->LoginForm[username]> content: admin, Spend 0.3130178451538086 seconds
2019-01-08 16:42:52,136 - root - INFO - SUCCESS    Clear and type element: <name->LoginForm[password]> content: admin, Spend 0.17000985145568848 seconds
2019-01-08 16:42:52,139 - root - INFO - SUCCESS    Set wait all element display in 3 seconds, Spend 0.0009999275207519531 seconds
2019-01-08 16:42:52,288 - root - INFO - SUCCESS    Clicked element: <id->login_btn>, Spend 0.1500084400177002 seconds
2019-01-08 16:42:52,293 - root - INFO - SUCCESS    Set wait all element display in 20 seconds, Spend 0.005000114440917969 seconds
2019-01-08 16:43:02,931 - root - INFO - SUCCESS    Get the current window screenshot,path: E:\python_excercise\JUST\JustCC\report\image\login\login.png, Spend 0.6350364685058594 seconds
2019-01-08 16:43:04,995 - root - INFO - SUCCESS    Get current window title, Spend 0.0630033016204834 seconds
2019-01-08 16:43:08,071 - root - INFO - SUCCESS    Closed all window and quit the driver, Spend 3.0731759071350098 seconds
2019-01-08 16:43:08,071 - root - INFO - ###############################  End  ###############################
2019-01-08 16:43:12,258 - root - INFO - 发送邮件成功
2019-01-08 16:51:24,978 - root - INFO - SUCCESS    Start a new browser: Chrome, Spend 4.753271818161011 seconds
2019-01-08 16:51:25,980 - root - INFO - SUCCESS    Navigated to http://192.168.9.248, Spend 0.9990572929382324 seconds
2019-01-08 16:51:25,987 - root - INFO - SUCCESS    Set wait all element display in 10 seconds, Spend 0.003000020980834961 seconds
2019-01-08 16:51:29,128 - root - INFO - SUCCESS    Set browser window maximized, Spend 1.1290645599365234 seconds
2019-01-08 16:51:29,130 - root - INFO - SUCCESS    Set wait all element display in 5 seconds, Spend 0.0 seconds
2019-01-08 16:51:29,233 - root - INFO - SUCCESS    Clear and type element: <name->LoginForm[username]> content: 1112, Spend 0.10300588607788086 seconds
2019-01-08 16:51:29,336 - root - INFO - SUCCESS    Clear and type element: <name->LoginForm[password]> content: Aa111111, Spend 0.1020057201385498 seconds
2019-01-08 16:51:29,337 - root - INFO - SUCCESS    Set wait all element display in 3 seconds, Spend 0.0009999275207519531 seconds
2019-01-08 16:51:29,405 - root - INFO - SUCCESS    Clicked element: <id->login_btn>, Spend 0.06900382041931152 seconds
2019-01-08 16:51:29,408 - root - INFO - SUCCESS    Set wait all element display in 20 seconds, Spend 0.002000093460083008 seconds
2019-01-08 16:51:39,976 - root - INFO - SUCCESS    Get the current window screenshot,path: E:\python_excercise\JUST\JustCC\report\image\login\login.png, Spend 0.5660321712493896 seconds
2019-01-08 16:51:46,733 - root - INFO - SUCCESS    Start a new browser: Chrome, Spend 4.748271226882935 seconds
2019-01-08 16:51:48,506 - root - INFO - SUCCESS    Navigated to http://192.168.9.248/admin, Spend 1.773101568222046 seconds
2019-01-08 16:51:48,508 - root - INFO - SUCCESS    Set wait all element display in 10 seconds, Spend 0.0009999275207519531 seconds
2019-01-08 16:51:49,628 - root - INFO - SUCCESS    Set browser window maximized, Spend 1.1190640926361084 seconds
2019-01-08 16:51:49,631 - root - INFO - SUCCESS    Set wait all element display in 5 seconds, Spend 0.002000093460083008 seconds
2019-01-08 16:51:49,724 - root - INFO - SUCCESS    Clear and type element: <name->username> content: admin, Spend 0.09200525283813477 seconds
2019-01-08 16:51:49,834 - root - INFO - SUCCESS    Clear and type element: <name->password> content: justpass, Spend 0.10900616645812988 seconds
2019-01-08 16:51:49,839 - root - INFO - SUCCESS    Set wait all element display in 3 seconds, Spend 0.0010001659393310547 seconds
2019-01-08 16:51:50,189 - root - INFO - SUCCESS    Clicked element: <css->#loginform > div:nth-child(4) > button>, Spend 0.350020170211792 seconds
2019-01-08 16:51:52,192 - root - INFO - SUCCESS    Accept warning box, Spend 0.002000093460083008 seconds
2019-01-08 16:51:52,389 - root - INFO - ############################### START ###############################
2019-01-08 16:51:57,166 - root - INFO - SUCCESS    Start a new browser: Chrome, Spend 4.774272918701172 seconds
2019-01-08 16:51:58,692 - root - INFO - SUCCESS    Navigated to http://192.168.9.248, Spend 1.5250871181488037 seconds
2019-01-08 16:51:58,697 - root - INFO - SUCCESS    Set wait all element display in 10 seconds, Spend 0.004000186920166016 seconds
2019-01-08 16:52:11,948 - root - INFO - 发送邮件成功
2019-01-08 16:55:51,554 - root - INFO - SUCCESS    Start a new browser: Chrome, Spend 5.159295082092285 seconds
2019-01-08 16:55:52,576 - root - INFO - SUCCESS    Navigated to http://192.168.9.248, Spend 1.0200581550598145 seconds
2019-01-08 16:55:52,578 - root - INFO - SUCCESS    Set wait all element display in 10 seconds, Spend 0.002000093460083008 seconds
2019-01-08 16:55:55,692 - root - INFO - SUCCESS    Set browser window maximized, Spend 1.1130635738372803 seconds
2019-01-08 16:55:55,694 - root - INFO - SUCCESS    Set wait all element display in 5 seconds, Spend 0.0009999275207519531 seconds
2019-01-08 16:55:55,801 - root - INFO - SUCCESS    Clear and type element: <name->LoginForm[username]> content: 1112, Spend 0.10600638389587402 seconds
2019-01-08 16:55:55,888 - root - INFO - SUCCESS    Clear and type element: <name->LoginForm[password]> content: Aa111111, Spend 0.0870048999786377 seconds
2019-01-08 16:55:55,893 - root - INFO - SUCCESS    Set wait all element display in 3 seconds, Spend 0.002000093460083008 seconds
2019-01-08 16:55:55,966 - root - INFO - SUCCESS    Clicked element: <id->login_btn>, Spend 0.0760042667388916 seconds
2019-01-08 16:55:55,970 - root - INFO - SUCCESS    Set wait all element display in 20 seconds, Spend 0.002000093460083008 seconds
2019-01-08 16:56:06,593 - root - INFO - SUCCESS    Get the current window screenshot,path: E:\python_excercise\JUST\JustCC\report\image\login\login.png, Spend 0.621035099029541 seconds
2019-01-08 16:56:13,843 - root - INFO - SUCCESS    Start a new browser: Chrome, Spend 5.240299940109253 seconds
2019-01-08 16:56:16,094 - root - INFO - SUCCESS    Navigated to http://192.168.9.248/admin, Spend 2.250128746032715 seconds
2019-01-08 16:56:16,105 - root - INFO - SUCCESS    Set wait all element display in 10 seconds, Spend 0.008000612258911133 seconds
2019-01-08 16:56:17,234 - root - INFO - SUCCESS    Set browser window maximized, Spend 1.1250643730163574 seconds
2019-01-08 16:56:17,237 - root - INFO - SUCCESS    Set wait all element display in 5 seconds, Spend 0.0009999275207519531 seconds
2019-01-08 16:56:17,328 - root - INFO - SUCCESS    Clear and type element: <name->username> content: admin, Spend 0.09100532531738281 seconds
2019-01-08 16:56:17,422 - root - INFO - SUCCESS    Clear and type element: <name->password> content: justpass, Spend 0.09400510787963867 seconds
2019-01-08 16:56:17,424 - root - INFO - SUCCESS    Set wait all element display in 3 seconds, Spend 0.0010004043579101562 seconds
2019-01-08 16:56:17,818 - root - INFO - SUCCESS    Clicked element: <css->#loginform > div:nth-child(4) > button>, Spend 0.3960227966308594 seconds
2019-01-08 16:56:19,822 - root - INFO - SUCCESS    Accept warning box, Spend 0.0020003318786621094 seconds
2019-01-08 16:56:19,926 - root - INFO - ############################### START ###############################
2019-01-08 16:56:24,798 - root - INFO - SUCCESS    Start a new browser: Chrome, Spend 4.872278451919556 seconds
2019-01-08 16:56:25,664 - root - INFO - SUCCESS    Navigated to http://192.168.9.248, Spend 0.8640494346618652 seconds
2019-01-08 16:56:25,668 - root - INFO - SUCCESS    Set wait all element display in 10 seconds, Spend 0.0030002593994140625 seconds
2019-01-08 16:56:28,835 - root - INFO - SUCCESS    Set browser window maximized, Spend 1.1670668125152588 seconds
2019-01-08 16:56:31,903 - root - INFO - SUCCESS    Set wait all element display in 5 seconds, Spend 0.002000093460083008 seconds
2019-01-08 16:56:32,045 - root - INFO - SUCCESS    Clear and type element: <name->LoginForm[username]> content: admin, Spend 0.1410081386566162 seconds
2019-01-08 16:56:32,148 - root - INFO - SUCCESS    Clear and type element: <name->LoginForm[password]> content: admin, Spend 0.1020057201385498 seconds
2019-01-08 16:56:32,149 - root - INFO - SUCCESS    Set wait all element display in 3 seconds, Spend 0.0010001659393310547 seconds
2019-01-08 16:56:32,240 - root - INFO - SUCCESS    Clicked element: <id->login_btn>, Spend 0.09100532531738281 seconds
2019-01-08 16:56:32,244 - root - INFO - SUCCESS    Set wait all element display in 20 seconds, Spend 0.002000093460083008 seconds
2019-01-08 16:56:42,699 - root - INFO - SUCCESS    Get the current window screenshot,path: E:\python_excercise\JUST\JustCC\report\image\login\login.png, Spend 0.45302605628967285 seconds
2019-01-08 16:56:44,703 - root - INFO - SUCCESS    Get current window title, Spend 0.003000020980834961 seconds
2019-01-08 16:56:47,758 - root - INFO - SUCCESS    Closed all window and quit the driver, Spend 3.0551745891571045 seconds
2019-01-08 16:56:47,759 - root - INFO - ###############################  End  ###############################
2019-01-08 16:56:51,589 - root - INFO - 发送邮件成功
2019-01-08 16:58:48,774 - root - INFO - SUCCESS    Start a new browser: Chrome, Spend 4.8512773513793945 seconds
2019-01-08 16:58:49,850 - root - INFO - SUCCESS    Navigated to http://192.168.9.248, Spend 1.071061372756958 seconds
2019-01-08 16:58:49,852 - root - INFO - SUCCESS    Set wait all element display in 10 seconds, Spend 0.0010001659393310547 seconds
2019-01-08 16:58:52,988 - root - INFO - SUCCESS    Set browser window maximized, Spend 1.1290645599365234 seconds
2019-01-08 16:58:52,992 - root - INFO - SUCCESS    Set wait all element display in 5 seconds, Spend 0.003999948501586914 seconds
2019-01-08 16:58:53,103 - root - INFO - SUCCESS    Clear and type element: <name->LoginForm[username]> content: 1112, Spend 0.11000633239746094 seconds
2019-01-08 16:58:53,188 - root - INFO - SUCCESS    Clear and type element: <name->LoginForm[password]> content: Aa111111, Spend 0.08500480651855469 seconds
2019-01-08 16:58:53,190 - root - INFO - SUCCESS    Set wait all element display in 3 seconds, Spend 0.0 seconds
2019-01-08 16:58:53,274 - root - INFO - SUCCESS    Clicked element: <id->login_btn>, Spend 0.08500480651855469 seconds
2019-01-08 16:58:53,276 - root - INFO - SUCCESS    Set wait all element display in 20 seconds, Spend 0.0 seconds
2019-01-08 16:59:03,778 - root - INFO - SUCCESS    Get the current window screenshot,path: E:\python_excercise\JUST\JustCC\report\image\login\login.png, Spend 0.5000286102294922 seconds
2019-01-08 16:59:11,055 - root - INFO - SUCCESS    Start a new browser: Chrome, Spend 5.270301342010498 seconds
2019-01-08 16:59:12,767 - root - INFO - SUCCESS    Navigated to http://192.168.9.248/admin, Spend 1.7120981216430664 seconds
2019-01-08 16:59:12,777 - root - INFO - SUCCESS    Set wait all element display in 10 seconds, Spend 0.00500035285949707 seconds
2019-01-08 16:59:13,935 - root - INFO - SUCCESS    Set browser window maximized, Spend 1.1560661792755127 seconds
2019-01-08 16:59:13,940 - root - INFO - SUCCESS    Set wait all element display in 5 seconds, Spend 0.004000186920166016 seconds
2019-01-08 16:59:14,121 - root - INFO - SUCCESS    Clear and type element: <name->username> content: admin, Spend 0.1740102767944336 seconds
2019-01-08 16:59:14,451 - root - INFO - SUCCESS    Clear and type element: <name->password> content: justpass, Spend 0.3260185718536377 seconds
2019-01-08 16:59:14,457 - root - INFO - SUCCESS    Set wait all element display in 3 seconds, Spend 0.0030002593994140625 seconds
2019-01-08 16:59:14,900 - root - INFO - SUCCESS    Clicked element: <css->#loginform > div:nth-child(4) > button>, Spend 0.4450254440307617 seconds
2019-01-08 16:59:16,914 - root - INFO - SUCCESS    Accept warning box, Spend 0.012000799179077148 seconds
2019-01-08 16:59:17,258 - root - INFO - ############################### START ###############################
2019-01-08 16:59:22,631 - root - INFO - SUCCESS    Start a new browser: Chrome, Spend 5.370307445526123 seconds
2019-01-08 16:59:23,505 - root - INFO - SUCCESS    Navigated to http://192.168.9.248, Spend 0.8720498085021973 seconds
2019-01-08 16:59:23,511 - root - INFO - SUCCESS    Set wait all element display in 10 seconds, Spend 0.005000591278076172 seconds
2019-01-08 16:59:26,654 - root - INFO - SUCCESS    Set browser window maximized, Spend 1.1430652141571045 seconds
2019-01-08 16:59:29,723 - root - INFO - SUCCESS    Set wait all element display in 5 seconds, Spend 0.0009999275207519531 seconds
2019-01-08 16:59:29,832 - root - INFO - SUCCESS    Clear and type element: <name->LoginForm[username]> content: admin, Spend 0.10900616645812988 seconds
2019-01-08 16:59:29,930 - root - INFO - SUCCESS    Clear and type element: <name->LoginForm[password]> content: admin, Spend 0.09800577163696289 seconds
2019-01-08 16:59:29,932 - root - INFO - SUCCESS    Set wait all element display in 3 seconds, Spend 0.0010001659393310547 seconds
2019-01-08 16:59:30,031 - root - INFO - SUCCESS    Clicked element: <id->login_btn>, Spend 0.09900569915771484 seconds
2019-01-08 16:59:30,036 - root - INFO - SUCCESS    Set wait all element display in 20 seconds, Spend 0.0030002593994140625 seconds
2019-01-08 16:59:40,627 - root - INFO - SUCCESS    Get the current window screenshot,path: E:\python_excercise\JUST\JustCC\report\image\login\login.png, Spend 0.590034008026123 seconds
2019-01-08 16:59:42,633 - root - INFO - SUCCESS    Get current window title, Spend 0.004000186920166016 seconds
2019-01-08 16:59:45,719 - root - INFO - SUCCESS    Closed all window and quit the driver, Spend 3.085176706314087 seconds
2019-01-08 16:59:45,720 - root - INFO - ###############################  End  ###############################
2019-01-08 16:59:49,579 - root - INFO - 发送邮件成功
2019-01-08 17:00:56,183 - root - INFO - SUCCESS    Start a new browser: Chrome, Spend 4.821275949478149 seconds
2019-01-08 17:00:57,461 - root - INFO - SUCCESS    Navigated to http://192.168.9.248, Spend 1.2780730724334717 seconds
2019-01-08 17:00:57,475 - root - INFO - SUCCESS    Set wait all element display in 10 seconds, Spend 0.012000560760498047 seconds
2019-01-08 17:01:00,608 - root - INFO - SUCCESS    Set browser window maximized, Spend 1.1280643939971924 seconds
2019-01-08 17:01:00,618 - root - INFO - SUCCESS    Set wait all element display in 5 seconds, Spend 0.00800013542175293 seconds
2019-01-08 17:01:00,727 - root - INFO - SUCCESS    Clear and type element: <name->LoginForm[username]> content: 1112, Spend 0.10900640487670898 seconds
2019-01-08 17:01:00,816 - root - INFO - SUCCESS    Clear and type element: <name->LoginForm[password]> content: Aa111111, Spend 0.0870051383972168 seconds
2019-01-08 17:01:00,817 - root - INFO - SUCCESS    Set wait all element display in 3 seconds, Spend 0.0010001659393310547 seconds
2019-01-08 17:01:00,896 - root - INFO - SUCCESS    Clicked element: <id->login_btn>, Spend 0.07900476455688477 seconds
2019-01-08 17:01:00,900 - root - INFO - SUCCESS    Set wait all element display in 20 seconds, Spend 0.0019998550415039062 seconds
2019-01-08 17:01:11,384 - root - INFO - SUCCESS    Get the current window screenshot,path: E:\python_excercise\JUST\JustCC\report\image\login\login.png, Spend 0.48302769660949707 seconds
2019-01-08 17:01:18,748 - root - INFO - SUCCESS    Start a new browser: Chrome, Spend 5.346305847167969 seconds
2019-01-08 17:01:20,907 - root - INFO - SUCCESS    Navigated to http://192.168.9.248/admin, Spend 2.152123212814331 seconds
2019-01-08 17:01:20,921 - root - INFO - SUCCESS    Set wait all element display in 10 seconds, Spend 0.013000965118408203 seconds
2019-01-08 17:01:22,161 - root - INFO - SUCCESS    Set browser window maximized, Spend 1.2380707263946533 seconds
2019-01-08 17:01:22,166 - root - INFO - SUCCESS    Set wait all element display in 5 seconds, Spend 0.0030002593994140625 seconds
2019-01-08 17:01:22,430 - root - INFO - SUCCESS    Clear and type element: <name->username> content: admin, Spend 0.26201510429382324 seconds
2019-01-08 17:01:22,708 - root - INFO - SUCCESS    Clear and type element: <name->password> content: justpass, Spend 0.2720155715942383 seconds
2019-01-08 17:01:22,717 - root - INFO - SUCCESS    Set wait all element display in 3 seconds, Spend 0.00500035285949707 seconds
2019-01-08 17:01:23,354 - root - INFO - SUCCESS    Clicked element: <css->#loginform > div:nth-child(4) > button>, Spend 0.6450366973876953 seconds
2019-01-08 17:01:25,371 - root - INFO - SUCCESS    Accept warning box, Spend 0.013000965118408203 seconds
2019-01-08 17:01:25,729 - root - INFO - ############################### START ###############################
2019-01-08 17:01:31,437 - root - INFO - SUCCESS    Start a new browser: Chrome, Spend 5.705326318740845 seconds
2019-01-08 17:01:32,669 - root - INFO - SUCCESS    Navigated to http://192.168.9.248, Spend 1.2290704250335693 seconds
2019-01-08 17:01:32,674 - root - INFO - SUCCESS    Set wait all element display in 10 seconds, Spend 0.0030002593994140625 seconds
2019-01-08 17:01:35,831 - root - INFO - SUCCESS    Set browser window maximized, Spend 1.1540660858154297 seconds
2019-01-08 17:01:38,936 - root - INFO - SUCCESS    Set wait all element display in 5 seconds, Spend 0.0 seconds
2019-01-08 17:01:39,070 - root - INFO - SUCCESS    Clear and type element: <name->LoginForm[username]> content: admin, Spend 0.13300776481628418 seconds
2019-01-08 17:01:39,156 - root - INFO - SUCCESS    Clear and type element: <name->LoginForm[password]> content: admin, Spend 0.08600497245788574 seconds
2019-01-08 17:01:39,158 - root - INFO - SUCCESS    Set wait all element display in 3 seconds, Spend 0.0010001659393310547 seconds
2019-01-08 17:01:39,234 - root - INFO - SUCCESS    Clicked element: <id->login_btn>, Spend 0.07700443267822266 seconds
2019-01-08 17:01:39,242 - root - INFO - SUCCESS    Set wait all element display in 20 seconds, Spend 0.005000591278076172 seconds
2019-01-08 17:01:49,700 - root - INFO - SUCCESS    Get the current window screenshot,path: E:\python_excercise\JUST\JustCC\report\image\login\login.png, Spend 0.45702600479125977 seconds
2019-01-08 17:01:51,708 - root - INFO - SUCCESS    Get current window title, Spend 0.007000446319580078 seconds
2019-01-08 17:01:54,805 - root - INFO - SUCCESS    Closed all window and quit the driver, Spend 3.096176862716675 seconds
2019-01-08 17:01:54,806 - root - INFO - ###############################  End  ###############################
2019-01-08 17:01:58,675 - root - INFO - 发送邮件成功
2019-01-08 17:05:30,760 - root - INFO - SUCCESS    Start a new browser: Chrome, Spend 4.805274963378906 seconds
2019-01-08 17:05:31,543 - root - INFO - SUCCESS    Navigated to http://192.168.9.248, Spend 0.7820446491241455 seconds
2019-01-08 17:05:31,552 - root - INFO - SUCCESS    Set wait all element display in 10 seconds, Spend 0.004000186920166016 seconds
2019-01-08 17:05:34,675 - root - INFO - SUCCESS    Set browser window maximized, Spend 1.1190640926361084 seconds
2019-01-08 17:05:34,676 - root - INFO - SUCCESS    Set wait all element display in 5 seconds, Spend 0.0010001659393310547 seconds
2019-01-08 17:05:34,782 - root - INFO - SUCCESS    Clear and type element: <name->LoginForm[username]> content: 1112, Spend 0.10400581359863281 seconds
2019-01-08 17:05:34,895 - root - INFO - SUCCESS    Clear and type element: <name->LoginForm[password]> content: Aa111111, Spend 0.1130063533782959 seconds
2019-01-08 17:05:34,897 - root - INFO - SUCCESS    Set wait all element display in 3 seconds, Spend 0.0 seconds
2019-01-08 17:05:34,968 - root - INFO - SUCCESS    Clicked element: <id->login_btn>, Spend 0.07200407981872559 seconds
2019-01-08 17:05:34,974 - root - INFO - SUCCESS    Set wait all element display in 20 seconds, Spend 0.002000093460083008 seconds
2019-01-08 17:05:45,484 - root - INFO - SUCCESS    Get the current window screenshot,path: E:\python_excercise\JUST\JustCC\report\image\login\login.png, Spend 0.5080292224884033 seconds
2019-01-08 17:05:52,667 - root - INFO - SUCCESS    Start a new browser: Chrome, Spend 5.173295736312866 seconds
2019-01-08 17:05:54,259 - root - INFO - SUCCESS    Navigated to http://192.168.9.248/admin, Spend 1.5900909900665283 seconds
2019-01-08 17:05:54,270 - root - INFO - SUCCESS    Set wait all element display in 10 seconds, Spend 0.009000301361083984 seconds
2019-01-08 17:05:55,429 - root - INFO - SUCCESS    Set browser window maximized, Spend 1.1560661792755127 seconds
2019-01-08 17:05:55,435 - root - INFO - SUCCESS    Set wait all element display in 5 seconds, Spend 0.003000020980834961 seconds
2019-01-08 17:05:55,710 - root - INFO - SUCCESS    Clear and type element: <name->username> content: admin, Spend 0.27301573753356934 seconds
2019-01-08 17:05:56,056 - root - INFO - SUCCESS    Clear and type element: <name->password> content: justpass, Spend 0.3450195789337158 seconds
2019-01-08 17:05:56,064 - root - INFO - SUCCESS    Set wait all element display in 3 seconds, Spend 0.005000114440917969 seconds
2019-01-08 17:05:56,577 - root - INFO - SUCCESS    Clicked element: <css->#loginform > div:nth-child(4) > button>, Spend 0.5190293788909912 seconds
2019-01-08 17:05:58,592 - root - INFO - SUCCESS    Accept warning box, Spend 0.01000070571899414 seconds
2019-01-08 17:05:59,153 - root - INFO - ############################### START ###############################
2019-01-08 17:06:04,579 - root - INFO - SUCCESS    Start a new browser: Chrome, Spend 5.426310300827026 seconds
2019-01-08 17:06:05,611 - root - INFO - SUCCESS    Navigated to http://192.168.9.248, Spend 1.0310592651367188 seconds
2019-01-08 17:06:05,621 - root - INFO - SUCCESS    Set wait all element display in 10 seconds, Spend 0.010000228881835938 seconds
2019-01-08 17:06:08,775 - root - INFO - SUCCESS    Set browser window maximized, Spend 1.1530656814575195 seconds
2019-01-08 17:06:11,907 - root - INFO - SUCCESS    Set wait all element display in 5 seconds, Spend 0.0010001659393310547 seconds
2019-01-08 17:06:12,024 - root - INFO - SUCCESS    Clear and type element: <name->LoginForm[username]> content: admin, Spend 0.11500692367553711 seconds
2019-01-08 17:06:12,100 - root - INFO - SUCCESS    Clear and type element: <name->LoginForm[password]> content: admin, Spend 0.07500433921813965 seconds
2019-01-08 17:06:12,102 - root - INFO - SUCCESS    Set wait all element display in 3 seconds, Spend 0.0010001659393310547 seconds
2019-01-08 17:06:12,173 - root - INFO - SUCCESS    Clicked element: <id->login_btn>, Spend 0.07200407981872559 seconds
2019-01-08 17:06:12,175 - root - INFO - SUCCESS    Set wait all element display in 20 seconds, Spend 0.0009999275207519531 seconds
2019-01-08 17:06:22,654 - root - INFO - SUCCESS    Get the current window screenshot,path: E:\python_excercise\JUST\JustCC\report\image\login\login.png, Spend 0.47802734375 seconds
2019-01-08 17:06:24,666 - root - INFO - SUCCESS    Get current window title, Spend 0.01000070571899414 seconds
2019-01-08 17:06:27,747 - root - INFO - SUCCESS    Closed all window and quit the driver, Spend 3.0801761150360107 seconds
2019-01-08 17:06:27,747 - root - INFO - ###############################  End  ###############################
2019-01-08 17:06:32,156 - root - INFO - 发送邮件成功
2019-01-08 17:41:43,471 - root - INFO - SUCCESS    Start a new browser: Chrome, Spend 5.699325799942017 seconds
2019-01-08 17:41:44,129 - root - INFO - SUCCESS    Navigated to http://192.168.9.248, Spend 0.6380364894866943 seconds
2019-01-08 17:41:44,142 - root - INFO - SUCCESS    Set wait all element display in 10 seconds, Spend 0.012000560760498047 seconds
2019-01-08 17:41:47,262 - root - INFO - SUCCESS    Set browser window maximized, Spend 1.1170639991760254 seconds
2019-01-08 17:41:47,263 - root - INFO - SUCCESS    Set wait all element display in 5 seconds, Spend 0.0010001659393310547 seconds
2019-01-08 17:41:47,357 - root - INFO - SUCCESS    Clear and type element: <name->LoginForm[username]> content: 1112, Spend 0.09400510787963867 seconds
2019-01-08 17:41:47,441 - root - INFO - SUCCESS    Clear and type element: <name->LoginForm[password]> content: Aa111111, Spend 0.08200454711914062 seconds
2019-01-08 17:41:47,442 - root - INFO - SUCCESS    Set wait all element display in 3 seconds, Spend 0.0010001659393310547 seconds
2019-01-08 17:41:47,544 - root - INFO - SUCCESS    Clicked element: <id->login_btn>, Spend 0.10300588607788086 seconds
2019-01-08 17:41:47,556 - root - INFO - SUCCESS    Set wait all element display in 20 seconds, Spend 0.002000093460083008 seconds
2019-01-08 17:41:58,035 - root - INFO - SUCCESS    Get the current window screenshot,path: E:\python_excercise\JUST\JustCC\report\image\login\login.png, Spend 0.47902750968933105 seconds
2019-01-08 17:42:05,082 - root - INFO - SUCCESS    Start a new browser: Chrome, Spend 5.036288022994995 seconds
2019-01-08 17:42:08,635 - root - INFO - SUCCESS    Navigated to http://192.168.9.248/admin, Spend 3.5512032508850098 seconds
2019-01-08 17:42:08,639 - root - INFO - SUCCESS    Set wait all element display in 10 seconds, Spend 0.002000093460083008 seconds
2019-01-08 17:42:09,800 - root - INFO - SUCCESS    Set browser window maximized, Spend 1.1600663661956787 seconds
2019-01-08 17:42:09,821 - root - INFO - SUCCESS    Set wait all element display in 5 seconds, Spend 0.008000373840332031 seconds
2019-01-08 17:42:10,100 - root - INFO - SUCCESS    Clear and type element: <name->username> content: admin, Spend 0.27501559257507324 seconds
2019-01-08 17:42:10,234 - root - INFO - SUCCESS    Clear and type element: <name->password> content: justpass, Spend 0.13200736045837402 seconds
2019-01-08 17:42:10,236 - root - INFO - SUCCESS    Set wait all element display in 3 seconds, Spend 0.0009999275207519531 seconds
2019-01-08 17:42:10,775 - root - INFO - SUCCESS    Clicked element: <css->#loginform > div:nth-child(4) > button>, Spend 0.5390307903289795 seconds
2019-01-08 17:42:12,781 - root - INFO - SUCCESS    Accept warning box, Spend 0.005000114440917969 seconds
2019-01-08 17:42:12,941 - root - INFO - ############################### START ###############################
2019-01-08 17:42:18,822 - root - INFO - SUCCESS    Start a new browser: Chrome, Spend 5.879336357116699 seconds
2019-01-08 17:42:21,790 - root - INFO - SUCCESS    Navigated to http://192.168.9.248, Spend 2.967169761657715 seconds
2019-01-08 17:42:21,798 - root - INFO - SUCCESS    Set wait all element display in 10 seconds, Spend 0.0060002803802490234 seconds
2019-01-08 17:42:24,927 - root - INFO - SUCCESS    Set browser window maximized, Spend 1.1280646324157715 seconds
2019-01-08 17:42:27,976 - root - INFO - SUCCESS    Set wait all element display in 5 seconds, Spend 0.0009999275207519531 seconds
2019-01-08 17:42:28,119 - root - INFO - SUCCESS    Clear and type element: <name->LoginForm[username]> content: admin, Spend 0.14300823211669922 seconds
2019-01-08 17:42:28,213 - root - INFO - SUCCESS    Clear and type element: <name->LoginForm[password]> content: admin, Spend 0.09200525283813477 seconds
2019-01-08 17:42:28,216 - root - INFO - SUCCESS    Set wait all element display in 3 seconds, Spend 0.002000093460083008 seconds
2019-01-08 17:42:28,295 - root - INFO - SUCCESS    Clicked element: <id->login_btn>, Spend 0.08100438117980957 seconds
2019-01-08 17:42:28,299 - root - INFO - SUCCESS    Set wait all element display in 20 seconds, Spend 0.003000020980834961 seconds
2019-01-08 17:42:38,798 - root - INFO - SUCCESS    Get the current window screenshot,path: E:\python_excercise\JUST\JustCC\report\image\login\login.png, Spend 0.49602842330932617 seconds
2019-01-08 17:42:40,804 - root - INFO - SUCCESS    Get current window title, Spend 0.004000663757324219 seconds
2019-01-08 17:42:43,863 - root - INFO - SUCCESS    Closed all window and quit the driver, Spend 3.0571749210357666 seconds
2019-01-08 17:42:43,864 - root - INFO - ###############################  End  ###############################
2019-01-08 17:42:47,717 - root - INFO - 发送邮件成功
2019-01-08 17:45:30,070 - root - INFO - SUCCESS    Start a new browser: Chrome, Spend 4.801274538040161 seconds
2019-01-08 17:45:31,342 - root - INFO - SUCCESS    Navigated to http://192.168.9.248, Spend 1.2700726985931396 seconds
2019-01-08 17:45:31,344 - root - INFO - SUCCESS    Set wait all element display in 10 seconds, Spend 0.0010001659393310547 seconds
2019-01-08 17:45:34,517 - root - INFO - SUCCESS    Set browser window maximized, Spend 1.1720669269561768 seconds
2019-01-08 17:45:34,521 - root - INFO - SUCCESS    Set wait all element display in 5 seconds, Spend 0.0030002593994140625 seconds
2019-01-08 17:45:34,654 - root - INFO - SUCCESS    Clear and type element: <name->LoginForm[username]> content: 1112, Spend 0.11800694465637207 seconds
2019-01-08 17:45:34,752 - root - INFO - SUCCESS    Clear and type element: <name->LoginForm[password]> content: Aa111111, Spend 0.09800553321838379 seconds
2019-01-08 17:45:34,754 - root - INFO - SUCCESS    Set wait all element display in 3 seconds, Spend 0.0009999275207519531 seconds
2019-01-08 17:45:34,851 - root - INFO - SUCCESS    Clicked element: <id->login_btn>, Spend 0.09700560569763184 seconds
2019-01-08 17:45:34,854 - root - INFO - SUCCESS    Set wait all element display in 20 seconds, Spend 0.0020003318786621094 seconds
2019-01-08 17:45:45,447 - root - INFO - SUCCESS    Get the current window screenshot,path: E:\python_excercise\JUST\JustCC\report\image\login\login.png, Spend 0.591033935546875 seconds
2019-01-08 17:45:52,578 - root - INFO - SUCCESS    Start a new browser: Chrome, Spend 5.120292901992798 seconds
2019-01-08 17:45:54,154 - root - INFO - SUCCESS    Navigated to http://192.168.9.248/admin, Spend 1.5760903358459473 seconds
2019-01-08 17:45:54,176 - root - INFO - SUCCESS    Set wait all element display in 10 seconds, Spend 0.021001100540161133 seconds
2019-01-08 17:45:55,390 - root - INFO - SUCCESS    Set browser window maximized, Spend 1.2130696773529053 seconds
2019-01-08 17:45:55,397 - root - INFO - SUCCESS    Set wait all element display in 5 seconds, Spend 0.003000020980834961 seconds
2019-01-08 17:45:55,667 - root - INFO - SUCCESS    Clear and type element: <name->username> content: admin, Spend 0.2630152702331543 seconds
2019-01-08 17:45:56,129 - root - INFO - SUCCESS    Clear and type element: <name->password> content: justpass, Spend 0.4580261707305908 seconds
2019-01-08 17:45:56,140 - root - INFO - SUCCESS    Set wait all element display in 3 seconds, Spend 0.004000425338745117 seconds
2019-01-08 17:45:56,660 - root - INFO - SUCCESS    Clicked element: <css->#loginform > div:nth-child(4) > button>, Spend 0.5250301361083984 seconds
2019-01-08 17:45:58,676 - root - INFO - SUCCESS    Accept warning box, Spend 0.014000654220581055 seconds
2019-01-08 17:45:59,209 - root - INFO - ############################### START ###############################
2019-01-08 17:46:05,135 - root - INFO - SUCCESS    Start a new browser: Chrome, Spend 5.9233386516571045 seconds
2019-01-08 17:46:05,955 - root - INFO - SUCCESS    Navigated to http://192.168.9.248, Spend 0.8180465698242188 seconds
2019-01-08 17:46:05,957 - root - INFO - SUCCESS    Set wait all element display in 10 seconds, Spend 0.002000093460083008 seconds
2019-01-08 17:46:09,126 - root - INFO - SUCCESS    Set browser window maximized, Spend 1.1660668849945068 seconds
2019-01-08 17:46:12,219 - root - INFO - SUCCESS    Set wait all element display in 5 seconds, Spend 0.0009999275207519531 seconds
2019-01-08 17:46:12,351 - root - INFO - SUCCESS    Clear and type element: <name->LoginForm[username]> content: admin, Spend 0.13000750541687012 seconds
2019-01-08 17:46:12,433 - root - INFO - SUCCESS    Clear and type element: <name->LoginForm[password]> content: admin, Spend 0.08100461959838867 seconds
2019-01-08 17:46:12,435 - root - INFO - SUCCESS    Set wait all element display in 3 seconds, Spend 0.0009999275207519531 seconds
2019-01-08 17:46:12,507 - root - INFO - SUCCESS    Clicked element: <id->login_btn>, Spend 0.07300424575805664 seconds
2019-01-08 17:46:12,510 - root - INFO - SUCCESS    Set wait all element display in 20 seconds, Spend 0.0019998550415039062 seconds
2019-01-08 17:46:23,019 - root - INFO - SUCCESS    Get the current window screenshot,path: E:\python_excercise\JUST\JustCC\report\image\login\login.png, Spend 0.5090291500091553 seconds
2019-01-08 17:46:25,035 - root - INFO - SUCCESS    Get current window title, Spend 0.014000892639160156 seconds
2019-01-08 17:46:28,116 - root - INFO - SUCCESS    Closed all window and quit the driver, Spend 3.0811760425567627 seconds
2019-01-08 17:46:28,117 - root - INFO - ###############################  End  ###############################
2019-01-08 17:46:32,101 - root - INFO - 发送邮件成功
2019-01-08 17:51:12,466 - root - INFO - SUCCESS    Start a new browser: Chrome, Spend 4.839276552200317 seconds
2019-01-08 17:51:13,454 - root - INFO - SUCCESS    Navigated to http://192.168.9.248, Spend 0.9860565662384033 seconds
2019-01-08 17:51:13,458 - root - INFO - SUCCESS    Set wait all element display in 10 seconds, Spend 0.003000020980834961 seconds
2019-01-08 17:52:52,791 - root - INFO - SUCCESS    Start a new browser: Chrome, Spend 4.809275150299072 seconds
2019-01-08 17:52:53,930 - root - INFO - SUCCESS    Navigated to http://192.168.9.248, Spend 1.1380650997161865 seconds
2019-01-08 17:52:53,944 - root - INFO - SUCCESS    Set wait all element display in 10 seconds, Spend 0.012000799179077148 seconds
2019-01-08 17:52:57,274 - root - INFO - SUCCESS    Set browser window maximized, Spend 1.325075626373291 seconds
2019-01-08 17:52:57,275 - root - INFO - SUCCESS    Set wait all element display in 5 seconds, Spend 0.0009999275207519531 seconds
2019-01-08 17:52:57,371 - root - INFO - SUCCESS    Clear and type element: <name->LoginForm[username]> content: 1112, Spend 0.09600567817687988 seconds
2019-01-08 17:52:57,458 - root - INFO - SUCCESS    Clear and type element: <name->LoginForm[password]> content: Aa111111, Spend 0.08500480651855469 seconds
2019-01-08 17:52:57,459 - root - INFO - SUCCESS    Set wait all element display in 3 seconds, Spend 0.0010001659393310547 seconds
2019-01-08 17:52:57,531 - root - INFO - SUCCESS    Clicked element: <id->login_btn>, Spend 0.07200407981872559 seconds
2019-01-08 17:52:57,535 - root - INFO - SUCCESS    Set wait all element display in 20 seconds, Spend 0.002000093460083008 seconds
2019-01-08 17:53:08,129 - root - INFO - SUCCESS    Get the current window screenshot,path: E:\python_excercise\JUST\JustCC\report\image\login\login.png, Spend 0.593034029006958 seconds
2019-01-08 17:53:14,946 - root - INFO - SUCCESS    Start a new browser: Chrome, Spend 4.813275098800659 seconds
2019-01-08 17:53:16,766 - root - INFO - SUCCESS    Navigated to http://192.168.9.248/admin, Spend 1.8191039562225342 seconds
2019-01-08 17:53:16,775 - root - INFO - SUCCESS    Set wait all element display in 10 seconds, Spend 0.0060002803802490234 seconds
2019-01-08 17:53:17,899 - root - INFO - SUCCESS    Set browser window maximized, Spend 1.1220645904541016 seconds
2019-01-08 17:53:17,900 - root - INFO - SUCCESS    Set wait all element display in 5 seconds, Spend 0.0010001659393310547 seconds
2019-01-08 17:53:17,996 - root - INFO - SUCCESS    Clear and type element: <name->username> content: admin, Spend 0.09500527381896973 seconds
2019-01-08 17:53:18,131 - root - INFO - SUCCESS    Clear and type element: <name->password> content: justpass, Spend 0.13300752639770508 seconds
2019-01-08 17:53:18,132 - root - INFO - SUCCESS    Set wait all element display in 3 seconds, Spend 0.0009999275207519531 seconds
2019-01-08 17:53:18,480 - root - INFO - SUCCESS    Clicked element: <css->#loginform > div:nth-child(4) > button>, Spend 0.348020076751709 seconds
2019-01-08 17:53:20,485 - root - INFO - SUCCESS    Accept warning box, Spend 0.003000020980834961 seconds
2019-01-08 17:53:20,651 - root - INFO - ############################### START ###############################
2019-01-08 17:53:25,514 - root - INFO - SUCCESS    Start a new browser: Chrome, Spend 4.862277984619141 seconds
2019-01-08 17:53:26,553 - root - INFO - SUCCESS    Navigated to http://192.168.9.248, Spend 1.0390594005584717 seconds
2019-01-08 17:53:26,562 - root - INFO - SUCCESS    Set wait all element display in 10 seconds, Spend 0.00700068473815918 seconds
2019-01-08 17:53:29,688 - root - INFO - SUCCESS    Set browser window maximized, Spend 1.1250643730163574 seconds
2019-01-08 17:53:32,743 - root - INFO - SUCCESS    Set wait all element display in 5 seconds, Spend 0.0009999275207519531 seconds
2019-01-08 17:53:32,830 - root - INFO - SUCCESS    Clear and type element: <name->LoginForm[username]> content: admin, Spend 0.0870051383972168 seconds
2019-01-08 17:53:32,913 - root - INFO - SUCCESS    Clear and type element: <name->LoginForm[password]> content: admin, Spend 0.08200478553771973 seconds
2019-01-08 17:53:32,915 - root - INFO - SUCCESS    Set wait all element display in 3 seconds, Spend 0.0010001659393310547 seconds
2019-01-08 17:53:37,989 - root - INFO - SUCCESS    Clicked element: <id->login_btn>, Spend 5.075290203094482 seconds
2019-01-08 17:53:37,992 - root - INFO - SUCCESS    Set wait all element display in 20 seconds, Spend 0.0020003318786621094 seconds
2019-01-08 17:53:49,038 - root - INFO - SUCCESS    Get the current window screenshot,path: E:\python_excercise\JUST\JustCC\report\image\login\login.png, Spend 1.0440599918365479 seconds
2019-01-08 17:53:51,043 - root - INFO - SUCCESS    Get current window title, Spend 0.004000186920166016 seconds
2019-01-08 17:53:54,154 - root - INFO - SUCCESS    Closed all window and quit the driver, Spend 3.110178232192993 seconds
2019-01-08 17:53:54,155 - root - INFO - ###############################  End  ###############################
2019-01-08 17:53:58,069 - root - INFO - 发送邮件成功
2019-01-08 17:56:40,712 - root - INFO - SUCCESS    Start a new browser: Chrome, Spend 4.857277870178223 seconds
2019-01-08 17:56:41,559 - root - INFO - SUCCESS    Navigated to http://192.168.9.248, Spend 0.8450484275817871 seconds
2019-01-08 17:56:41,561 - root - INFO - SUCCESS    Set wait all element display in 10 seconds, Spend 0.0009999275207519531 seconds
2019-01-08 17:56:44,687 - root - INFO - SUCCESS    Set browser window maximized, Spend 1.1250643730163574 seconds
2019-01-08 17:56:44,692 - root - INFO - SUCCESS    Set wait all element display in 5 seconds, Spend 0.002000093460083008 seconds
2019-01-08 17:56:44,898 - root - INFO - SUCCESS    Clear and type element: <name->LoginForm[username]> content: 1112, Spend 0.20501160621643066 seconds
2019-01-08 17:56:45,231 - root - INFO - SUCCESS    Clear and type element: <name->LoginForm[password]> content: Aa111111, Spend 0.3320193290710449 seconds
2019-01-08 17:56:45,239 - root - INFO - SUCCESS    Set wait all element display in 3 seconds, Spend 0.004000186920166016 seconds
2019-01-08 17:56:45,384 - root - INFO - SUCCESS    Clicked element: <id->login_btn>, Spend 0.14900875091552734 seconds
2019-01-08 17:56:45,399 - root - INFO - SUCCESS    Set wait all element display in 20 seconds, Spend 0.0020003318786621094 seconds
2019-01-08 17:56:55,918 - root - INFO - SUCCESS    Get the current window screenshot,path: E:\python_excercise\JUST\JustCC\report\image\login\login.png, Spend 0.5150291919708252 seconds
2019-01-08 17:57:03,271 - root - INFO - SUCCESS    Start a new browser: Chrome, Spend 5.334305047988892 seconds
2019-01-08 17:57:06,807 - root - INFO - SUCCESS    Navigated to http://192.168.9.248/admin, Spend 3.5332021713256836 seconds
2019-01-08 17:57:06,823 - root - INFO - SUCCESS    Set wait all element display in 10 seconds, Spend 0.0060002803802490234 seconds
2019-01-08 17:57:07,968 - root - INFO - SUCCESS    Set browser window maximized, Spend 1.1390650272369385 seconds
2019-01-08 17:57:07,971 - root - INFO - SUCCESS    Set wait all element display in 5 seconds, Spend 0.0009999275207519531 seconds
2019-01-08 17:57:08,179 - root - INFO - SUCCESS    Clear and type element: <name->username> content: admin, Spend 0.20701193809509277 seconds
2019-01-08 17:57:08,436 - root - INFO - SUCCESS    Clear and type element: <name->password> content: justpass, Spend 0.25301432609558105 seconds
2019-01-08 17:57:08,442 - root - INFO - SUCCESS    Set wait all element display in 3 seconds, Spend 0.004000425338745117 seconds
2019-01-08 17:57:08,913 - root - INFO - SUCCESS    Clicked element: <css->#loginform > div:nth-child(4) > button>, Spend 0.47502732276916504 seconds
2019-01-08 17:57:10,921 - root - INFO - SUCCESS    Accept warning box, Spend 0.00500035285949707 seconds
2019-01-08 17:57:11,452 - root - INFO - ############################### START ###############################
2019-01-08 17:57:16,854 - root - INFO - SUCCESS    Start a new browser: Chrome, Spend 5.400308609008789 seconds
2019-01-08 17:57:17,921 - root - INFO - SUCCESS    Navigated to http://192.168.9.248, Spend 1.067061185836792 seconds
2019-01-08 17:57:17,942 - root - INFO - SUCCESS    Set wait all element display in 10 seconds, Spend 0.019001245498657227 seconds
2019-01-08 17:57:21,109 - root - INFO - SUCCESS    Set browser window maximized, Spend 1.1650667190551758 seconds
2019-01-08 17:57:24,216 - root - INFO - SUCCESS    Set wait all element display in 5 seconds, Spend 0.0 seconds
2019-01-08 17:57:24,323 - root - INFO - SUCCESS    Clear and type element: <name->LoginForm[username]> content: admin, Spend 0.10700631141662598 seconds
2019-01-08 17:57:24,403 - root - INFO - SUCCESS    Clear and type element: <name->LoginForm[password]> content: admin, Spend 0.07800436019897461 seconds
2019-01-08 17:57:24,404 - root - INFO - SUCCESS    Set wait all element display in 3 seconds, Spend 0.0009999275207519531 seconds
2019-01-08 17:57:24,476 - root - INFO - SUCCESS    Clicked element: <id->login_btn>, Spend 0.07300424575805664 seconds
2019-01-08 17:57:24,478 - root - INFO - SUCCESS    Set wait all element display in 20 seconds, Spend 0.0010001659393310547 seconds
2019-01-08 17:57:34,948 - root - INFO - SUCCESS    Get the current window screenshot,path: E:\python_excercise\JUST\JustCC\report\image\login\login.png, Spend 0.4670264720916748 seconds
2019-01-08 17:57:36,961 - root - INFO - SUCCESS    Get current window title, Spend 0.01300048828125 seconds
2019-01-08 17:57:40,017 - root - INFO - SUCCESS    Closed all window and quit the driver, Spend 3.0561749935150146 seconds
2019-01-08 17:57:40,018 - root - INFO - ###############################  End  ###############################
2019-01-08 17:57:43,882 - root - INFO - 发送邮件成功
2019-01-08 18:04:30,067 - root - INFO - SUCCESS    Start a new browser: Chrome, Spend 4.891279697418213 seconds
2019-01-08 18:04:30,722 - root - INFO - SUCCESS    Navigated to http://192.168.9.247, Spend 0.6530373096466064 seconds
2019-01-08 18:04:30,723 - root - INFO - SUCCESS    Set wait all element display in 10 seconds, Spend 0.0010001659393310547 seconds
2019-01-08 18:04:33,848 - root - INFO - SUCCESS    Set browser window maximized, Spend 1.1230642795562744 seconds
2019-01-08 18:04:33,850 - root - INFO - SUCCESS    Set wait all element display in 5 seconds, Spend 0.0009999275207519531 seconds
2019-01-08 18:04:33,957 - root - INFO - SUCCESS    Clear and type element: <name->LoginForm[username]> content: 1112, Spend 0.10500597953796387 seconds
2019-01-08 18:04:34,045 - root - INFO - SUCCESS    Clear and type element: <name->LoginForm[password]> content: Aa111111, Spend 0.0870051383972168 seconds
2019-01-08 18:04:34,049 - root - INFO - SUCCESS    Set wait all element display in 3 seconds, Spend 0.0020003318786621094 seconds
2019-01-08 18:04:34,135 - root - INFO - SUCCESS    Clicked element: <id->login_btn>, Spend 0.08800530433654785 seconds
2019-01-08 18:04:34,138 - root - INFO - SUCCESS    Set wait all element display in 20 seconds, Spend 0.002000093460083008 seconds
2019-01-08 18:04:44,547 - root - INFO - SUCCESS    Get the current window screenshot,path: E:\python_excercise\JUST\JustCC\report\image\login\login.png, Spend 0.4080233573913574 seconds
2019-01-08 18:04:51,440 - root - INFO - SUCCESS    Start a new browser: Chrome, Spend 4.888279438018799 seconds
2019-01-08 18:04:53,375 - root - INFO - SUCCESS    Navigated to http://192.168.9.247/admin, Spend 1.9341108798980713 seconds
2019-01-08 18:04:53,377 - root - INFO - SUCCESS    Set wait all element display in 10 seconds, Spend 0.0 seconds
2019-01-08 18:28:17,097 - root - INFO - SUCCESS    Start a new browser: Chrome, Spend 4.895279884338379 seconds
2019-01-08 18:28:19,189 - root - INFO - SUCCESS    Navigated to http://192.168.9.248, Spend 2.0911195278167725 seconds
2019-01-08 18:28:19,191 - root - INFO - SUCCESS    Set wait all element display in 10 seconds, Spend 0.0010001659393310547 seconds
2019-01-08 18:28:22,358 - root - INFO - SUCCESS    Set browser window maximized, Spend 1.1660666465759277 seconds
2019-01-08 18:28:22,368 - root - INFO - SUCCESS    Set wait all element display in 5 seconds, Spend 0.008000612258911133 seconds
2019-01-08 18:28:22,485 - root - INFO - SUCCESS    Clear and type element: <name->LoginForm[username]> content: 1112, Spend 0.10700607299804688 seconds
2019-01-08 18:28:22,581 - root - INFO - SUCCESS    Clear and type element: <name->LoginForm[password]> content: Aa111111, Spend 0.09200501441955566 seconds
2019-01-08 18:28:22,582 - root - INFO - SUCCESS    Set wait all element display in 3 seconds, Spend 0.0010001659393310547 seconds
2019-01-08 18:28:22,651 - root - INFO - SUCCESS    Clicked element: <id->login_btn>, Spend 0.07000422477722168 seconds
2019-01-08 18:28:22,654 - root - INFO - SUCCESS    Set wait all element display in 20 seconds, Spend 0.002000093460083008 seconds
2019-01-08 18:28:33,268 - root - INFO - SUCCESS    Get the current window screenshot,path: E:\python_excercise\JUST\JustCC\report\image\login\login.png, Spend 0.612034797668457 seconds
2019-01-08 18:28:40,677 - root - INFO - SUCCESS    Start a new browser: Chrome, Spend 5.404308795928955 seconds
2019-01-08 18:28:48,141 - root - INFO - SUCCESS    Navigated to http://192.168.9.248/admin, Spend 7.463426828384399 seconds
2019-01-08 18:28:48,144 - root - INFO - SUCCESS    Set wait all element display in 10 seconds, Spend 0.0010004043579101562 seconds
2019-01-08 18:28:49,259 - root - INFO - SUCCESS    Set browser window maximized, Spend 1.1140637397766113 seconds
2019-01-08 18:28:49,261 - root - INFO - SUCCESS    Set wait all element display in 5 seconds, Spend 0.002000093460083008 seconds
2019-01-08 18:28:49,362 - root - INFO - SUCCESS    Clear and type element: <name->username> content: admin, Spend 0.09900546073913574 seconds
2019-01-08 18:28:49,474 - root - INFO - SUCCESS    Clear and type element: <name->password> content: justpass, Spend 0.11100625991821289 seconds
2019-01-08 18:28:49,475 - root - INFO - SUCCESS    Set wait all element display in 3 seconds, Spend 0.0009999275207519531 seconds
2019-01-08 18:28:49,833 - root - INFO - SUCCESS    Clicked element: <css->#loginform > div:nth-child(4) > button>, Spend 0.3590207099914551 seconds
2019-01-08 18:28:51,843 - root - INFO - SUCCESS    Accept warning box, Spend 0.010000467300415039 seconds
2019-01-08 18:28:52,074 - root - INFO - ############################### START ###############################
2019-01-08 18:28:59,587 - root - INFO - SUCCESS    Start a new browser: Chrome, Spend 7.51142954826355 seconds
2019-01-08 18:29:01,963 - root - INFO - SUCCESS    Navigated to http://192.168.9.248, Spend 2.37613582611084 seconds
2019-01-08 18:29:01,965 - root - INFO - SUCCESS    Set wait all element display in 10 seconds, Spend 0.0009999275207519531 seconds
2019-01-08 18:29:05,330 - root - INFO - SUCCESS    Set browser window maximized, Spend 1.3650779724121094 seconds
2019-01-08 18:29:08,413 - root - INFO - SUCCESS    Set wait all element display in 5 seconds, Spend 0.0009999275207519531 seconds
2019-01-08 18:29:08,531 - root - INFO - SUCCESS    Clear and type element: <name->LoginForm[username]> content: admin, Spend 0.11700654029846191 seconds
2019-01-08 18:29:08,615 - root - INFO - SUCCESS    Clear and type element: <name->LoginForm[password]> content: admin, Spend 0.08400487899780273 seconds
2019-01-08 18:29:08,616 - root - INFO - SUCCESS    Set wait all element display in 3 seconds, Spend 0.0009999275207519531 seconds
2019-01-08 18:29:08,690 - root - INFO - SUCCESS    Clicked element: <id->login_btn>, Spend 0.07400393486022949 seconds
2019-01-08 18:29:08,693 - root - INFO - SUCCESS    Set wait all element display in 20 seconds, Spend 0.002000093460083008 seconds
2019-01-08 18:29:24,708 - root - INFO - FAIL    Unable to get the current window screenshot,path: E:\python_excercise\JUST\JustCC\report\image\login\login.png, Spend 6.013343811035156 seconds
2019-01-08 18:29:27,720 - root - INFO - SUCCESS    Closed all window and quit the driver, Spend 3.011172294616699 seconds
2019-01-08 18:29:27,721 - root - INFO - ###############################  End  ###############################
2019-01-08 18:29:32,133 - root - INFO - 发送邮件成功
