2019-01-11 09:01:42,886 - root - INFO - SUCCESS    Start a new browser: Chrome, Spend 4.806274652481079 seconds
2019-01-11 09:01:44,534 - root - INFO - SUCCESS    Navigated to http://192.168.9.246, Spend 1.647094488143921 seconds
2019-01-11 09:01:44,545 - root - INFO - SUCCESS    Set wait all element display in 10 seconds, Spend 0.009000301361083984 seconds
2019-01-11 09:01:47,671 - root - INFO - SUCCESS    Set browser window maximized, Spend 1.1210641860961914 seconds
2019-01-11 09:01:47,677 - root - INFO - SUCCESS    Set wait all element display in 5 seconds, Spend 0.003000020980834961 seconds
2019-01-11 09:01:47,778 - root - INFO - SUCCESS    Clear and type element: <name->LoginForm[username]> content: 1112, Spend 0.09900569915771484 seconds
2019-01-11 09:01:47,877 - root - INFO - SUCCESS    Clear and type element: <name->LoginForm[password]> content: Aa111111, Spend 0.09900546073913574 seconds
2019-01-11 09:01:47,879 - root - INFO - SUCCESS    Set wait all element display in 3 seconds, Spend 0.0009999275207519531 seconds
2019-01-11 09:01:47,948 - root - INFO - SUCCESS    Clicked element: <id->login_btn>, Spend 0.06900405883789062 seconds
2019-01-11 09:01:47,951 - root - INFO - SUCCESS    Set wait all element display in 20 seconds, Spend 0.002000093460083008 seconds
2019-01-11 09:01:58,348 - root - INFO - SUCCESS    Get the current window screenshot,path: E:\python_excercise\JUST\JustCC\report\image\login\login.png, Spend 0.3950226306915283 seconds
2019-01-11 09:02:05,133 - root - INFO - SUCCESS    Start a new browser: Chrome, Spend 4.7802734375 seconds
2019-01-11 09:02:08,727 - root - INFO - SUCCESS    Navigated to http://192.168.9.246/admin, Spend 3.592205286026001 seconds
2019-01-11 09:02:08,767 - root - INFO - SUCCESS    Set wait all element display in 10 seconds, Spend 0.039002180099487305 seconds
2019-01-11 09:02:10,028 - root - INFO - SUCCESS    Set browser window maximized, Spend 1.2270700931549072 seconds
2019-01-11 09:02:10,030 - root - INFO - SUCCESS    Set wait all element display in 5 seconds, Spend 0.0 seconds
2019-01-11 09:02:10,124 - root - INFO - SUCCESS    Clear and type element: <name->username> content: admin, Spend 0.09300541877746582 seconds
2019-01-11 09:02:10,219 - root - INFO - SUCCESS    Clear and type element: <name->password> content: justpass, Spend 0.09400534629821777 seconds
2019-01-11 09:02:10,221 - root - INFO - SUCCESS    Set wait all element display in 3 seconds, Spend 0.0 seconds
2019-01-11 09:02:10,809 - root - INFO - SUCCESS    Clicked element: <css->#loginform > div:nth-child(4) > button>, Spend 0.5880334377288818 seconds
2019-01-11 09:02:12,812 - root - INFO - SUCCESS    Accept warning box, Spend 0.002000093460083008 seconds
2019-01-11 09:02:12,924 - root - INFO - ############################### START ###############################
2019-01-11 09:02:17,707 - root - INFO - SUCCESS    Start a new browser: Chrome, Spend 4.782273530960083 seconds
2019-01-11 09:02:18,820 - root - INFO - SUCCESS    Navigated to http://192.168.9.246, Spend 1.1130638122558594 seconds
2019-01-11 09:02:18,826 - root - INFO - SUCCESS    Set wait all element display in 10 seconds, Spend 0.0060002803802490234 seconds
2019-01-11 09:02:21,947 - root - INFO - SUCCESS    Set browser window maximized, Spend 1.1210641860961914 seconds
2019-01-11 09:02:23,439 - root - INFO - SUCCESS    Set wait all element display in 10 seconds, Spend 0.012000799179077148 seconds
2019-01-11 09:02:26,486 - root - INFO - SUCCESS    Set wait all element display in 3 seconds, Spend 0.0009999275207519531 seconds
2019-01-11 09:02:26,590 - root - INFO - SUCCESS    Clicked element: <link_text->系统设置>, Spend 0.10500574111938477 seconds
2019-01-11 09:02:26,592 - root - INFO - SUCCESS    Set wait all element display in 1 seconds, Spend 0.0010001659393310547 seconds
2019-01-11 09:02:26,594 - root - INFO - SUCCESS    Set wait all element display in 3 seconds, Spend 0.0010004043579101562 seconds
2019-01-11 09:02:26,761 - root - INFO - SUCCESS    Clicked element: <link_text->字段设置>, Spend 0.16600966453552246 seconds
2019-01-11 09:02:26,763 - root - INFO - SUCCESS    Set wait all element display in 1 seconds, Spend 0.0009999275207519531 seconds
2019-01-11 09:02:26,765 - root - INFO - SUCCESS    Set wait all element display in 3 seconds, Spend 0.0010004043579101562 seconds
2019-01-11 09:02:27,250 - root - INFO - SUCCESS    Clicked element: <link_text->工单字段>, Spend 0.4870281219482422 seconds
2019-01-11 09:02:27,253 - root - INFO - SUCCESS    Set wait all element display in 1 seconds, Spend 0.002000093460083008 seconds
2019-01-11 09:02:27,300 - root - INFO - SUCCESS    Switch to frame element: <id->iframe_standard_system_field_index_ticket>, Spend 0.04600262641906738 seconds
2019-01-11 09:02:27,302 - root - INFO - SUCCESS    Set wait all element display in 3 seconds, Spend 0.0 seconds
2019-01-11 09:02:27,593 - root - INFO - SUCCESS    Clicked element: <css->body > div > div > div > div.sub_left_menu > ul > li:nth-child(2) > a>, Spend 0.2910168170928955 seconds
2019-01-11 09:02:27,594 - root - INFO - SUCCESS    Set wait all element display in 1 seconds, Spend 0.0010001659393310547 seconds
2019-01-11 09:02:27,595 - root - INFO - SUCCESS    Set wait all element display in 3 seconds, Spend 0.0009999275207519531 seconds
2019-01-11 09:02:27,967 - root - INFO - SUCCESS    Clicked element: <xpath->//*[@id="ticket-type-add"]>, Spend 0.37302112579345703 seconds
2019-01-11 09:02:27,969 - root - INFO - SUCCESS    Switch to frame out, Spend 0.002000093460083008 seconds
2019-01-11 09:02:28,017 - root - INFO - SUCCESS    Switch to frame element: <id->create-ticket-type>, Spend 0.047002553939819336 seconds
2019-01-11 09:02:28,018 - root - INFO - SUCCESS    Set wait all element display in 5 seconds, Spend 0.0 seconds
2019-01-11 09:02:28,079 - root - INFO - SUCCESS    Typed element: <xpath->//*[@id="tickettype-type_name"]> content: 请假, Spend 0.06000351905822754 seconds
2019-01-11 09:02:28,080 - root - INFO - SUCCESS    Set wait all element display in 3 seconds, Spend 0.0 seconds
2019-01-11 09:02:28,228 - root - INFO - SUCCESS    Clicked element: <xpath->//*[@id="ticket-type-form"]/div[3]/div/button>, Spend 0.1480085849761963 seconds
2019-01-11 09:02:28,231 - root - INFO - SUCCESS    Switch to frame out, Spend 0.002000093460083008 seconds
2019-01-11 09:02:28,265 - root - INFO - SUCCESS    Switch to frame element: <id->iframe_standard_system_field_index_ticket>, Spend 0.03200173377990723 seconds
2019-01-11 09:02:28,266 - root - INFO - SUCCESS    Set wait all element display in 2 seconds, Spend 0.0009999275207519531 seconds
2019-01-11 09:02:29,611 - root - INFO - SUCCESS    Get the current window screenshot,path: E:\python_excercise\JUST\JustCC\report\image\ticket\add_ticket_type.png, Spend 0.32701849937438965 seconds
2019-01-11 09:02:32,770 - root - INFO - SUCCESS    Closed all window and quit the driver, Spend 3.1591808795928955 seconds
2019-01-11 09:02:32,771 - root - INFO - ###############################  End  ###############################
2019-01-11 09:02:32,772 - root - INFO - ############################### START ###############################
2019-01-11 09:02:37,977 - root - INFO - SUCCESS    Start a new browser: Chrome, Spend 5.204297780990601 seconds
2019-01-11 09:02:39,001 - root - INFO - SUCCESS    Navigated to http://192.168.9.246, Spend 1.0230586528778076 seconds
2019-01-11 09:02:39,013 - root - INFO - SUCCESS    Set wait all element display in 10 seconds, Spend 0.011000633239746094 seconds
2019-01-11 09:02:42,147 - root - INFO - SUCCESS    Set browser window maximized, Spend 1.1330647468566895 seconds
2019-01-11 09:02:44,417 - root - INFO - SUCCESS    Set wait all element display in 10 seconds, Spend 0.0010001659393310547 seconds
2019-01-11 09:02:44,419 - root - INFO - SUCCESS    Set wait all element display in 3 seconds, Spend 0.0010001659393310547 seconds
2019-01-11 09:02:44,520 - root - INFO - SUCCESS    Clicked element: <link_text->工单管理>, Spend 0.10100579261779785 seconds
2019-01-11 09:02:44,521 - root - INFO - SUCCESS    Set wait all element display in 1 seconds, Spend 0.0009999275207519531 seconds
2019-01-11 09:02:44,522 - root - INFO - SUCCESS    Set wait all element display in 3 seconds, Spend 0.0010001659393310547 seconds
2019-01-11 09:02:44,897 - root - INFO - SUCCESS    Clicked element: <link_text->创建工单>, Spend 0.3760213851928711 seconds
2019-01-11 09:02:44,900 - root - INFO - SUCCESS    Set wait all element display in 1 seconds, Spend 0.0020003318786621094 seconds
2019-01-11 09:02:44,959 - root - INFO - SUCCESS    Switch to frame element: <id->iframe_ticket-create>, Spend 0.059003591537475586 seconds
2019-01-11 09:02:44,961 - root - INFO - SUCCESS    Set wait all element display in 3 seconds, Spend 0.0009999275207519531 seconds
2019-01-11 09:02:45,122 - root - INFO - SUCCESS    Clicked element: <xpath->//*[@id="create_ticket_main"]/table/tbody/tr/td/div/button/span[2]/span>, Spend 0.1630091667175293 seconds
2019-01-11 09:02:45,123 - root - INFO - SUCCESS    Set wait all element display in 1 seconds, Spend 0.0009999275207519531 seconds
2019-01-11 09:02:45,125 - root - INFO - SUCCESS    Set wait all element display in 3 seconds, Spend 0.0020003318786621094 seconds
2019-01-11 09:02:45,679 - root - INFO - SUCCESS    Clicked element: <xpath->//*[@id="create_ticket_main"]/table/tbody/tr/td/div/div/ul/li[2]/a>, Spend 0.5540318489074707 seconds
2019-01-11 09:02:45,681 - root - INFO - SUCCESS    Set wait all element display in 1 seconds, Spend 0.0009999275207519531 seconds
2019-01-11 09:02:45,682 - root - INFO - SUCCESS    Set wait all element display in 3 seconds, Spend 0.0010001659393310547 seconds
2019-01-11 09:02:45,789 - root - INFO - SUCCESS    Clicked element: <xpath->//*[@id="create_ticket_main"]/table/tbody/tr[11]/td/div/button>, Spend 0.10800623893737793 seconds
2019-01-11 09:02:45,790 - root - INFO - SUCCESS    Set wait all element display in 3 seconds, Spend 0.0009999275207519531 seconds
2019-01-11 09:02:45,889 - root - INFO - SUCCESS    Clicked element: <xpath->//*[@id="create_ticket_main"]/table/tbody/tr[11]/td/div/div/ul/li[2]/a>, Spend 0.1000056266784668 seconds
2019-01-11 09:02:45,890 - root - INFO - SUCCESS    Set wait all element display in 5 seconds, Spend 0.0009999275207519531 seconds
2019-01-11 09:02:45,969 - root - INFO - SUCCESS    Typed element: <xpath->//*[@id="ticketmain-title"]> content: 请假3天, Spend 0.07900452613830566 seconds
2019-01-11 09:02:45,970 - root - INFO - SUCCESS    Set wait all element display in 5 seconds, Spend 0.0009999275207519531 seconds
2019-01-11 09:02:46,041 - root - INFO - SUCCESS    Typed element: <xpath->//*[@id="ticketmain-content"]> content: 请假回家过年, Spend 0.07100391387939453 seconds
2019-01-11 09:02:46,042 - root - INFO - SUCCESS    Set wait all element display in 3 seconds, Spend 0.0009999275207519531 seconds
2019-01-11 09:02:46,174 - root - INFO - SUCCESS    Clicked element: <xpath->//*[@id="save_ticket_main"]>, Spend 0.13200736045837402 seconds
2019-01-11 09:02:46,175 - root - INFO - SUCCESS    Set wait all element display in 2 seconds, Spend 0.0 seconds
2019-01-11 09:02:47,537 - root - INFO - SUCCESS    Get the current window screenshot,path: E:\python_excercise\JUST\JustCC\report\image\ticket\add_ticket.png, Spend 0.34201955795288086 seconds
2019-01-11 09:02:50,585 - root - INFO - SUCCESS    Closed all window and quit the driver, Spend 3.0481743812561035 seconds
2019-01-11 09:02:50,586 - root - INFO - ###############################  End  ###############################
2019-01-11 09:02:54,575 - root - INFO - 发送邮件成功
2019-01-11 09:31:59,196 - root - INFO - SUCCESS    Start a new browser: Chrome, Spend 4.8422768115997314 seconds
2019-01-11 09:32:01,104 - root - INFO - SUCCESS    Navigated to http://192.168.9.247, Spend 1.9081089496612549 seconds
2019-01-11 09:32:01,110 - root - INFO - SUCCESS    Set wait all element display in 10 seconds, Spend 0.0030002593994140625 seconds
2019-01-11 09:32:04,229 - root - INFO - SUCCESS    Set browser window maximized, Spend 1.1180639266967773 seconds
2019-01-11 09:32:04,232 - root - INFO - SUCCESS    Set wait all element display in 5 seconds, Spend 0.0009999275207519531 seconds
2019-01-11 09:32:04,347 - root - INFO - SUCCESS    Clear and type element: <name->LoginForm[username]> content: 1112, Spend 0.11400651931762695 seconds
2019-01-11 09:32:04,434 - root - INFO - SUCCESS    Clear and type element: <name->LoginForm[password]> content: Aa111111, Spend 0.0870046615600586 seconds
2019-01-11 09:32:04,436 - root - INFO - SUCCESS    Set wait all element display in 3 seconds, Spend 0.0 seconds
2019-01-11 09:32:06,752 - root - INFO - SUCCESS    Clicked element: <id->login_btn>, Spend 2.3171324729919434 seconds
2019-01-11 09:32:06,760 - root - INFO - SUCCESS    Set wait all element display in 20 seconds, Spend 0.0009999275207519531 seconds
2019-01-11 09:32:17,404 - root - INFO - SUCCESS    Get the current window screenshot,path: E:\python_excercise\JUST\JustCC\report\image\login\login.png, Spend 0.6420371532440186 seconds
2019-01-11 09:32:24,209 - root - INFO - SUCCESS    Start a new browser: Chrome, Spend 4.799274444580078 seconds
2019-01-11 09:32:25,984 - root - INFO - SUCCESS    Navigated to http://192.168.9.247/admin, Spend 1.7741014957427979 seconds
2019-01-11 09:32:25,987 - root - INFO - SUCCESS    Set wait all element display in 10 seconds, Spend 0.0009999275207519531 seconds
2019-01-11 09:32:27,118 - root - INFO - SUCCESS    Set browser window maximized, Spend 1.1270642280578613 seconds
2019-01-11 09:32:27,120 - root - INFO - SUCCESS    Set wait all element display in 5 seconds, Spend 0.0 seconds
2019-01-11 09:32:27,216 - root - INFO - SUCCESS    Clear and type element: <name->username> content: admin, Spend 0.09500551223754883 seconds
2019-01-11 09:32:27,333 - root - INFO - SUCCESS    Clear and type element: <name->password> content: justpass, Spend 0.11600637435913086 seconds
2019-01-11 09:32:27,338 - root - INFO - SUCCESS    Set wait all element display in 3 seconds, Spend 0.002000093460083008 seconds
2019-01-11 09:32:28,392 - root - INFO - SUCCESS    Clicked element: <css->#loginform > div:nth-child(4) > button>, Spend 1.0570602416992188 seconds
2019-01-11 09:32:30,396 - root - INFO - SUCCESS    Accept warning box, Spend 0.002000093460083008 seconds
2019-01-11 09:32:30,577 - root - INFO - ############################### START ###############################
2019-01-11 09:32:35,409 - root - INFO - SUCCESS    Start a new browser: Chrome, Spend 4.832276344299316 seconds
2019-01-11 09:32:36,459 - root - INFO - SUCCESS    Navigated to http://192.168.9.247, Spend 1.0490601062774658 seconds
2019-01-11 09:32:36,461 - root - INFO - SUCCESS    Set wait all element display in 10 seconds, Spend 0.002000093460083008 seconds
2019-01-11 09:32:39,587 - root - INFO - SUCCESS    Set browser window maximized, Spend 1.1240642070770264 seconds
2019-01-11 09:32:39,914 - root - INFO - SUCCESS    Set wait all element display in 10 seconds, Spend 0.0009999275207519531 seconds
2019-01-11 09:32:43,031 - root - INFO - SUCCESS    Set wait all element display in 3 seconds, Spend 0.0009999275207519531 seconds
2019-01-11 09:32:51,101 - root - INFO - FAIL    Unable to click element: <link_text->系统设置>, Spend 8.07146143913269 seconds
2019-01-11 09:32:51,672 - root - INFO - SUCCESS    Get the current window screenshot,path: E:\python_excercise\JUST\JustCC\report\image\ticket\add_ticket_type, Spend 0.5710327625274658 seconds
2019-01-11 09:32:54,719 - root - INFO - SUCCESS    Closed all window and quit the driver, Spend 3.0461740493774414 seconds
2019-01-11 09:32:54,720 - root - INFO - ###############################  End  ###############################
2019-01-11 09:32:54,722 - root - INFO - ############################### START ###############################
2019-01-11 09:32:59,447 - root - INFO - SUCCESS    Start a new browser: Chrome, Spend 4.724270343780518 seconds
2019-01-11 09:33:00,232 - root - INFO - SUCCESS    Navigated to http://192.168.9.247, Spend 0.7840449810028076 seconds
2019-01-11 09:33:00,234 - root - INFO - SUCCESS    Set wait all element display in 10 seconds, Spend 0.0009999275207519531 seconds
2019-01-11 09:33:03,364 - root - INFO - SUCCESS    Set browser window maximized, Spend 1.1300647258758545 seconds
2019-01-11 09:33:03,700 - root - INFO - SUCCESS    Set wait all element display in 10 seconds, Spend 0.0009999275207519531 seconds
2019-01-11 09:33:03,701 - root - INFO - SUCCESS    Set wait all element display in 3 seconds, Spend 0.0 seconds
2019-01-11 09:33:11,782 - root - INFO - FAIL    Unable to click element: <link_text->工单管理>, Spend 8.081462383270264 seconds
2019-01-11 09:33:12,354 - root - INFO - SUCCESS    Get the current window screenshot,path: E:\python_excercise\JUST\JustCC\report\image\ticket\add_ticket, Spend 0.5720324516296387 seconds
2019-01-11 09:33:15,407 - root - INFO - SUCCESS    Closed all window and quit the driver, Spend 3.0531747341156006 seconds
2019-01-11 09:33:15,408 - root - INFO - ###############################  End  ###############################
2019-01-11 09:33:19,388 - root - INFO - 发送邮件成功
2019-01-11 09:36:46,351 - root - INFO - SUCCESS    Start a new browser: Chrome, Spend 4.747271537780762 seconds
2019-01-11 09:36:47,581 - root - INFO - SUCCESS    Navigated to http://192.168.9.247, Spend 1.2270703315734863 seconds
2019-01-11 09:36:47,640 - root - INFO - SUCCESS    Set wait all element display in 10 seconds, Spend 0.04500246047973633 seconds
2019-01-11 09:36:50,764 - root - INFO - SUCCESS    Set browser window maximized, Spend 1.1170637607574463 seconds
2019-01-11 09:36:50,768 - root - INFO - SUCCESS    Set wait all element display in 5 seconds, Spend 0.003000020980834961 seconds
2019-01-11 09:36:50,872 - root - INFO - SUCCESS    Clear and type element: <name->LoginForm[username]> content: 1112, Spend 0.10300612449645996 seconds
2019-01-11 09:36:50,960 - root - INFO - SUCCESS    Clear and type element: <name->LoginForm[password]> content: Aa111111, Spend 0.08600473403930664 seconds
2019-01-11 09:36:50,961 - root - INFO - SUCCESS    Set wait all element display in 3 seconds, Spend 0.0009999275207519531 seconds
2019-01-11 09:36:51,035 - root - INFO - SUCCESS    Clicked element: <id->login_btn>, Spend 0.07500410079956055 seconds
2019-01-11 09:36:51,039 - root - INFO - SUCCESS    Set wait all element display in 20 seconds, Spend 0.002000093460083008 seconds
2019-01-11 09:37:01,429 - root - INFO - SUCCESS    Get the current window screenshot,path: E:\python_excercise\JUST\JustCC\report\image\login\login.png, Spend 0.38802242279052734 seconds
2019-01-11 09:37:08,228 - root - INFO - SUCCESS    Start a new browser: Chrome, Spend 4.789273977279663 seconds
2019-01-11 09:37:10,877 - root - INFO - SUCCESS    Navigated to http://192.168.9.247/admin, Spend 2.6491518020629883 seconds
2019-01-11 09:37:10,879 - root - INFO - SUCCESS    Set wait all element display in 10 seconds, Spend 0.0 seconds
2019-01-11 09:37:12,004 - root - INFO - SUCCESS    Set browser window maximized, Spend 1.1240642070770264 seconds
2019-01-11 09:37:12,005 - root - INFO - SUCCESS    Set wait all element display in 5 seconds, Spend 0.0010001659393310547 seconds
2019-01-11 09:37:12,100 - root - INFO - SUCCESS    Clear and type element: <name->username> content: admin, Spend 0.09400534629821777 seconds
2019-01-11 09:37:12,211 - root - INFO - SUCCESS    Clear and type element: <name->password> content: justpass, Spend 0.11000633239746094 seconds
2019-01-11 09:37:12,212 - root - INFO - SUCCESS    Set wait all element display in 3 seconds, Spend 0.0010001659393310547 seconds
2019-01-11 09:37:12,620 - root - INFO - SUCCESS    Clicked element: <css->#loginform > div:nth-child(4) > button>, Spend 0.4080231189727783 seconds
2019-01-11 09:37:14,632 - root - INFO - SUCCESS    Accept warning box, Spend 0.0030002593994140625 seconds
2019-01-11 09:37:14,794 - root - INFO - ############################### START ###############################
2019-01-11 09:37:22,637 - root - INFO - SUCCESS    Start a new browser: Chrome, Spend 7.8414483070373535 seconds
2019-01-11 09:37:23,368 - root - INFO - SUCCESS    Navigated to http://192.168.9.247, Spend 0.7310419082641602 seconds
2019-01-11 09:37:23,371 - root - INFO - SUCCESS    Set wait all element display in 10 seconds, Spend 0.0020003318786621094 seconds
2019-01-11 09:37:26,503 - root - INFO - SUCCESS    Set browser window maximized, Spend 1.1300644874572754 seconds
2019-01-11 09:37:26,544 - root - INFO - SUCCESS    Set wait all element display in 5 seconds, Spend 0.0019998550415039062 seconds
2019-01-11 09:37:26,642 - root - INFO - SUCCESS    Clear and type element: <name->LoginForm[username]> content: admin, Spend 0.09700560569763184 seconds
2019-01-11 09:37:26,722 - root - INFO - SUCCESS    Clear and type element: <name->LoginForm[password]> content: admin, Spend 0.07800436019897461 seconds
2019-01-11 09:37:26,723 - root - INFO - SUCCESS    Set wait all element display in 3 seconds, Spend 0.0009999275207519531 seconds
2019-01-11 09:37:26,791 - root - INFO - SUCCESS    Clicked element: <id->login_btn>, Spend 0.06900405883789062 seconds
2019-01-11 09:37:26,793 - root - INFO - SUCCESS    Set wait all element display in 20 seconds, Spend 0.0009999275207519531 seconds
2019-01-11 09:37:37,194 - root - INFO - SUCCESS    Get the current window screenshot,path: E:\python_excercise\JUST\JustCC\report\image\login\login.png, Spend 0.39902281761169434 seconds
2019-01-11 09:37:39,198 - root - INFO - SUCCESS    Get current window title, Spend 0.004000425338745117 seconds
2019-01-11 09:37:42,252 - root - INFO - SUCCESS    Closed all window and quit the driver, Spend 3.0531747341156006 seconds
2019-01-11 09:37:42,253 - root - INFO - ###############################  End  ###############################
2019-01-11 09:37:42,253 - root - INFO - ############################### START ###############################
2019-01-11 09:37:47,009 - root - INFO - SUCCESS    Start a new browser: Chrome, Spend 4.755271911621094 seconds
2019-01-11 09:37:47,759 - root - INFO - SUCCESS    Navigated to http://192.168.9.247, Spend 0.7500429153442383 seconds
2019-01-11 09:37:47,761 - root - INFO - SUCCESS    Set wait all element display in 10 seconds, Spend 0.0 seconds
2019-01-11 09:37:50,878 - root - INFO - SUCCESS    Set browser window maximized, Spend 1.1170639991760254 seconds
2019-01-11 09:37:51,582 - root - INFO - SUCCESS    Set wait all element display in 10 seconds, Spend 0.0009999275207519531 seconds
2019-01-11 09:37:51,587 - root - INFO - SUCCESS    Set wait all element display in 3 seconds, Spend 0.004000186920166016 seconds
2019-01-11 09:37:59,622 - root - INFO - FAIL    Unable to click element: <link_text->组织机构>, Spend 8.03846001625061 seconds
2019-01-11 09:38:02,674 - root - INFO - SUCCESS    Closed all window and quit the driver, Spend 3.0521745681762695 seconds
2019-01-11 09:38:02,675 - root - INFO - ###############################  End  ###############################
2019-01-11 09:38:02,740 - root - INFO - ############################### START ###############################
2019-01-11 09:38:07,577 - root - INFO - SUCCESS    Start a new browser: Chrome, Spend 4.8362767696380615 seconds
2019-01-11 09:38:08,858 - root - INFO - SUCCESS    Navigated to http://192.168.9.247, Spend 1.2810735702514648 seconds
2019-01-11 09:38:08,863 - root - INFO - SUCCESS    Set wait all element display in 10 seconds, Spend 0.005000114440917969 seconds
2019-01-11 09:38:11,998 - root - INFO - SUCCESS    Set browser window maximized, Spend 1.1350648403167725 seconds
2019-01-11 09:38:12,451 - root - INFO - SUCCESS    Set wait all element display in 10 seconds, Spend 0.0010001659393310547 seconds
2019-01-11 09:38:12,452 - root - INFO - SUCCESS    Set wait all element display in 3 seconds, Spend 0.0009999275207519531 seconds
2019-01-11 09:38:20,486 - root - INFO - FAIL    Unable to click element: <link_text->组织机构>, Spend 8.034459352493286 seconds
2019-01-11 09:38:23,527 - root - INFO - SUCCESS    Closed all window and quit the driver, Spend 3.0411739349365234 seconds
2019-01-11 09:38:23,528 - root - INFO - ###############################  End  ###############################
2019-01-11 09:38:23,529 - root - INFO - ############################### START ###############################
2019-01-11 09:38:28,342 - root - INFO - SUCCESS    Start a new browser: Chrome, Spend 4.812275171279907 seconds
2019-01-11 09:38:29,376 - root - INFO - SUCCESS    Navigated to http://192.168.9.247, Spend 1.0330591201782227 seconds
2019-01-11 09:38:29,378 - root - INFO - SUCCESS    Set wait all element display in 10 seconds, Spend 0.0010001659393310547 seconds
2019-01-11 09:38:32,503 - root - INFO - SUCCESS    Set browser window maximized, Spend 1.1230642795562744 seconds
2019-01-11 09:38:32,954 - root - INFO - SUCCESS    Set wait all element display in 10 seconds, Spend 0.0010001659393310547 seconds
2019-01-11 09:38:32,962 - root - INFO - SUCCESS    Set wait all element display in 3 seconds, Spend 0.0010001659393310547 seconds
2019-01-11 09:38:38,688 - root - INFO - FAIL    Unable to click element: <link_text->组织机构>, Spend 5.728327989578247 seconds
2019-01-11 09:38:41,746 - root - INFO - SUCCESS    Closed all window and quit the driver, Spend 3.0581746101379395 seconds
2019-01-11 09:38:41,747 - root - INFO - ###############################  End  ###############################
2019-01-11 09:38:41,765 - root - INFO - ############################### START ###############################
2019-01-11 09:38:46,549 - root - INFO - SUCCESS    Start a new browser: Chrome, Spend 4.782273530960083 seconds
2019-01-11 09:38:47,219 - root - INFO - SUCCESS    Navigated to http://192.168.9.247, Spend 0.6690382957458496 seconds
2019-01-11 09:38:47,229 - root - INFO - SUCCESS    Set wait all element display in 10 seconds, Spend 0.008000373840332031 seconds
2019-01-11 09:38:50,410 - root - INFO - SUCCESS    Set browser window maximized, Spend 1.1790673732757568 seconds
2019-01-11 09:38:50,747 - root - INFO - SUCCESS    Set wait all element display in 10 seconds, Spend 0.00500035285949707 seconds
2019-01-11 09:38:50,750 - root - INFO - SUCCESS    Set wait all element display in 3 seconds, Spend 0.0010001659393310547 seconds
2019-01-11 09:38:57,952 - root - INFO - FAIL    Unable to click element: <link_text->组织机构>, Spend 7.20441198348999 seconds
2019-01-11 09:39:01,010 - root - INFO - SUCCESS    Closed all window and quit the driver, Spend 3.0571746826171875 seconds
2019-01-11 09:39:01,011 - root - INFO - ###############################  End  ###############################
2019-01-11 09:39:01,012 - root - INFO - ############################### START ###############################
2019-01-11 09:39:05,839 - root - INFO - SUCCESS    Start a new browser: Chrome, Spend 4.826276063919067 seconds
2019-01-11 09:39:07,995 - root - INFO - SUCCESS    Navigated to http://192.168.9.247, Spend 2.155123233795166 seconds
2019-01-11 09:39:08,008 - root - INFO - SUCCESS    Set wait all element display in 10 seconds, Spend 0.012000560760498047 seconds
2019-01-11 09:39:11,139 - root - INFO - SUCCESS    Set browser window maximized, Spend 1.1290647983551025 seconds
2019-01-11 09:39:11,494 - root - INFO - SUCCESS    Set wait all element display in 10 seconds, Spend 0.0009999275207519531 seconds
2019-01-11 09:39:11,500 - root - INFO - SUCCESS    Set wait all element display in 5 seconds, Spend 0.0030002593994140625 seconds
2019-01-11 09:39:13,872 - root - INFO - FAIL    Unable to type element: <xpath->//*[@id="top_search"]> content: 13421344506, Spend 2.37613582611084 seconds
2019-01-11 09:39:16,884 - root - INFO - SUCCESS    Closed all window and quit the driver, Spend 3.0121724605560303 seconds
2019-01-11 09:39:16,885 - root - INFO - ###############################  End  ###############################
2019-01-11 09:39:16,926 - root - INFO - ############################### START ###############################
2019-01-11 09:39:21,775 - root - INFO - SUCCESS    Start a new browser: Chrome, Spend 4.849277019500732 seconds
2019-01-11 09:39:22,872 - root - INFO - SUCCESS    Navigated to http://192.168.9.247, Spend 1.0950627326965332 seconds
2019-01-11 09:39:22,884 - root - INFO - SUCCESS    Set wait all element display in 10 seconds, Spend 0.011000394821166992 seconds
2019-01-11 09:39:26,010 - root - INFO - SUCCESS    Set browser window maximized, Spend 1.1240642070770264 seconds
2019-01-11 09:39:26,343 - root - INFO - SUCCESS    Set wait all element display in 10 seconds, Spend 0.0010001659393310547 seconds
2019-01-11 09:39:26,347 - root - INFO - SUCCESS    Set wait all element display in 3 seconds, Spend 0.0030002593994140625 seconds
2019-01-11 09:39:34,432 - root - INFO - FAIL    Unable to click element: <link_text->客户管理>, Spend 8.089462757110596 seconds
2019-01-11 09:39:37,543 - root - INFO - SUCCESS    Closed all window and quit the driver, Spend 3.111178159713745 seconds
2019-01-11 09:39:37,544 - root - INFO - ###############################  End  ###############################
2019-01-11 09:39:37,562 - root - INFO - ############################### START ###############################
2019-01-11 09:39:42,293 - root - INFO - SUCCESS    Start a new browser: Chrome, Spend 4.7302703857421875 seconds
2019-01-11 09:39:43,049 - root - INFO - SUCCESS    Navigated to http://192.168.9.247, Spend 0.7540431022644043 seconds
2019-01-11 09:39:43,051 - root - INFO - SUCCESS    Set wait all element display in 10 seconds, Spend 0.0020003318786621094 seconds
2019-01-11 09:39:46,174 - root - INFO - SUCCESS    Set browser window maximized, Spend 1.1210641860961914 seconds
2019-01-11 09:39:46,497 - root - INFO - SUCCESS    Set wait all element display in 10 seconds, Spend 0.0010004043579101562 seconds
2019-01-11 09:39:46,498 - root - INFO - SUCCESS    Set wait all element display in 3 seconds, Spend 0.0009999275207519531 seconds
2019-01-11 09:39:54,564 - root - INFO - FAIL    Unable to click element: <link_text->系统设置>, Spend 8.067461252212524 seconds
2019-01-11 09:39:55,152 - root - INFO - SUCCESS    Get the current window screenshot,path: E:\python_excercise\JUST\JustCC\report\image\ticket\add_ticket_type, Spend 0.5870335102081299 seconds
2019-01-11 09:39:58,209 - root - INFO - SUCCESS    Closed all window and quit the driver, Spend 3.0571751594543457 seconds
2019-01-11 09:39:58,210 - root - INFO - ###############################  End  ###############################
2019-01-11 09:39:58,211 - root - INFO - ############################### START ###############################
2019-01-11 09:40:02,964 - root - INFO - SUCCESS    Start a new browser: Chrome, Spend 4.751271963119507 seconds
2019-01-11 09:40:03,344 - root - INFO - SUCCESS    Navigated to http://192.168.9.247, Spend 0.3800215721130371 seconds
2019-01-11 09:40:03,346 - root - INFO - SUCCESS    Set wait all element display in 10 seconds, Spend 0.0010001659393310547 seconds
2019-01-11 09:40:06,470 - root - INFO - SUCCESS    Set browser window maximized, Spend 1.1230642795562744 seconds
2019-01-11 09:40:06,762 - root - INFO - SUCCESS    Set wait all element display in 10 seconds, Spend 0.0010004043579101562 seconds
2019-01-11 09:40:06,767 - root - INFO - SUCCESS    Set wait all element display in 3 seconds, Spend 0.0030002593994140625 seconds
2019-01-11 09:40:14,854 - root - INFO - FAIL    Unable to click element: <link_text->工单管理>, Spend 8.09246301651001 seconds
2019-01-11 09:40:15,454 - root - INFO - SUCCESS    Get the current window screenshot,path: E:\python_excercise\JUST\JustCC\report\image\ticket\add_ticket, Spend 0.5990340709686279 seconds
2019-01-11 09:40:18,505 - root - INFO - SUCCESS    Closed all window and quit the driver, Spend 3.0501742362976074 seconds
2019-01-11 09:40:18,506 - root - INFO - ###############################  End  ###############################
2019-01-11 09:40:18,506 - root - INFO - ############################### START ###############################
2019-01-11 09:40:23,238 - root - INFO - SUCCESS    Start a new browser: Chrome, Spend 4.731270790100098 seconds
2019-01-11 09:40:25,965 - root - INFO - SUCCESS    Navigated to http://192.168.9.247/admin, Spend 2.726155996322632 seconds
2019-01-11 09:40:25,966 - root - INFO - SUCCESS    Set wait all element display in 10 seconds, Spend 0.0009999275207519531 seconds
2019-01-11 09:40:29,089 - root - INFO - SUCCESS    Set browser window maximized, Spend 1.1220641136169434 seconds
2019-01-11 09:40:29,592 - root - INFO - SUCCESS    Set wait all element display in 10 seconds, Spend 0.0009999275207519531 seconds
2019-01-11 09:40:29,595 - root - INFO - SUCCESS    Accept warning box, Spend 0.002000093460083008 seconds
2019-01-11 09:40:29,605 - root - INFO - SUCCESS    Set wait all element display in 3 seconds, Spend 0.004000186920166016 seconds
2019-01-11 09:40:30,288 - root - INFO - SUCCESS    Clicked element: <xpath->//*[@id="fpbx-menu-collapse"]/ul/li[4]/a>, Spend 0.6880395412445068 seconds
2019-01-11 09:40:31,289 - root - INFO - SUCCESS    Set wait all element display in 3 seconds, Spend 0.0 seconds
2019-01-11 09:40:31,921 - root - INFO - SUCCESS    Clicked element: <xpath->//*[@id="fpbx-menu-collapse"]/ul/li[4]/ul/li[3]/a>, Spend 0.6320364475250244 seconds
2019-01-11 09:40:32,923 - root - INFO - SUCCESS    Set wait all element display in 3 seconds, Spend 0.0 seconds
2019-01-11 09:40:33,533 - root - INFO - SUCCESS    Clicked element: <xpath->//*[@id="toolbar-all"]/div[1]/a/div>, Spend 0.6110348701477051 seconds
2019-01-11 09:40:33,537 - root - INFO - SUCCESS    Set wait all element display in 5 seconds, Spend 0.004000425338745117 seconds
2019-01-11 09:40:33,687 - root - INFO - SUCCESS    Typed element: <xpath->//*[@id="trunk_name"]> content: trunk1, Spend 0.15300893783569336 seconds
2019-01-11 09:40:33,690 - root - INFO - SUCCESS    Set wait all element display in 5 seconds, Spend 0.0009999275207519531 seconds
2019-01-11 09:40:33,792 - root - INFO - SUCCESS    Typed element: <xpath->//*[@id="zone"]> content: 0755, Spend 0.10300612449645996 seconds
2019-01-11 09:40:33,793 - root - INFO - SUCCESS    Set wait all element display in 5 seconds, Spend 0.0009999275207519531 seconds
2019-01-11 09:40:33,876 - root - INFO - SUCCESS    Typed element: <xpath->//*[@id="phonest"]> content: 55559248, Spend 0.08300447463989258 seconds
2019-01-11 09:40:33,877 - root - INFO - SUCCESS    Set wait all element display in 3 seconds, Spend 0.0010001659393310547 seconds
2019-01-11 09:40:33,921 - root - INFO - FAIL    Unable to click element: <xpath->//*[@id="outcid"]>, Spend 0.04400277137756348 seconds
2019-01-11 09:40:36,994 - root - INFO - SUCCESS    Closed all window and quit the driver, Spend 3.0721757411956787 seconds
2019-01-11 09:40:36,995 - root - INFO - ###############################  End  ###############################
2019-01-11 09:40:37,014 - root - INFO - ############################### START ###############################
2019-01-11 09:40:41,882 - root - INFO - SUCCESS    Start a new browser: Chrome, Spend 4.866278171539307 seconds
2019-01-11 09:40:43,204 - root - INFO - SUCCESS    Navigated to http://192.168.9.247/admin, Spend 1.322075605392456 seconds
2019-01-11 09:40:43,210 - root - INFO - SUCCESS    Set wait all element display in 10 seconds, Spend 0.005000114440917969 seconds
2019-01-11 09:40:46,338 - root - INFO - SUCCESS    Set browser window maximized, Spend 1.1280646324157715 seconds
2019-01-11 09:40:46,819 - root - INFO - SUCCESS    Set wait all element display in 10 seconds, Spend 0.0020003318786621094 seconds
2019-01-11 09:40:46,829 - root - INFO - SUCCESS    Accept warning box, Spend 0.008000373840332031 seconds
2019-01-11 09:40:46,835 - root - INFO - SUCCESS    Set wait all element display in 3 seconds, Spend 0.0010001659393310547 seconds
2019-01-11 09:40:47,109 - root - INFO - SUCCESS    Clicked element: <xpath->//*[@id="fpbx-menu-collapse"]/ul/li[3]/a>, Spend 0.2760157585144043 seconds
2019-01-11 09:40:48,110 - root - INFO - SUCCESS    Set wait all element display in 3 seconds, Spend 0.0 seconds
2019-01-11 09:40:48,782 - root - INFO - SUCCESS    Clicked element: <xpath->//*[@id="fpbx-menu-collapse"]/ul/li[3]/ul/li[3]/a>, Spend 0.6730382442474365 seconds
2019-01-11 09:40:48,785 - root - INFO - SUCCESS    Set wait all element display in 3 seconds, Spend 0.0009999275207519531 seconds
2019-01-11 09:40:49,601 - root - INFO - SUCCESS    Clicked element: <xpath->//*[@id="toolbar-pjsip"]/a[1]>, Spend 0.8170468807220459 seconds
2019-01-11 09:40:49,603 - root - INFO - SUCCESS    Set wait all element display in 5 seconds, Spend 0.002000093460083008 seconds
2019-01-11 09:40:49,697 - root - INFO - SUCCESS    Typed element: <xpath->//*[@id="extension"]> content: 1001, Spend 0.09500527381896973 seconds
2019-01-11 09:40:49,940 - root - INFO - SUCCESS    Clear and type element: <xpath->//*[@id="devinfo_secret"]> content: Aa111111, Spend 0.24201369285583496 seconds
2019-01-11 09:40:49,945 - root - INFO - SUCCESS    Set wait all element display in 3 seconds, Spend 0.004000186920166016 seconds
2019-01-11 09:40:50,603 - root - INFO - SUCCESS    Clicked element: <xpath->//*[@id="submit"]>, Spend 0.6620376110076904 seconds
2019-01-11 09:40:51,002 - root - INFO - SUCCESS    Get the current window screenshot,path: E:\python_excercise\JUST\JustCC\report\image\exten\addexten.png, Spend 0.39902257919311523 seconds
2019-01-11 09:40:56,055 - root - INFO - SUCCESS    Closed all window and quit the driver, Spend 3.0421738624572754 seconds
2019-01-11 09:40:56,056 - root - INFO - ###############################  End  ###############################
2019-01-11 09:40:56,056 - root - INFO - ############################### START ###############################
2019-01-11 09:41:00,838 - root - INFO - SUCCESS    Start a new browser: Chrome, Spend 4.782273530960083 seconds
2019-01-11 09:41:02,203 - root - INFO - SUCCESS    Navigated to http://192.168.9.247/admin, Spend 1.3650779724121094 seconds
2019-01-11 09:41:02,205 - root - INFO - SUCCESS    Set wait all element display in 10 seconds, Spend 0.0010001659393310547 seconds
2019-01-11 09:41:05,348 - root - INFO - SUCCESS    Set browser window maximized, Spend 1.1420652866363525 seconds
2019-01-11 09:41:05,823 - root - INFO - SUCCESS    Set wait all element display in 10 seconds, Spend 0.0 seconds
2019-01-11 09:41:05,833 - root - INFO - SUCCESS    Accept warning box, Spend 0.009000301361083984 seconds
2019-01-11 09:41:05,834 - root - INFO - SUCCESS    Set wait all element display in 3 seconds, Spend 0.0009999275207519531 seconds
2019-01-11 09:41:06,158 - root - INFO - SUCCESS    Clicked element: <xpath->//*[@id="fpbx-menu-collapse"]/ul/li[3]/a>, Spend 0.3240182399749756 seconds
2019-01-11 09:41:07,187 - root - INFO - SUCCESS    Set wait all element display in 3 seconds, Spend 0.021001338958740234 seconds
2019-01-11 09:41:08,147 - root - INFO - SUCCESS    Clicked element: <xpath->//*[@id="fpbx-menu-collapse"]/ul/li[3]/ul/li[3]/a>, Spend 0.9810564517974854 seconds
2019-01-11 09:41:10,705 - root - INFO - SUCCESS    Set wait all element display in 3 seconds, Spend 0.0 seconds
2019-01-11 09:41:10,794 - root - INFO - SUCCESS    Clicked element: <xpath->//*[@id="trunk"]>, Spend 0.0890049934387207 seconds
2019-01-11 09:41:10,795 - root - INFO - SUCCESS    Set wait all element display in 3 seconds, Spend 0.0009999275207519531 seconds
2019-01-11 09:41:18,818 - root - INFO - FAIL    Unable to click element: <xpath->//*[@id="trunk"]/option[2]>, Spend 8.02445912361145 seconds
2019-01-11 09:41:21,891 - root - INFO - SUCCESS    Closed all window and quit the driver, Spend 3.0731756687164307 seconds
2019-01-11 09:41:21,892 - root - INFO - ###############################  End  ###############################
2019-01-11 09:41:21,922 - root - INFO - ############################### START ###############################
2019-01-11 09:41:26,867 - root - INFO - SUCCESS    Start a new browser: Chrome, Spend 4.9442830085754395 seconds
2019-01-11 09:41:28,607 - root - INFO - SUCCESS    Navigated to http://192.168.9.247/admin, Spend 1.7390992641448975 seconds
2019-01-11 09:41:28,613 - root - INFO - SUCCESS    Set wait all element display in 10 seconds, Spend 0.005000591278076172 seconds
2019-01-11 09:41:31,743 - root - INFO - SUCCESS    Set browser window maximized, Spend 1.1280643939971924 seconds
2019-01-11 09:41:32,221 - root - INFO - SUCCESS    Set wait all element display in 10 seconds, Spend 0.0009999275207519531 seconds
2019-01-11 09:41:32,229 - root - INFO - SUCCESS    Accept warning box, Spend 0.008000373840332031 seconds
2019-01-11 09:41:32,232 - root - INFO - SUCCESS    Set wait all element display in 3 seconds, Spend 0.002000093460083008 seconds
2019-01-11 09:41:32,895 - root - INFO - SUCCESS    Clicked element: <xpath->//*[@id="fpbx-menu-collapse"]/ul/li[3]/a>, Spend 0.6660382747650146 seconds
2019-01-11 09:41:33,897 - root - INFO - SUCCESS    Set wait all element display in 3 seconds, Spend 0.0 seconds
2019-01-11 09:41:34,379 - root - INFO - SUCCESS    Clicked element: <xpath->//*[@id="fpbx-menu-collapse"]/ul/li[3]/ul/li[3]/a>, Spend 0.48302745819091797 seconds
2019-01-11 09:41:36,526 - root - INFO - SUCCESS    Accept warning box, Spend 0.0020003318786621094 seconds
2019-01-11 09:41:44,732 - root - INFO - SUCCESS    Closed all window and quit the driver, Spend 3.0811760425567627 seconds
2019-01-11 09:41:44,733 - root - INFO - ###############################  End  ###############################
2019-01-11 09:41:44,734 - root - INFO - ############################### START ###############################
2019-01-11 09:41:49,550 - root - INFO - SUCCESS    Start a new browser: Chrome, Spend 4.815275430679321 seconds
2019-01-11 09:41:51,439 - root - INFO - SUCCESS    Navigated to http://192.168.9.247/admin, Spend 1.8881080150604248 seconds
2019-01-11 09:41:51,443 - root - INFO - SUCCESS    Set wait all element display in 10 seconds, Spend 0.003000020980834961 seconds
2019-01-11 09:41:54,560 - root - INFO - SUCCESS    Set browser window maximized, Spend 1.1170637607574463 seconds
2019-01-11 09:41:54,982 - root - INFO - SUCCESS    Set wait all element display in 10 seconds, Spend 0.0010001659393310547 seconds
2019-01-11 09:41:54,987 - root - INFO - SUCCESS    Accept warning box, Spend 0.004000186920166016 seconds
2019-01-11 09:41:54,993 - root - INFO - SUCCESS    Set wait all element display in 3 seconds, Spend 0.0009999275207519531 seconds
2019-01-11 09:41:56,320 - root - INFO - SUCCESS    Clicked element: <xpath->//*[@id="fpbx-menu-collapse"]/ul/li[3]/a>, Spend 1.327075719833374 seconds
2019-01-11 09:41:57,321 - root - INFO - SUCCESS    Set wait all element display in 3 seconds, Spend 0.0 seconds
2019-01-11 09:41:57,987 - root - INFO - SUCCESS    Clicked element: <xpath->//*[@id="fpbx-menu-collapse"]/ul/li[3]/ul/li[10]/a>, Spend 0.6670382022857666 seconds
2019-01-11 09:41:59,989 - root - INFO - SUCCESS    Set wait all element display in 3 seconds, Spend 0.0 seconds
2019-01-11 09:42:00,483 - root - INFO - SUCCESS    Clicked element: <xpath->//*[@id="toolbar-all"]/a>, Spend 0.4950282573699951 seconds
2019-01-11 09:42:00,485 - root - INFO - SUCCESS    Set wait all element display in 5 seconds, Spend 0.0 seconds
2019-01-11 09:42:00,635 - root - INFO - SUCCESS    Typed element: <xpath->//*[@id="account"]> content: 901, Spend 0.1500086784362793 seconds
2019-01-11 09:42:00,636 - root - INFO - SUCCESS    Set wait all element display in 5 seconds, Spend 0.0010001659393310547 seconds
2019-01-11 09:42:00,743 - root - INFO - SUCCESS    Typed element: <xpath->//*[@id="name"]> content: 901, Spend 0.10800623893737793 seconds
2019-01-11 09:42:00,745 - root - INFO - SUCCESS    Set wait all element display in 3 seconds, Spend 0.0 seconds
2019-01-11 09:42:00,854 - root - INFO - SUCCESS    Clicked element: <xpath->//*[@id="goto0"]>, Spend 0.10900640487670898 seconds
2019-01-11 09:42:00,857 - root - INFO - SUCCESS    Set wait all element display in 3 seconds, Spend 0.002000093460083008 seconds
2019-01-11 09:42:01,326 - root - INFO - SUCCESS    Clicked element: <xpath->//*[@id="goto0"]/option[8]>, Spend 0.4710268974304199 seconds
2019-01-11 09:42:01,328 - root - INFO - SUCCESS    Set wait all element display in 3 seconds, Spend 0.002000093460083008 seconds
2019-01-11 09:42:01,407 - root - INFO - FAIL    Unable to click element: <xpath->//*[@id="submit"]>, Spend 0.08100485801696777 seconds
2019-01-11 09:42:04,469 - root - INFO - SUCCESS    Closed all window and quit the driver, Spend 3.0611751079559326 seconds
2019-01-11 09:42:04,470 - root - INFO - ###############################  End  ###############################
2019-01-11 09:42:04,484 - root - INFO - ############################### START ###############################
2019-01-11 09:42:09,238 - root - INFO - SUCCESS    Start a new browser: Chrome, Spend 4.754271984100342 seconds
2019-01-11 09:42:11,410 - root - INFO - SUCCESS    Navigated to http://192.168.9.247/admin, Spend 2.172124147415161 seconds
2019-01-11 09:42:11,413 - root - INFO - SUCCESS    Set wait all element display in 10 seconds, Spend 0.0019998550415039062 seconds
2019-01-11 09:42:14,678 - root - INFO - SUCCESS    Set browser window maximized, Spend 1.2640724182128906 seconds
2019-01-11 09:42:15,085 - root - INFO - SUCCESS    Set wait all element display in 10 seconds, Spend 0.0009999275207519531 seconds
2019-01-11 09:42:15,090 - root - INFO - SUCCESS    Accept warning box, Spend 0.0030002593994140625 seconds
2019-01-11 09:42:15,092 - root - INFO - SUCCESS    Set wait all element display in 3 seconds, Spend 0.0009999275207519531 seconds
2019-01-11 09:42:15,980 - root - INFO - SUCCESS    Clicked element: <xpath->//*[@id="fpbx-menu-collapse"]/ul/li[4]/a>, Spend 0.8900508880615234 seconds
2019-01-11 09:42:16,982 - root - INFO - SUCCESS    Set wait all element display in 3 seconds, Spend 0.0 seconds
2019-01-11 09:42:17,465 - root - INFO - SUCCESS    Clicked element: <xpath->//*[@id="fpbx-menu-collapse"]/ul/li[4]/ul/li[1]/a>, Spend 0.484027624130249 seconds
2019-01-11 09:42:17,467 - root - INFO - SUCCESS    Set wait all element display in 3 seconds, Spend 0.0010001659393310547 seconds
2019-01-11 09:42:17,891 - root - INFO - SUCCESS    Clicked element: <xpath->//*[@id="toolbar-all"]/a>, Spend 0.4240243434906006 seconds
2019-01-11 09:42:17,892 - root - INFO - SUCCESS    Set wait all element display in 5 seconds, Spend 0.0009999275207519531 seconds
2019-01-11 09:42:18,144 - root - INFO - SUCCESS    Typed element: <xpath->//*[@id="description"]> content: callinrule, Spend 0.25201416015625 seconds
2019-01-11 09:42:18,145 - root - INFO - SUCCESS    Set wait all element display in 3 seconds, Spend 0.0009999275207519531 seconds
2019-01-11 09:42:18,311 - root - INFO - SUCCESS    Clicked element: <xpath->//*[@id="didgeneral"]/div[2]/div[2]/div/div/div/div/div[2]/select>, Spend 0.1670091152191162 seconds
2019-01-11 09:42:18,313 - root - INFO - SUCCESS    Set wait all element display in 2 seconds, Spend 0.0010001659393310547 seconds
2019-01-11 09:42:18,316 - root - INFO - SUCCESS    Set wait all element display in 3 seconds, Spend 0.0009999275207519531 seconds
2019-01-11 09:42:26,375 - root - INFO - FAIL    Unable to click element: <xpath->//*[@id="didgeneral"]/div[2]/div[2]/div/div/div/div/div[2]/select/option[2]>, Spend 8.060461044311523 seconds
2019-01-11 09:42:29,412 - root - INFO - SUCCESS    Closed all window and quit the driver, Spend 3.0371735095977783 seconds
2019-01-11 09:42:29,413 - root - INFO - ###############################  End  ###############################
2019-01-11 09:42:29,432 - root - INFO - ############################### START ###############################
2019-01-11 09:42:34,462 - root - INFO - SUCCESS    Start a new browser: Chrome, Spend 5.030287504196167 seconds
2019-01-11 09:42:36,444 - root - INFO - SUCCESS    Navigated to http://192.168.9.247/admin, Spend 1.9821135997772217 seconds
2019-01-11 09:42:36,446 - root - INFO - SUCCESS    Set wait all element display in 10 seconds, Spend 0.002000093460083008 seconds
2019-01-11 09:42:39,573 - root - INFO - SUCCESS    Set browser window maximized, Spend 1.1240644454956055 seconds
2019-01-11 09:42:40,052 - root - INFO - SUCCESS    Set wait all element display in 10 seconds, Spend 0.0010001659393310547 seconds
2019-01-11 09:42:40,067 - root - INFO - SUCCESS    Accept warning box, Spend 0.013000726699829102 seconds
2019-01-11 09:42:40,071 - root - INFO - SUCCESS    Set wait all element display in 3 seconds, Spend 0.002000093460083008 seconds
2019-01-11 09:42:40,491 - root - INFO - SUCCESS    Clicked element: <xpath->//*[@id="fpbx-menu-collapse"]/ul/li[4]/a>, Spend 0.4220240116119385 seconds
2019-01-11 09:42:41,492 - root - INFO - SUCCESS    Set wait all element display in 3 seconds, Spend 0.0 seconds
2019-01-11 09:42:41,883 - root - INFO - SUCCESS    Clicked element: <xpath->//*[@id="fpbx-menu-collapse"]/ul/li[4]/ul/li[2]/a>, Spend 0.39202213287353516 seconds
2019-01-11 09:42:41,885 - root - INFO - SUCCESS    Set wait all element display in 3 seconds, Spend 0.0 seconds
2019-01-11 09:42:43,825 - root - INFO - SUCCESS    Clicked element: <xpath->//*[@id="toolbar-all"]/a[1]>, Spend 1.9411108493804932 seconds
2019-01-11 09:42:43,827 - root - INFO - SUCCESS    Set wait all element display in 5 seconds, Spend 0.0010001659393310547 seconds
2019-01-11 09:42:44,128 - root - INFO - SUCCESS    Typed element: <xpath->//*[@id="routename"]> content: calloutrule, Spend 0.3020174503326416 seconds
2019-01-11 09:42:44,130 - root - INFO - SUCCESS    Set wait all element display in 3 seconds, Spend 0.0010001659393310547 seconds
2019-01-11 09:42:52,189 - root - INFO - FAIL    Unable to click element: <xpath->//*[@id="trunkpri0"]>, Spend 8.061461210250854 seconds
2019-01-11 09:42:55,239 - root - INFO - SUCCESS    Closed all window and quit the driver, Spend 3.0491743087768555 seconds
2019-01-11 09:42:55,240 - root - INFO - ###############################  End  ###############################
2019-01-11 09:42:59,366 - root - INFO - 发送邮件成功
